[2026-02-04 00:10:12,461][root][INFO] - Lattice size: 7, Error rate: 0.01, Circuit Noise: True
[2026-02-04 00:10:13,766][root][INFO] - Start Training
[2026-02-04 00:10:14,120][root][INFO] - ==================
[2026-02-04 00:10:14,120][root][INFO] - Starting Epoch 0.
[2026-02-04 00:10:22,404][root][INFO] - Evaluating Model.
[2026-02-04 00:10:22,598][root][INFO] - {'loss': 2.776638176292181, 'accuracy': np.float32(0.068359375), 'accuracy_std': np.float32(0.011152912), 'confusion_matrix': <Figure size 3200x3200 with 1 Axes>, 'learning_rate': 0.0004263085903162874, 'epoch_duration': 8.283478260040283}
[2026-02-04 00:10:22,598][root][INFO] - Saving plots to C:\Users\icyeg\OneDrive\Desktop\Justin\end_time\outputs\2026-02-04\00-10-12
[2026-02-04 00:10:22,811][root][INFO] - ==================
[2026-02-04 00:10:22,811][root][INFO] - Starting Epoch 1.
[2026-02-04 00:10:25,741][root][INFO] - Evaluating Model.
[2026-02-04 00:10:25,882][root][INFO] - {'loss': 2.773760175332427, 'accuracy': np.float32(0.052734375), 'accuracy_std': np.float32(0.009877518), 'confusion_matrix': <Figure size 3200x3200 with 1 Axes>, 'learning_rate': 0.0005049459687966433, 'epoch_duration': 2.9298319816589355}
[2026-02-04 00:10:25,883][root][INFO] - Saving plots to C:\Users\icyeg\OneDrive\Desktop\Justin\end_time\outputs\2026-02-04\00-10-12
[2026-02-04 00:10:26,085][root][INFO] - ==================
[2026-02-04 00:10:26,086][root][INFO] - Starting Epoch 2.
[2026-02-04 00:10:29,016][root][INFO] - Evaluating Model.
[2026-02-04 00:10:29,142][root][INFO] - {'loss': 2.771921219304204, 'accuracy': np.float32(0.076171875), 'accuracy_std': np.float32(0.011723517), 'confusion_matrix': <Figure size 3200x3200 with 1 Axes>, 'learning_rate': 0.0006350501193685704, 'epoch_duration': 2.9301369190216064}
[2026-02-04 00:10:29,142][root][INFO] - Saving plots to C:\Users\icyeg\OneDrive\Desktop\Justin\end_time\outputs\2026-02-04\00-10-12
[2026-02-04 00:10:29,344][root][INFO] - ==================
[2026-02-04 00:10:29,346][root][INFO] - Starting Epoch 3.
[2026-02-04 00:10:32,408][root][INFO] - Evaluating Model.
[2026-02-04 00:10:32,541][root][INFO] - {'loss': 2.7715027406811714, 'accuracy': np.float32(0.078125), 'accuracy_std': np.float32(0.01186031), 'confusion_matrix': <Figure size 3200x3200 with 1 Axes>, 'learning_rate': 0.0008151948517004671, 'epoch_duration': 3.0625929832458496}
[2026-02-04 00:10:32,543][root][INFO] - Saving plots to C:\Users\icyeg\OneDrive\Desktop\Justin\end_time\outputs\2026-02-04\00-10-12
[2026-02-04 00:10:32,754][root][INFO] - ==================
[2026-02-04 00:10:32,754][root][INFO] - Starting Epoch 4.
[2026-02-04 00:10:35,779][root][INFO] - Evaluating Model.
[2026-02-04 00:10:36,075][root][INFO] - {'loss': 2.7714815996587276, 'accuracy': np.float32(0.0625), 'accuracy_std': np.float32(0.010697707), 'confusion_matrix': <Figure size 3200x3200 with 1 Axes>, 'learning_rate': 0.0010434054349754349, 'epoch_duration': 3.025292158126831}
[2026-02-04 00:10:36,075][root][INFO] - Saving plots to C:\Users\icyeg\OneDrive\Desktop\Justin\end_time\outputs\2026-02-04\00-10-12
[2026-02-04 00:10:36,281][root][INFO] - ==================
[2026-02-04 00:10:36,281][root][INFO] - Starting Epoch 5.
[2026-02-04 00:10:39,397][root][INFO] - Evaluating Model.
[2026-02-04 00:10:39,512][root][INFO] - {'loss': 2.772528549656272, 'accuracy': np.float32(0.064453125), 'accuracy_std': np.float32(0.01085225), 'confusion_matrix': <Figure size 3200x3200 with 1 Axes>, 'learning_rate': 0.001317180244717964, 'epoch_duration': 3.1159021854400635}
[2026-02-04 00:10:39,512][root][INFO] - Saving plots to C:\Users\icyeg\OneDrive\Desktop\Justin\end_time\outputs\2026-02-04\00-10-12
[2026-02-04 00:10:39,712][root][INFO] - ==================
[2026-02-04 00:10:39,712][root][INFO] - Starting Epoch 6.
[2026-02-04 00:10:42,855][root][INFO] - Evaluating Model.
[2026-02-04 00:10:42,975][root][INFO] - {'loss': 2.772311909124255, 'accuracy': np.float32(0.064453125), 'accuracy_std': np.float32(0.01085225), 'confusion_matrix': <Figure size 3200x3200 with 1 Axes>, 'learning_rate': 0.001633518185382871, 'epoch_duration': 3.1432056427001953}
[2026-02-04 00:10:42,976][root][INFO] - Saving plots to C:\Users\icyeg\OneDrive\Desktop\Justin\end_time\outputs\2026-02-04\00-10-12
[2026-02-04 00:10:43,173][root][INFO] - ==================
[2026-02-04 00:10:43,173][root][INFO] - Starting Epoch 7.
[2026-02-04 00:10:46,235][root][INFO] - Evaluating Model.
[2026-02-04 00:10:46,350][root][INFO] - {'loss': 2.772222876548767, 'accuracy': np.float32(0.046875), 'accuracy_std': np.float32(0.00934137), 'confusion_matrix': <Figure size 3200x3200 with 1 Axes>, 'learning_rate': 0.0019889515881024687, 'epoch_duration': 3.060091257095337}
[2026-02-04 00:10:46,350][root][INFO] - Saving plots to C:\Users\icyeg\OneDrive\Desktop\Justin\end_time\outputs\2026-02-04\00-10-12
[2026-02-04 00:10:46,547][root][INFO] - ==================
[2026-02-04 00:10:46,547][root][INFO] - Starting Epoch 8.
[2026-02-04 00:10:49,541][root][INFO] - Evaluating Model.
[2026-02-04 00:10:49,657][root][INFO] - {'loss': 2.774219371378422, 'accuracy': np.float32(0.060546875), 'accuracy_std': np.float32(0.01054019), 'confusion_matrix': <Figure size 3200x3200 with 1 Axes>, 'learning_rate': 0.0023795842229697274, 'epoch_duration': 2.993548631668091}
[2026-02-04 00:10:49,657][root][INFO] - Saving plots to C:\Users\icyeg\OneDrive\Desktop\Justin\end_time\outputs\2026-02-04\00-10-12
[2026-02-04 00:10:50,080][root][INFO] - ==================
[2026-02-04 00:10:50,080][root][INFO] - Starting Epoch 9.
[2026-02-04 00:10:53,186][root][INFO] - Evaluating Model.
[2026-02-04 00:10:53,305][root][INFO] - {'loss': 2.7759657204151154, 'accuracy': np.float32(0.083984375), 'accuracy_std': np.float32(0.01225789), 'confusion_matrix': <Figure size 3200x3200 with 1 Axes>, 'learning_rate': 0.002801134009170106, 'epoch_duration': 3.1058509349823}
[2026-02-04 00:10:53,305][root][INFO] - Saving plots to C:\Users\icyeg\OneDrive\Desktop\Justin\end_time\outputs\2026-02-04\00-10-12
[2026-02-04 00:10:53,508][root][INFO] - ==================
[2026-02-04 00:10:53,508][root][INFO] - Starting Epoch 10.
[2026-02-04 00:10:56,454][root][INFO] - Evaluating Model.
[2026-02-04 00:10:56,587][root][INFO] - {'loss': 2.772755779325962, 'accuracy': np.float32(0.060546875), 'accuracy_std': np.float32(0.01054019), 'confusion_matrix': <Figure size 3200x3200 with 1 Axes>, 'learning_rate': 0.0032489799547773283, 'epoch_duration': 2.945765495300293}
[2026-02-04 00:10:56,587][root][INFO] - Saving plots to C:\Users\icyeg\OneDrive\Desktop\Justin\end_time\outputs\2026-02-04\00-10-12
[2026-02-04 00:10:56,804][root][INFO] - ==================
[2026-02-04 00:10:56,804][root][INFO] - Starting Epoch 11.
[2026-02-04 00:11:00,069][root][INFO] - Evaluating Model.
[2026-02-04 00:11:00,205][root][INFO] - {'loss': 2.7718070205301046, 'accuracy': np.float32(0.06640625), 'accuracy_std': np.float32(0.011003946), 'confusion_matrix': <Figure size 3200x3200 with 1 Axes>, 'learning_rate': 0.003718212811663145, 'epoch_duration': 3.2652978897094727}
[2026-02-04 00:11:00,205][root][INFO] - Saving plots to C:\Users\icyeg\OneDrive\Desktop\Justin\end_time\outputs\2026-02-04\00-10-12
[2026-02-04 00:11:00,417][root][INFO] - ==================
[2026-02-04 00:11:00,418][root][INFO] - Starting Epoch 12.
[2026-02-04 00:11:03,664][root][INFO] - Evaluating Model.
[2026-02-04 00:11:03,781][root][INFO] - {'loss': 2.7708459701389074, 'accuracy': np.float32(0.044921875), 'accuracy_std': np.float32(0.0091540525), 'confusion_matrix': <Figure size 3200x3200 with 1 Axes>, 'learning_rate': 0.004203688890246414, 'epoch_duration': 3.2463250160217285}
[2026-02-04 00:11:03,781][root][INFO] - Saving plots to C:\Users\icyeg\OneDrive\Desktop\Justin\end_time\outputs\2026-02-04\00-10-12
[2026-02-04 00:11:03,992][root][INFO] - ==================
[2026-02-04 00:11:03,993][root][INFO] - Starting Epoch 13.
[2026-02-04 00:11:07,080][root][INFO] - Evaluating Model.
[2026-02-04 00:11:07,197][root][INFO] - {'loss': 2.770771948620677, 'accuracy': np.float32(0.083984375), 'accuracy_std': np.float32(0.01225789), 'confusion_matrix': <Figure size 3200x3200 with 1 Axes>, 'learning_rate': 0.0047000864441688805, 'epoch_duration': 3.0866637229919434}
[2026-02-04 00:11:07,197][root][INFO] - Saving plots to C:\Users\icyeg\OneDrive\Desktop\Justin\end_time\outputs\2026-02-04\00-10-12
[2026-02-04 00:11:07,594][root][INFO] - ==================
[2026-02-04 00:11:07,594][root][INFO] - Starting Epoch 14.
[2026-02-04 00:11:10,716][root][INFO] - Evaluating Model.
[2026-02-04 00:11:10,836][root][INFO] - {'loss': 2.770144125446677, 'accuracy': np.float32(0.068359375), 'accuracy_std': np.float32(0.011152912), 'confusion_matrix': <Figure size 3200x3200 with 1 Axes>, 'learning_rate': 0.005201964006813814, 'epoch_duration': 3.121565580368042}
[2026-02-04 00:11:10,836][root][INFO] - Saving plots to C:\Users\icyeg\OneDrive\Desktop\Justin\end_time\outputs\2026-02-04\00-10-12
[2026-02-04 00:11:11,042][root][INFO] - ==================
[2026-02-04 00:11:11,042][root][INFO] - Starting Epoch 15.
[2026-02-04 00:11:14,146][root][INFO] - Evaluating Model.
[2026-02-04 00:11:14,262][root][INFO] - {'loss': 2.769688680768013, 'accuracy': np.float32(0.052734375), 'accuracy_std': np.float32(0.009877518), 'confusion_matrix': <Figure size 3200x3200 with 1 Axes>, 'learning_rate': 0.005703820040187645, 'epoch_duration': 3.103321075439453}
[2026-02-04 00:11:14,262][root][INFO] - Saving plots to C:\Users\icyeg\OneDrive\Desktop\Justin\end_time\outputs\2026-02-04\00-10-12
[2026-02-04 00:11:14,471][root][INFO] - ==================
[2026-02-04 00:11:14,471][root][INFO] - Starting Epoch 16.
[2026-02-04 00:11:17,354][root][INFO] - Evaluating Model.
[2026-02-04 00:11:17,471][root][INFO] - {'loss': 2.769884243607521, 'accuracy': np.float32(0.08203125), 'accuracy_std': np.float32(0.0121274255), 'confusion_matrix': <Figure size 3200x3200 with 1 Axes>, 'learning_rate': 0.006200153242298796, 'epoch_duration': 2.8826711177825928}
[2026-02-04 00:11:17,471][root][INFO] - Saving plots to C:\Users\icyeg\OneDrive\Desktop\Justin\end_time\outputs\2026-02-04\00-10-12
[2026-02-04 00:11:17,677][root][INFO] - ==================
[2026-02-04 00:11:17,677][root][INFO] - Starting Epoch 17.
[2026-02-04 00:11:20,642][root][INFO] - Evaluating Model.
[2026-02-04 00:11:20,759][root][INFO] - {'loss': 2.7686194237321615, 'accuracy': np.float32(0.044921875), 'accuracy_std': np.float32(0.0091540525), 'confusion_matrix': <Figure size 3200x3200 with 1 Axes>, 'learning_rate': 0.00668552285194947, 'epoch_duration': 2.964686870574951}
[2026-02-04 00:11:20,759][root][INFO] - Saving plots to C:\Users\icyeg\OneDrive\Desktop\Justin\end_time\outputs\2026-02-04\00-10-12
[2026-02-04 00:11:20,962][root][INFO] - ==================
[2026-02-04 00:11:20,962][root][INFO] - Starting Epoch 18.
[2026-02-04 00:11:23,937][root][INFO] - Evaluating Model.
[2026-02-04 00:11:24,054][root][INFO] - {'loss': 2.768864504992962, 'accuracy': np.float32(0.0703125), 'accuracy_std': np.float32(0.011299254), 'confusion_matrix': <Figure size 3200x3200 with 1 Axes>, 'learning_rate': 0.0071546082898845485, 'epoch_duration': 2.974729299545288}
[2026-02-04 00:11:24,056][root][INFO] - Saving plots to C:\Users\icyeg\OneDrive\Desktop\Justin\end_time\outputs\2026-02-04\00-10-12
[2026-02-04 00:11:24,463][root][INFO] - ==================
[2026-02-04 00:11:24,463][root][INFO] - Starting Epoch 19.
[2026-02-04 00:11:27,412][root][INFO] - Evaluating Model.
[2026-02-04 00:11:27,528][root][INFO] - {'loss': 2.7699913904070854, 'accuracy': np.float32(0.076171875), 'accuracy_std': np.float32(0.011723517), 'confusion_matrix': <Figure size 3200x3200 with 1 Axes>, 'learning_rate': 0.007602267482516547, 'epoch_duration': 2.9488489627838135}
[2026-02-04 00:11:27,528][root][INFO] - Saving plots to C:\Users\icyeg\OneDrive\Desktop\Justin\end_time\outputs\2026-02-04\00-10-12
[2026-02-04 00:11:27,734][root][INFO] - ==================
[2026-02-04 00:11:27,734][root][INFO] - Starting Epoch 20.
[2026-02-04 00:11:30,594][root][INFO] - Evaluating Model.
[2026-02-04 00:11:30,711][root][INFO] - {'loss': 2.769467009231448, 'accuracy': np.float32(0.0703125), 'accuracy_std': np.float32(0.011299254), 'confusion_matrix': <Figure size 3200x3200 with 1 Axes>, 'learning_rate': 0.008023593228887014, 'epoch_duration': 2.859893798828125}
[2026-02-04 00:11:30,712][root][INFO] - Saving plots to C:\Users\icyeg\OneDrive\Desktop\Justin\end_time\outputs\2026-02-04\00-10-12
[2026-02-04 00:11:30,922][root][INFO] - ==================
[2026-02-04 00:11:30,922][root][INFO] - Starting Epoch 21.
[2026-02-04 00:11:33,889][root][INFO] - Evaluating Model.
[2026-02-04 00:11:34,007][root][INFO] - {'loss': 2.769583471119404, 'accuracy': np.float32(0.05078125), 'accuracy_std': np.float32(0.009702862), 'confusion_matrix': <Figure size 3200x3200 with 1 Axes>, 'learning_rate': 0.008413966992974718, 'epoch_duration': 2.9667253494262695}
[2026-02-04 00:11:34,007][root][INFO] - Saving plots to C:\Users\icyeg\OneDrive\Desktop\Justin\end_time\outputs\2026-02-04\00-10-12
[2026-02-04 00:11:34,210][root][INFO] - ==================
[2026-02-04 00:11:34,210][root][INFO] - Starting Epoch 22.
[2026-02-04 00:11:37,159][root][INFO] - Evaluating Model.
[2026-02-04 00:11:37,276][root][INFO] - {'loss': 2.7691910471767187, 'accuracy': np.float32(0.07421875), 'accuracy_std': np.float32(0.011584466), 'confusion_matrix': <Figure size 3200x3200 with 1 Axes>, 'learning_rate': 0.008769109531683984, 'epoch_duration': 2.9487736225128174}
[2026-02-04 00:11:37,276][root][INFO] - Saving plots to C:\Users\icyeg\OneDrive\Desktop\Justin\end_time\outputs\2026-02-04\00-10-12
[2026-02-04 00:11:37,479][root][INFO] - ==================
[2026-02-04 00:11:37,479][root][INFO] - Starting Epoch 23.
[2026-02-04 00:11:40,457][root][INFO] - Evaluating Model.
[2026-02-04 00:11:40,768][root][INFO] - {'loss': 2.7696395218372345, 'accuracy': np.float32(0.08203125), 'accuracy_std': np.float32(0.0121274255), 'confusion_matrix': <Figure size 3200x3200 with 1 Axes>, 'learning_rate': 0.00908512780353365, 'epoch_duration': 2.977642297744751}
[2026-02-04 00:11:40,768][root][INFO] - Saving plots to C:\Users\icyeg\OneDrive\Desktop\Justin\end_time\outputs\2026-02-04\00-10-12
[2026-02-04 00:11:40,979][root][INFO] - ==================
[2026-02-04 00:11:40,979][root][INFO] - Starting Epoch 24.
[2026-02-04 00:11:44,507][root][INFO] - Evaluating Model.
[2026-02-04 00:11:44,625][root][INFO] - {'loss': 2.7695846017450094, 'accuracy': np.float32(0.05859375), 'accuracy_std': np.float32(0.010379566), 'confusion_matrix': <Figure size 3200x3200 with 1 Axes>, 'learning_rate': 0.009358557643837653, 'epoch_duration': 3.5277647972106934}
[2026-02-04 00:11:44,625][root][INFO] - Saving plots to C:\Users\icyeg\OneDrive\Desktop\Justin\end_time\outputs\2026-02-04\00-10-12
[2026-02-04 00:11:44,833][root][INFO] - ==================
[2026-02-04 00:11:44,833][root][INFO] - Starting Epoch 25.
[2026-02-04 00:11:47,861][root][INFO] - Evaluating Model.
[2026-02-04 00:11:47,984][root][INFO] - {'loss': 2.7715227864682674, 'accuracy': np.float32(0.056640625), 'accuracy_std': np.float32(0.0102156885), 'confusion_matrix': <Figure size 3200x3200 with 1 Axes>, 'learning_rate': 0.009586401738575659, 'epoch_duration': 3.027423858642578}
[2026-02-04 00:11:47,984][root][INFO] - Saving plots to C:\Users\icyeg\OneDrive\Desktop\Justin\end_time\outputs\2026-02-04\00-10-12
[2026-02-04 00:11:48,194][root][INFO] - ==================
[2026-02-04 00:11:48,194][root][INFO] - Starting Epoch 26.
[2026-02-04 00:11:51,316][root][INFO] - Evaluating Model.
[2026-02-04 00:11:51,451][root][INFO] - {'loss': 2.7698003873229027, 'accuracy': np.float32(0.064453125), 'accuracy_std': np.float32(0.01085225), 'confusion_matrix': <Figure size 3200x3200 with 1 Axes>, 'learning_rate': 0.009766162480687476, 'epoch_duration': 3.1220312118530273}
[2026-02-04 00:11:51,451][root][INFO] - Saving plots to C:\Users\icyeg\OneDrive\Desktop\Justin\end_time\outputs\2026-02-04\00-10-12
[2026-02-04 00:11:51,662][root][INFO] - ==================
[2026-02-04 00:11:51,662][root][INFO] - Starting Epoch 27.
[2026-02-04 00:11:54,755][root][INFO] - Evaluating Model.
[2026-02-04 00:11:54,870][root][INFO] - {'loss': 2.7698378302156925, 'accuracy': np.float32(0.083984375), 'accuracy_std': np.float32(0.01225789), 'confusion_matrix': <Figure size 3200x3200 with 1 Axes>, 'learning_rate': 0.009895869348623453, 'epoch_duration': 3.0932297706604004}
[2026-02-04 00:11:54,872][root][INFO] - Saving plots to C:\Users\icyeg\OneDrive\Desktop\Justin\end_time\outputs\2026-02-04\00-10-12
[2026-02-04 00:11:55,073][root][INFO] - ==================
[2026-02-04 00:11:55,073][root][INFO] - Starting Epoch 28.
[2026-02-04 00:11:58,160][root][INFO] - Evaluating Model.
[2026-02-04 00:11:58,477][root][INFO] - {'loss': 2.769118646159768, 'accuracy': np.float32(0.06640625), 'accuracy_std': np.float32(0.011003946), 'confusion_matrix': <Figure size 3200x3200 with 1 Axes>, 'learning_rate': 0.009974100507029533, 'epoch_duration': 3.0865585803985596}
[2026-02-04 00:11:58,479][root][INFO] - Saving plots to C:\Users\icyeg\OneDrive\Desktop\Justin\end_time\outputs\2026-02-04\00-10-12
[2026-02-04 00:11:58,682][root][INFO] - ==================
[2026-02-04 00:11:58,682][root][INFO] - Starting Epoch 29.
[2026-02-04 00:12:01,687][root][INFO] - Evaluating Model.
[2026-02-04 00:12:01,808][root][INFO] - {'loss': 2.769346745684743, 'accuracy': np.float32(0.072265625), 'accuracy_std': np.float32(0.011443075), 'confusion_matrix': <Figure size 3200x3200 with 1 Axes>, 'learning_rate': 0.009999999692657944, 'epoch_duration': 3.0056374073028564}
[2026-02-04 00:12:01,808][root][INFO] - Saving plots to C:\Users\icyeg\OneDrive\Desktop\Justin\end_time\outputs\2026-02-04\00-10-12
[2026-02-04 00:12:02,017][root][INFO] - ==================
[2026-02-04 00:12:02,017][root][INFO] - Starting Epoch 30.
[2026-02-04 00:12:05,474][root][INFO] - Evaluating Model.
[2026-02-04 00:12:05,613][root][INFO] - {'loss': 2.7697424720972776, 'accuracy': np.float32(0.087890625), 'accuracy_std': np.float32(0.012512951), 'confusion_matrix': <Figure size 3200x3200 with 1 Axes>, 'learning_rate': 0.009994886392657103, 'epoch_duration': 3.4559831619262695}
[2026-02-04 00:12:05,613][root][INFO] - Saving plots to C:\Users\icyeg\OneDrive\Desktop\Justin\end_time\outputs\2026-02-04\00-10-12
[2026-02-04 00:12:05,837][root][INFO] - ==================
[2026-02-04 00:12:05,837][root][INFO] - Starting Epoch 31.
[2026-02-04 00:12:09,100][root][INFO] - Evaluating Model.
[2026-02-04 00:12:09,231][root][INFO] - {'loss': 2.7697911132127047, 'accuracy': np.float32(0.068359375), 'accuracy_std': np.float32(0.011152912), 'confusion_matrix': <Figure size 3200x3200 with 1 Axes>, 'learning_rate': 0.009979714096471403, 'epoch_duration': 3.263500213623047}
[2026-02-04 00:12:09,231][root][INFO] - Saving plots to C:\Users\icyeg\OneDrive\Desktop\Justin\end_time\outputs\2026-02-04\00-10-12
[2026-02-04 00:12:09,439][root][INFO] - ==================
[2026-02-04 00:12:09,439][root][INFO] - Starting Epoch 32.
[2026-02-04 00:12:12,401][root][INFO] - Evaluating Model.
[2026-02-04 00:12:12,526][root][INFO] - {'loss': 2.769204333424568, 'accuracy': np.float32(0.046875), 'accuracy_std': np.float32(0.00934137), 'confusion_matrix': <Figure size 3200x3200 with 1 Axes>, 'learning_rate': 0.009954513359086191, 'epoch_duration': 2.9617562294006348}
[2026-02-04 00:12:12,526][root][INFO] - Saving plots to C:\Users\icyeg\OneDrive\Desktop\Justin\end_time\outputs\2026-02-04\00-10-12
[2026-02-04 00:12:12,737][root][INFO] - ==================
[2026-02-04 00:12:12,737][root][INFO] - Starting Epoch 33.
[2026-02-04 00:12:16,044][root][INFO] - Evaluating Model.
[2026-02-04 00:12:16,429][root][INFO] - {'loss': 2.7689245343208313, 'accuracy': np.float32(0.07421875), 'accuracy_std': np.float32(0.011584466), 'confusion_matrix': <Figure size 3200x3200 with 1 Axes>, 'learning_rate': 0.009919334931432785, 'epoch_duration': 3.306467294692993}
[2026-02-04 00:12:16,429][root][INFO] - Saving plots to C:\Users\icyeg\OneDrive\Desktop\Justin\end_time\outputs\2026-02-04\00-10-12
[2026-02-04 00:12:16,659][root][INFO] - ==================
[2026-02-04 00:12:16,661][root][INFO] - Starting Epoch 34.
[2026-02-04 00:12:19,779][root][INFO] - Evaluating Model.
[2026-02-04 00:12:19,923][root][INFO] - {'loss': 2.7682100404053926, 'accuracy': np.float32(0.0703125), 'accuracy_std': np.float32(0.011299254), 'confusion_matrix': <Figure size 3200x3200 with 1 Axes>, 'learning_rate': 0.009874249658182838, 'epoch_duration': 3.1180758476257324}
[2026-02-04 00:12:19,923][root][INFO] - Saving plots to C:\Users\icyeg\OneDrive\Desktop\Justin\end_time\outputs\2026-02-04\00-10-12
[2026-02-04 00:12:20,187][root][INFO] - ==================
[2026-02-04 00:12:20,187][root][INFO] - Starting Epoch 35.
[2026-02-04 00:12:23,619][root][INFO] - Evaluating Model.
[2026-02-04 00:12:23,742][root][INFO] - {'loss': 2.7694580741226673, 'accuracy': np.float32(0.0703125), 'accuracy_std': np.float32(0.011299254), 'confusion_matrix': <Figure size 3200x3200 with 1 Axes>, 'learning_rate': 0.009819348335076611, 'epoch_duration': 3.429892063140869}
[2026-02-04 00:12:23,742][root][INFO] - Saving plots to C:\Users\icyeg\OneDrive\Desktop\Justin\end_time\outputs\2026-02-04\00-10-12
[2026-02-04 00:12:23,991][root][INFO] - ==================
[2026-02-04 00:12:23,991][root][INFO] - Starting Epoch 36.
[2026-02-04 00:12:27,271][root][INFO] - Evaluating Model.
[2026-02-04 00:12:27,386][root][INFO] - {'loss': 2.7695512995123863, 'accuracy': np.float32(0.08203125), 'accuracy_std': np.float32(0.0121274255), 'confusion_matrix': <Figure size 3200x3200 with 1 Axes>, 'learning_rate': 0.009754741526072424, 'epoch_duration': 3.279431104660034}
[2026-02-04 00:12:27,386][root][INFO] - Saving plots to C:\Users\icyeg\OneDrive\Desktop\Justin\end_time\outputs\2026-02-04\00-10-12
[2026-02-04 00:12:27,591][root][INFO] - ==================
[2026-02-04 00:12:27,591][root][INFO] - Starting Epoch 37.
[2026-02-04 00:12:30,899][root][INFO] - Evaluating Model.
[2026-02-04 00:12:31,018][root][INFO] - {'loss': 2.7690959218889475, 'accuracy': np.float32(0.05859375), 'accuracy_std': np.float32(0.010379566), 'confusion_matrix': <Figure size 3200x3200 with 1 Axes>, 'learning_rate': 0.00968055934068557, 'epoch_duration': 3.308304786682129}
[2026-02-04 00:12:31,018][root][INFO] - Saving plots to C:\Users\icyeg\OneDrive\Desktop\Justin\end_time\outputs\2026-02-04\00-10-12
[2026-02-04 00:12:31,219][root][INFO] - ==================
[2026-02-04 00:12:31,219][root][INFO] - Starting Epoch 38.
[2026-02-04 00:12:34,424][root][INFO] - Evaluating Model.
[2026-02-04 00:12:34,539][root][INFO] - {'loss': 2.769686905667186, 'accuracy': np.float32(0.0703125), 'accuracy_std': np.float32(0.011299254), 'confusion_matrix': <Figure size 3200x3200 with 1 Axes>, 'learning_rate': 0.009596951171965056, 'epoch_duration': 3.2043941020965576}
[2026-02-04 00:12:34,541][root][INFO] - Saving plots to C:\Users\icyeg\OneDrive\Desktop\Justin\end_time\outputs\2026-02-04\00-10-12
[2026-02-04 00:12:34,953][root][INFO] - ==================
[2026-02-04 00:12:34,953][root][INFO] - Starting Epoch 39.
[2026-02-04 00:12:38,160][root][INFO] - Evaluating Model.
[2026-02-04 00:12:38,278][root][INFO] - {'loss': 2.769213952124119, 'accuracy': np.float32(0.064453125), 'accuracy_std': np.float32(0.01085225), 'confusion_matrix': <Figure size 3200x3200 with 1 Axes>, 'learning_rate': 0.009504085395635891, 'epoch_duration': 3.2054314613342285}
[2026-02-04 00:12:38,278][root][INFO] - Saving plots to C:\Users\icyeg\OneDrive\Desktop\Justin\end_time\outputs\2026-02-04\00-10-12
[2026-02-04 00:12:38,478][root][INFO] - ==================
[2026-02-04 00:12:38,478][root][INFO] - Starting Epoch 40.
[2026-02-04 00:12:42,182][root][INFO] - Evaluating Model.
[2026-02-04 00:12:42,299][root][INFO] - {'loss': 2.769388362765312, 'accuracy': np.float32(0.072265625), 'accuracy_std': np.float32(0.011443075), 'confusion_matrix': <Figure size 3200x3200 with 1 Axes>, 'learning_rate': 0.009402149031012785, 'epoch_duration': 3.7041444778442383}
[2026-02-04 00:12:42,301][root][INFO] - Saving plots to C:\Users\icyeg\OneDrive\Desktop\Justin\end_time\outputs\2026-02-04\00-10-12
[2026-02-04 00:12:42,502][root][INFO] - ==================
[2026-02-04 00:12:42,502][root][INFO] - Starting Epoch 41.
[2026-02-04 00:12:46,065][root][INFO] - Evaluating Model.
[2026-02-04 00:12:46,182][root][INFO] - {'loss': 2.768823215737939, 'accuracy': np.float32(0.08203125), 'accuracy_std': np.float32(0.0121274255), 'confusion_matrix': <Figure size 3200x3200 with 1 Axes>, 'learning_rate': 0.009291347364368121, 'epoch_duration': 3.562652587890625}
[2026-02-04 00:12:46,182][root][INFO] - Saving plots to C:\Users\icyeg\OneDrive\Desktop\Justin\end_time\outputs\2026-02-04\00-10-12
[2026-02-04 00:12:46,376][root][INFO] - ==================
[2026-02-04 00:12:46,376][root][INFO] - Starting Epoch 42.
[2026-02-04 00:12:49,979][root][INFO] - Evaluating Model.
[2026-02-04 00:12:50,099][root][INFO] - {'loss': 2.7696595788002014, 'accuracy': np.float32(0.06640625), 'accuracy_std': np.float32(0.011003946), 'confusion_matrix': <Figure size 3200x3200 with 1 Axes>, 'learning_rate': 0.00917190353551275, 'epoch_duration': 3.6029791831970215}
[2026-02-04 00:12:50,099][root][INFO] - Saving plots to C:\Users\icyeg\OneDrive\Desktop\Justin\end_time\outputs\2026-02-04\00-10-12
[2026-02-04 00:12:50,295][root][INFO] - ==================
[2026-02-04 00:12:50,297][root][INFO] - Starting Epoch 43.
[2026-02-04 00:12:53,598][root][INFO] - Evaluating Model.
[2026-02-04 00:12:53,724][root][INFO] - {'loss': 2.7682733461260796, 'accuracy': np.float32(0.068359375), 'accuracy_std': np.float32(0.011152912), 'confusion_matrix': <Figure size 3200x3200 with 1 Axes>, 'learning_rate': 0.009044058088422086, 'epoch_duration': 3.301405191421509}
[2026-02-04 00:12:53,724][root][INFO] - Saving plots to C:\Users\icyeg\OneDrive\Desktop\Justin\end_time\outputs\2026-02-04\00-10-12
[2026-02-04 00:12:54,135][root][INFO] - ==================
[2026-02-04 00:12:54,135][root][INFO] - Starting Epoch 44.
[2026-02-04 00:12:57,660][root][INFO] - Evaluating Model.
[2026-02-04 00:12:57,785][root][INFO] - {'loss': 2.769303720444441, 'accuracy': np.float32(0.06640625), 'accuracy_std': np.float32(0.011003946), 'confusion_matrix': <Figure size 3200x3200 with 1 Axes>, 'learning_rate': 0.008908068486812562, 'epoch_duration': 3.524242877960205}
[2026-02-04 00:12:57,786][root][INFO] - Saving plots to C:\Users\icyeg\OneDrive\Desktop\Justin\end_time\outputs\2026-02-04\00-10-12
[2026-02-04 00:12:57,987][root][INFO] - ==================
[2026-02-04 00:12:57,987][root][INFO] - Starting Epoch 45.
[2026-02-04 00:13:01,537][root][INFO] - Evaluating Model.
[2026-02-04 00:13:01,660][root][INFO] - {'loss': 2.76972471550107, 'accuracy': np.float32(0.08203125), 'accuracy_std': np.float32(0.0121274255), 'confusion_matrix': <Figure size 3200x3200 with 1 Axes>, 'learning_rate': 0.008764208595643965, 'epoch_duration': 3.5504393577575684}
[2026-02-04 00:13:01,660][root][INFO] - Saving plots to C:\Users\icyeg\OneDrive\Desktop\Justin\end_time\outputs\2026-02-04\00-10-12
[2026-02-04 00:13:01,857][root][INFO] - ==================
[2026-02-04 00:13:01,859][root][INFO] - Starting Epoch 46.
[2026-02-04 00:13:05,266][root][INFO] - Evaluating Model.
[2026-02-04 00:13:05,387][root][INFO] - {'loss': 2.76869341917336, 'accuracy': np.float32(0.064453125), 'accuracy_std': np.float32(0.01085225), 'confusion_matrix': <Figure size 3200x3200 with 1 Axes>, 'learning_rate': 0.008612768129591856, 'epoch_duration': 3.406838893890381}
[2026-02-04 00:13:05,387][root][INFO] - Saving plots to C:\Users\icyeg\OneDrive\Desktop\Justin\end_time\outputs\2026-02-04\00-10-12
[2026-02-04 00:13:05,584][root][INFO] - ==================
[2026-02-04 00:13:05,585][root][INFO] - Starting Epoch 47.
[2026-02-04 00:13:08,797][root][INFO] - Evaluating Model.
[2026-02-04 00:13:08,919][root][INFO] - {'loss': 2.772458914667368, 'accuracy': np.float32(0.060546875), 'accuracy_std': np.float32(0.01054019), 'confusion_matrix': <Figure size 3200x3200 with 1 Axes>, 'learning_rate': 0.008454052069600771, 'epoch_duration': 3.211869955062866}
[2026-02-04 00:13:08,919][root][INFO] - Saving plots to C:\Users\icyeg\OneDrive\Desktop\Justin\end_time\outputs\2026-02-04\00-10-12
[2026-02-04 00:13:09,125][root][INFO] - ==================
[2026-02-04 00:13:09,125][root][INFO] - Starting Epoch 48.
[2026-02-04 00:13:12,641][root][INFO] - Evaluating Model.
[2026-02-04 00:13:12,765][root][INFO] - {'loss': 2.769173188135028, 'accuracy': np.float32(0.07421875), 'accuracy_std': np.float32(0.011584466), 'confusion_matrix': <Figure size 3200x3200 with 1 Axes>, 'learning_rate': 0.00828838004869318, 'epoch_duration': 3.5157060623168945}
[2026-02-04 00:13:12,767][root][INFO] - Saving plots to C:\Users\icyeg\OneDrive\Desktop\Justin\end_time\outputs\2026-02-04\00-10-12
[2026-02-04 00:13:12,980][root][INFO] - ==================
[2026-02-04 00:13:12,980][root][INFO] - Starting Epoch 49.
[2026-02-04 00:13:16,085][root][INFO] - Evaluating Model.
[2026-02-04 00:13:16,426][root][INFO] - {'loss': 2.769738296046853, 'accuracy': np.float32(0.080078125), 'accuracy_std': np.float32(0.0119949225), 'confusion_matrix': <Figure size 3200x3200 with 1 Axes>, 'learning_rate': 0.00811608570827112, 'epoch_duration': 3.1050095558166504}
[2026-02-04 00:13:16,428][root][INFO] - Saving plots to C:\Users\icyeg\OneDrive\Desktop\Justin\end_time\outputs\2026-02-04\00-10-12
[2026-02-04 00:13:16,636][root][INFO] - ==================
[2026-02-04 00:13:16,636][root][INFO] - Starting Epoch 50.
[2026-02-04 00:13:19,636][root][INFO] - Evaluating Model.
[2026-02-04 00:13:19,773][root][INFO] - {'loss': 2.769366590306163, 'accuracy': np.float32(0.072265625), 'accuracy_std': np.float32(0.011443075), 'confusion_matrix': <Figure size 3200x3200 with 1 Axes>, 'learning_rate': 0.00793751602620682, 'epoch_duration': 2.9994897842407227}
[2026-02-04 00:13:19,773][root][INFO] - Saving plots to C:\Users\icyeg\OneDrive\Desktop\Justin\end_time\outputs\2026-02-04\00-10-12
[2026-02-04 00:13:19,986][root][INFO] - ==================
[2026-02-04 00:13:19,986][root][INFO] - Starting Epoch 51.
[2026-02-04 00:13:23,182][root][INFO] - Evaluating Model.
[2026-02-04 00:13:23,301][root][INFO] - {'loss': 2.7695063408464193, 'accuracy': np.float32(0.0625), 'accuracy_std': np.float32(0.010697707), 'confusion_matrix': <Figure size 3200x3200 with 1 Axes>, 'learning_rate': 0.007753030618075434, 'epoch_duration': 3.1956892013549805}
[2026-02-04 00:13:23,301][root][INFO] - Saving plots to C:\Users\icyeg\OneDrive\Desktop\Justin\end_time\outputs\2026-02-04\00-10-12
[2026-02-04 00:13:23,501][root][INFO] - ==================
[2026-02-04 00:13:23,502][root][INFO] - Starting Epoch 52.
[2026-02-04 00:13:26,390][root][INFO] - Evaluating Model.
[2026-02-04 00:13:26,510][root][INFO] - {'loss': 2.7686853762716055, 'accuracy': np.float32(0.07421875), 'accuracy_std': np.float32(0.011584466), 'confusion_matrix': <Figure size 3200x3200 with 1 Axes>, 'learning_rate': 0.007563001012937137, 'epoch_duration': 2.8879234790802}
[2026-02-04 00:13:26,510][root][INFO] - Saving plots to C:\Users\icyeg\OneDrive\Desktop\Justin\end_time\outputs\2026-02-04\00-10-12
[2026-02-04 00:13:26,710][root][INFO] - ==================
[2026-02-04 00:13:26,711][root][INFO] - Starting Epoch 53.
[2026-02-04 00:13:29,683][root][INFO] - Evaluating Model.
[2026-02-04 00:13:29,799][root][INFO] - {'loss': 2.7692078351974487, 'accuracy': np.float32(0.0703125), 'accuracy_std': np.float32(0.011299254), 'confusion_matrix': <Figure size 3200x3200 with 1 Axes>, 'learning_rate': 0.007367809905127035, 'epoch_duration': 2.9717187881469727}
[2026-02-04 00:13:29,799][root][INFO] - Saving plots to C:\Users\icyeg\OneDrive\Desktop\Justin\end_time\outputs\2026-02-04\00-10-12
[2026-02-04 00:13:30,197][root][INFO] - ==================
[2026-02-04 00:13:30,197][root][INFO] - Starting Epoch 54.
[2026-02-04 00:13:33,291][root][INFO] - Evaluating Model.
[2026-02-04 00:13:33,413][root][INFO] - {'loss': 2.769655590876937, 'accuracy': np.float32(0.052734375), 'accuracy_std': np.float32(0.009877518), 'confusion_matrix': <Figure size 3200x3200 with 1 Axes>, 'learning_rate': 0.007167850383559715, 'epoch_duration': 3.094482421875}
[2026-02-04 00:13:33,413][root][INFO] - Saving plots to C:\Users\icyeg\OneDrive\Desktop\Justin\end_time\outputs\2026-02-04\00-10-12
[2026-02-04 00:13:33,617][root][INFO] - ==================
[2026-02-04 00:13:33,617][root][INFO] - Starting Epoch 55.
[2026-02-04 00:13:36,887][root][INFO] - Evaluating Model.
[2026-02-04 00:13:37,011][root][INFO] - {'loss': 2.7690889686346054, 'accuracy': np.float32(0.0625), 'accuracy_std': np.float32(0.010697707), 'confusion_matrix': <Figure size 3200x3200 with 1 Axes>, 'learning_rate': 0.006963525140100471, 'epoch_duration': 3.2701690196990967}
[2026-02-04 00:13:37,011][root][INFO] - Saving plots to C:\Users\icyeg\OneDrive\Desktop\Justin\end_time\outputs\2026-02-04\00-10-12
[2026-02-04 00:13:37,212][root][INFO] - ==================
[2026-02-04 00:13:37,213][root][INFO] - Starting Epoch 56.
[2026-02-04 00:13:40,232][root][INFO] - Evaluating Model.
[2026-02-04 00:13:40,350][root][INFO] - {'loss': 2.76873667165637, 'accuracy': np.float32(0.080078125), 'accuracy_std': np.float32(0.0119949225), 'confusion_matrix': <Figure size 3200x3200 with 1 Axes>, 'learning_rate': 0.006755245658597493, 'epoch_duration': 3.0187439918518066}
[2026-02-04 00:13:40,350][root][INFO] - Saving plots to C:\Users\icyeg\OneDrive\Desktop\Justin\end_time\outputs\2026-02-04\00-10-12
[2026-02-04 00:13:40,552][root][INFO] - ==================
[2026-02-04 00:13:40,552][root][INFO] - Starting Epoch 57.
[2026-02-04 00:13:43,790][root][INFO] - Evaluating Model.
[2026-02-04 00:13:43,909][root][INFO] - {'loss': 2.768827771767974, 'accuracy': np.float32(0.09375), 'accuracy_std': np.float32(0.012881744), 'confusion_matrix': <Figure size 3200x3200 with 1 Axes>, 'learning_rate': 0.006543431386208144, 'epoch_duration': 3.237539052963257}
[2026-02-04 00:13:43,910][root][INFO] - Saving plots to C:\Users\icyeg\OneDrive\Desktop\Justin\end_time\outputs\2026-02-04\00-10-12
[2026-02-04 00:13:44,112][root][INFO] - ==================
[2026-02-04 00:13:44,112][root][INFO] - Starting Epoch 58.
[2026-02-04 00:13:47,375][root][INFO] - Evaluating Model.
[2026-02-04 00:13:47,688][root][INFO] - {'loss': 2.7687059994786978, 'accuracy': np.float32(0.064453125), 'accuracy_std': np.float32(0.01085225), 'confusion_matrix': <Figure size 3200x3200 with 1 Axes>, 'learning_rate': 0.0063285088886882186, 'epoch_duration': 3.2629053592681885}
[2026-02-04 00:13:47,689][root][INFO] - Saving plots to C:\Users\icyeg\OneDrive\Desktop\Justin\end_time\outputs\2026-02-04\00-10-12
[2026-02-04 00:13:47,890][root][INFO] - ==================
[2026-02-04 00:13:47,890][root][INFO] - Starting Epoch 59.
[2026-02-04 00:13:50,983][root][INFO] - Evaluating Model.
[2026-02-04 00:13:51,103][root][INFO] - {'loss': nan, 'accuracy': np.float32(0.07421875), 'accuracy_std': np.float32(0.011584466), 'confusion_matrix': <Figure size 3200x3200 with 1 Axes>, 'learning_rate': 0.006110910991345269, 'epoch_duration': 3.0935487747192383}
[2026-02-04 00:13:51,103][root][INFO] - Saving plots to C:\Users\icyeg\OneDrive\Desktop\Justin\end_time\outputs\2026-02-04\00-10-12
[2026-02-04 00:13:51,306][root][INFO] - ==================
[2026-02-04 00:13:51,306][root][INFO] - Starting Epoch 60.
[2026-02-04 00:13:54,228][root][INFO] - Evaluating Model.
[2026-02-04 00:13:54,352][root][INFO] - {'loss': nan, 'accuracy': np.float32(0.07421875), 'accuracy_std': np.float32(0.011584466), 'confusion_matrix': <Figure size 3200x3200 with 1 Axes>, 'learning_rate': 0.005891075907386043, 'epoch_duration': 2.9222452640533447}
[2026-02-04 00:13:54,352][root][INFO] - Saving plots to C:\Users\icyeg\OneDrive\Desktop\Justin\end_time\outputs\2026-02-04\00-10-12
[2026-02-04 00:13:54,555][root][INFO] - ==================
[2026-02-04 00:13:54,555][root][INFO] - Starting Epoch 61.
[2026-02-04 00:13:57,489][root][INFO] - Evaluating Model.
[2026-02-04 00:13:57,634][root][INFO] - {'loss': nan, 'accuracy': np.float32(0.068359375), 'accuracy_std': np.float32(0.011152912), 'confusion_matrix': <Figure size 3200x3200 with 1 Axes>, 'learning_rate': 0.005669446355413406, 'epoch_duration': 2.933950662612915}
[2026-02-04 00:13:57,634][root][INFO] - Saving plots to C:\Users\icyeg\OneDrive\Desktop\Justin\end_time\outputs\2026-02-04\00-10-12
[2026-02-04 00:13:57,847][root][INFO] - ==================
[2026-02-04 00:13:57,847][root][INFO] - Starting Epoch 62.
[2026-02-04 00:14:00,877][root][INFO] - Evaluating Model.
[2026-02-04 00:14:00,997][root][INFO] - {'loss': nan, 'accuracy': np.float32(0.0703125), 'accuracy_std': np.float32(0.011299254), 'confusion_matrix': <Figure size 3200x3200 with 1 Axes>, 'learning_rate': 0.005446468667849986, 'epoch_duration': 3.029344081878662}
[2026-02-04 00:14:00,997][root][INFO] - Saving plots to C:\Users\icyeg\OneDrive\Desktop\Justin\end_time\outputs\2026-02-04\00-10-12
[2026-02-04 00:14:01,197][root][INFO] - ==================
[2026-02-04 00:14:01,197][root][INFO] - Starting Epoch 63.
[2026-02-04 00:14:04,035][root][INFO] - Evaluating Model.
[2026-02-04 00:14:04,150][root][INFO] - {'loss': nan, 'accuracy': np.float32(0.2890625), 'accuracy_std': np.float32(0.020034412), 'confusion_matrix': <Figure size 3200x3200 with 1 Axes>, 'learning_rate': 0.005222591892084077, 'epoch_duration': 2.8381760120391846}
[2026-02-04 00:14:04,150][root][INFO] - Saving plots to C:\Users\icyeg\OneDrive\Desktop\Justin\end_time\outputs\2026-02-04\00-10-12
[2026-02-04 00:14:04,348][root][INFO] - ==================
[2026-02-04 00:14:04,348][root][INFO] - Starting Epoch 64.
[2026-02-04 00:14:07,343][root][INFO] - Evaluating Model.
[2026-02-04 00:14:07,693][root][INFO] - {'loss': nan, 'accuracy': np.float32(0.27734375), 'accuracy_std': np.float32(0.019785184), 'confusion_matrix': <Figure size 3200x3200 with 1 Axes>, 'learning_rate': 0.004998266886147963, 'epoch_duration': 2.9947829246520996}
[2026-02-04 00:14:07,693][root][INFO] - Saving plots to C:\Users\icyeg\OneDrive\Desktop\Justin\end_time\outputs\2026-02-04\00-10-12
[2026-02-04 00:14:07,894][root][INFO] - ==================
[2026-02-04 00:14:07,894][root][INFO] - Starting Epoch 65.
[2026-02-04 00:14:11,107][root][INFO] - Evaluating Model.
[2026-02-04 00:14:11,232][root][INFO] - {'loss': nan, 'accuracy': np.float32(0.27929688), 'accuracy_std': np.float32(0.019827878), 'confusion_matrix': <Figure size 3200x3200 with 1 Axes>, 'learning_rate': 0.00477394541074984, 'epoch_duration': 3.2123560905456543}
[2026-02-04 00:14:11,232][root][INFO] - Saving plots to C:\Users\icyeg\OneDrive\Desktop\Justin\end_time\outputs\2026-02-04\00-10-12
[2026-02-04 00:14:11,434][root][INFO] - ==================
[2026-02-04 00:14:11,436][root][INFO] - Starting Epoch 66.
[2026-02-04 00:14:14,926][root][INFO] - Evaluating Model.
[2026-02-04 00:14:15,051][root][INFO] - {'loss': nan, 'accuracy': np.float32(0.28515625), 'accuracy_std': np.float32(0.019953176), 'confusion_matrix': <Figure size 3200x3200 with 1 Axes>, 'learning_rate': 0.004550079219487864, 'epoch_duration': 3.4904732704162598}
[2026-02-04 00:14:15,053][root][INFO] - Saving plots to C:\Users\icyeg\OneDrive\Desktop\Justin\end_time\outputs\2026-02-04\00-10-12
[2026-02-04 00:14:15,251][root][INFO] - ==================
[2026-02-04 00:14:15,251][root][INFO] - Starting Epoch 67.
[2026-02-04 00:14:18,810][root][INFO] - Evaluating Model.
[2026-02-04 00:14:18,936][root][INFO] - {'loss': nan, 'accuracy': np.float32(0.28125), 'accuracy_std': np.float32(0.019870108), 'confusion_matrix': <Figure size 3200x3200 with 1 Axes>, 'learning_rate': 0.004327119149078539, 'epoch_duration': 3.557175636291504}
[2026-02-04 00:14:18,937][root][INFO] - Saving plots to C:\Users\icyeg\OneDrive\Desktop\Justin\end_time\outputs\2026-02-04\00-10-12
[2026-02-04 00:14:19,142][root][INFO] - ==================
[2026-02-04 00:14:19,142][root][INFO] - Starting Epoch 68.
[2026-02-04 00:14:22,607][root][INFO] - Evaluating Model.
[2026-02-04 00:14:22,725][root][INFO] - {'loss': nan, 'accuracy': np.float32(0.29101562), 'accuracy_std': np.float32(0.02007435), 'confusion_matrix': <Figure size 3200x3200 with 1 Axes>, 'learning_rate': 0.0041055142114315565, 'epoch_duration': 3.465149402618408}
[2026-02-04 00:14:22,727][root][INFO] - Saving plots to C:\Users\icyeg\OneDrive\Desktop\Justin\end_time\outputs\2026-02-04\00-10-12
[2026-02-04 00:14:23,138][root][INFO] - ==================
[2026-02-04 00:14:23,138][root][INFO] - Starting Epoch 69.
[2026-02-04 00:14:26,300][root][INFO] - Evaluating Model.
[2026-02-04 00:14:26,421][root][INFO] - {'loss': nan, 'accuracy': np.float32(0.28320312), 'accuracy_std': np.float32(0.019911872), 'confusion_matrix': <Figure size 3200x3200 with 1 Axes>, 'learning_rate': 0.003885710689399566, 'epoch_duration': 3.15999698638916}
[2026-02-04 00:14:26,421][root][INFO] - Saving plots to C:\Users\icyeg\OneDrive\Desktop\Justin\end_time\outputs\2026-02-04\00-10-12
[2026-02-04 00:14:26,625][root][INFO] - ==================
[2026-02-04 00:14:26,625][root][INFO] - Starting Epoch 70.
[2026-02-04 00:14:29,919][root][INFO] - Evaluating Model.
[2026-02-04 00:14:30,036][root][INFO] - {'loss': nan, 'accuracy': np.float32(0.28710938), 'accuracy_std': np.float32(0.019994022), 'confusion_matrix': <Figure size 3200x3200 with 1 Axes>, 'learning_rate': 0.003668151238023914, 'epoch_duration': 3.2940917015075684}
[2026-02-04 00:14:30,036][root][INFO] - Saving plots to C:\Users\icyeg\OneDrive\Desktop\Justin\end_time\outputs\2026-02-04\00-10-12
[2026-02-04 00:14:30,236][root][INFO] - ==================
[2026-02-04 00:14:30,238][root][INFO] - Starting Epoch 71.
[2026-02-04 00:14:33,291][root][INFO] - Evaluating Model.
[2026-02-04 00:14:33,414][root][INFO] - {'loss': nan, 'accuracy': np.float32(0.23828125), 'accuracy_std': np.float32(0.018828133), 'confusion_matrix': <Figure size 3200x3200 with 1 Axes>, 'learning_rate': 0.0034532739930862835, 'epoch_duration': 3.052889347076416}
[2026-02-04 00:14:33,415][root][INFO] - Saving plots to C:\Users\icyeg\OneDrive\Desktop\Justin\end_time\outputs\2026-02-04\00-10-12
[2026-02-04 00:14:33,622][root][INFO] - ==================
[2026-02-04 00:14:33,622][root][INFO] - Starting Epoch 72.
[2026-02-04 00:14:36,482][root][INFO] - Evaluating Model.
[2026-02-04 00:14:36,598][root][INFO] - {'loss': nan, 'accuracy': np.float32(0.27539062), 'accuracy_std': np.float32(0.01974202), 'confusion_matrix': <Figure size 3200x3200 with 1 Axes>, 'learning_rate': 0.0032415116887615516, 'epoch_duration': 2.8599984645843506}
[2026-02-04 00:14:36,598][root][INFO] - Saving plots to C:\Users\icyeg\OneDrive\Desktop\Justin\end_time\outputs\2026-02-04\00-10-12
[2026-02-04 00:14:36,797][root][INFO] - ==================
[2026-02-04 00:14:36,797][root][INFO] - Starting Epoch 73.
[2026-02-04 00:14:39,761][root][INFO] - Evaluating Model.
[2026-02-04 00:14:39,879][root][INFO] - {'loss': nan, 'accuracy': np.float32(0.265625), 'accuracy_std': np.float32(0.019519038), 'confusion_matrix': <Figure size 3200x3200 with 1 Axes>, 'learning_rate': 0.0030332907861487447, 'epoch_duration': 2.964261054992676}
[2026-02-04 00:14:39,879][root][INFO] - Saving plots to C:\Users\icyeg\OneDrive\Desktop\Justin\end_time\outputs\2026-02-04\00-10-12
[2026-02-04 00:14:40,282][root][INFO] - ==================
[2026-02-04 00:14:40,283][root][INFO] - Starting Epoch 74.
[2026-02-04 00:14:43,280][root][INFO] - Evaluating Model.
[2026-02-04 00:14:43,401][root][INFO] - {'loss': nan, 'accuracy': np.float32(0.27734375), 'accuracy_std': np.float32(0.019785184), 'confusion_matrix': <Figure size 3200x3200 with 1 Axes>, 'learning_rate': 0.00282903061443514, 'epoch_duration': 2.996354579925537}
[2026-02-04 00:14:43,401][root][INFO] - Saving plots to C:\Users\icyeg\OneDrive\Desktop\Justin\end_time\outputs\2026-02-04\00-10-12
[2026-02-04 00:14:43,625][root][INFO] - ==================
[2026-02-04 00:14:43,625][root][INFO] - Starting Epoch 75.
[2026-02-04 00:14:46,526][root][INFO] - Evaluating Model.
[2026-02-04 00:14:46,645][root][INFO] - {'loss': nan, 'accuracy': np.float32(0.30664062), 'accuracy_std': np.float32(0.020377884), 'confusion_matrix': <Figure size 3200x3200 with 1 Axes>, 'learning_rate': 0.0026291425264230862, 'epoch_duration': 2.9011402130126953}
[2026-02-04 00:14:46,645][root][INFO] - Saving plots to C:\Users\icyeg\OneDrive\Desktop\Justin\end_time\outputs\2026-02-04\00-10-12
[2026-02-04 00:14:46,846][root][INFO] - ==================
[2026-02-04 00:14:46,846][root][INFO] - Starting Epoch 76.
[2026-02-04 00:14:49,678][root][INFO] - Evaluating Model.
[2026-02-04 00:14:49,800][root][INFO] - {'loss': nan, 'accuracy': np.float32(0.27929688), 'accuracy_std': np.float32(0.019827878), 'confusion_matrix': <Figure size 3200x3200 with 1 Axes>, 'learning_rate': 0.002434029070120209, 'epoch_duration': 2.8297159671783447}
[2026-02-04 00:14:49,802][root][INFO] - Saving plots to C:\Users\icyeg\OneDrive\Desktop\Justin\end_time\outputs\2026-02-04\00-10-12
[2026-02-04 00:14:50,015][root][INFO] - ==================
[2026-02-04 00:14:50,015][root][INFO] - Starting Epoch 77.
[2026-02-04 00:14:53,094][root][INFO] - Evaluating Model.
[2026-02-04 00:14:53,212][root][INFO] - {'loss': nan, 'accuracy': np.float32(0.29296875), 'accuracy_std': np.float32(0.020113839), 'confusion_matrix': <Figure size 3200x3200 with 1 Axes>, 'learning_rate': 0.00224408317806129, 'epoch_duration': 3.0795931816101074}
[2026-02-04 00:14:53,212][root][INFO] - Saving plots to C:\Users\icyeg\OneDrive\Desktop\Justin\end_time\outputs\2026-02-04\00-10-12
[2026-02-04 00:14:53,416][root][INFO] - ==================
[2026-02-04 00:14:53,417][root][INFO] - Starting Epoch 78.
[2026-02-04 00:14:56,337][root][INFO] - Evaluating Model.
[2026-02-04 00:14:56,454][root][INFO] - {'loss': nan, 'accuracy': np.float32(0.2578125), 'accuracy_std': np.float32(0.019331869), 'confusion_matrix': <Figure size 3200x3200 with 1 Axes>, 'learning_rate': 0.002059687375994437, 'epoch_duration': 2.919419527053833}
[2026-02-04 00:14:56,454][root][INFO] - Saving plots to C:\Users\icyeg\OneDrive\Desktop\Justin\end_time\outputs\2026-02-04\00-10-12
[2026-02-04 00:14:56,656][root][INFO] - ==================
[2026-02-04 00:14:56,656][root][INFO] - Starting Epoch 79.
[2026-02-04 00:14:59,608][root][INFO] - Evaluating Model.
[2026-02-04 00:14:59,940][root][INFO] - {'loss': nan, 'accuracy': np.float32(0.26367188), 'accuracy_std': np.float32(0.019472988), 'confusion_matrix': <Figure size 3200x3200 with 1 Axes>, 'learning_rate': 0.001881213012525135, 'epoch_duration': 2.9523351192474365}
[2026-02-04 00:14:59,940][root][INFO] - Saving plots to C:\Users\icyeg\OneDrive\Desktop\Justin\end_time\outputs\2026-02-04\00-10-12
[2026-02-04 00:15:00,145][root][INFO] - ==================
[2026-02-04 00:15:00,145][root][INFO] - Starting Epoch 80.
[2026-02-04 00:15:03,408][root][INFO] - Evaluating Model.
[2026-02-04 00:15:03,525][root][INFO] - {'loss': nan, 'accuracy': np.float32(0.27539062), 'accuracy_std': np.float32(0.01974202), 'confusion_matrix': <Figure size 3200x3200 with 1 Axes>, 'learning_rate': 0.0017090195112695731, 'epoch_duration': 3.2626471519470215}
[2026-02-04 00:15:03,526][root][INFO] - Saving plots to C:\Users\icyeg\OneDrive\Desktop\Justin\end_time\outputs\2026-02-04\00-10-12
[2026-02-04 00:15:03,725][root][INFO] - ==================
[2026-02-04 00:15:03,726][root][INFO] - Starting Epoch 81.
[2026-02-04 00:15:06,679][root][INFO] - Evaluating Model.
[2026-02-04 00:15:06,799][root][INFO] - {'loss': nan, 'accuracy': np.float32(0.27734375), 'accuracy_std': np.float32(0.019785184), 'confusion_matrix': <Figure size 3200x3200 with 1 Axes>, 'learning_rate': 0.0015434536470233158, 'epoch_duration': 2.952582836151123}
[2026-02-04 00:15:06,801][root][INFO] - Saving plots to C:\Users\icyeg\OneDrive\Desktop\Justin\end_time\outputs\2026-02-04\00-10-12
[2026-02-04 00:15:07,005][root][INFO] - ==================
[2026-02-04 00:15:07,006][root][INFO] - Starting Epoch 82.
[2026-02-04 00:15:09,807][root][INFO] - Evaluating Model.
[2026-02-04 00:15:09,925][root][INFO] - {'loss': nan, 'accuracy': np.float32(0.27539062), 'accuracy_std': np.float32(0.01974202), 'confusion_matrix': <Figure size 3200x3200 with 1 Axes>, 'learning_rate': 0.001384848847403015, 'epoch_duration': 2.801243305206299}
[2026-02-04 00:15:09,925][root][INFO] - Saving plots to C:\Users\icyeg\OneDrive\Desktop\Justin\end_time\outputs\2026-02-04\00-10-12
[2026-02-04 00:15:10,123][root][INFO] - ==================
[2026-02-04 00:15:10,123][root][INFO] - Starting Epoch 83.
[2026-02-04 00:15:12,920][root][INFO] - Evaluating Model.
[2026-02-04 00:15:13,042][root][INFO] - {'loss': nan, 'accuracy': np.float32(0.27929688), 'accuracy_std': np.float32(0.019827878), 'confusion_matrix': <Figure size 3200x3200 with 1 Axes>, 'learning_rate': 0.0012335245213675626, 'epoch_duration': 2.7969107627868652}
[2026-02-04 00:15:13,042][root][INFO] - Saving plots to C:\Users\icyeg\OneDrive\Desktop\Justin\end_time\outputs\2026-02-04\00-10-12
[2026-02-04 00:15:13,244][root][INFO] - ==================
[2026-02-04 00:15:13,244][root][INFO] - Starting Epoch 84.
[2026-02-04 00:15:16,024][root][INFO] - Evaluating Model.
[2026-02-04 00:15:16,350][root][INFO] - {'loss': nan, 'accuracy': np.float32(0.30859375), 'accuracy_std': np.float32(0.020413864), 'confusion_matrix': <Figure size 3200x3200 with 1 Axes>, 'learning_rate': 0.0010897854159709543, 'epoch_duration': 2.7801945209503174}
[2026-02-04 00:15:16,350][root][INFO] - Saving plots to C:\Users\icyeg\OneDrive\Desktop\Justin\end_time\outputs\2026-02-04\00-10-12
[2026-02-04 00:15:16,551][root][INFO] - ==================
[2026-02-04 00:15:16,552][root][INFO] - Starting Epoch 85.
[2026-02-04 00:15:19,345][root][INFO] - Evaluating Model.
[2026-02-04 00:15:19,465][root][INFO] - {'loss': nan, 'accuracy': np.float32(0.3046875), 'accuracy_std': np.float32(0.02034147), 'confusion_matrix': <Figure size 3200x3200 with 1 Axes>, 'learning_rate': 0.0009539210026422808, 'epoch_duration': 2.792940616607666}
[2026-02-04 00:15:19,465][root][INFO] - Saving plots to C:\Users\icyeg\OneDrive\Desktop\Justin\end_time\outputs\2026-02-04\00-10-12
[2026-02-04 00:15:19,662][root][INFO] - ==================
[2026-02-04 00:15:19,662][root][INFO] - Starting Epoch 86.
[2026-02-04 00:15:22,555][root][INFO] - Evaluating Model.
[2026-02-04 00:15:22,675][root][INFO] - {'loss': nan, 'accuracy': np.float32(0.296875), 'accuracy_std': np.float32(0.020191478), 'confusion_matrix': <Figure size 3200x3200 with 1 Axes>, 'learning_rate': 0.0008262048942287929, 'epoch_duration': 2.8929848670959473}
[2026-02-04 00:15:22,675][root][INFO] - Saving plots to C:\Users\icyeg\OneDrive\Desktop\Justin\end_time\outputs\2026-02-04\00-10-12
[2026-02-04 00:15:22,875][root][INFO] - ==================
[2026-02-04 00:15:22,875][root][INFO] - Starting Epoch 87.
[2026-02-04 00:15:25,833][root][INFO] - Evaluating Model.
[2026-02-04 00:15:25,950][root][INFO] - {'loss': nan, 'accuracy': np.float32(0.29296875), 'accuracy_std': np.float32(0.020113839), 'confusion_matrix': <Figure size 3200x3200 with 1 Axes>, 'learning_rate': 0.0007068942939760394, 'epoch_duration': 2.958251953125}
[2026-02-04 00:15:25,950][root][INFO] - Saving plots to C:\Users\icyeg\OneDrive\Desktop\Justin\end_time\outputs\2026-02-04\00-10-12
[2026-02-04 00:15:26,146][root][INFO] - ==================
[2026-02-04 00:15:26,146][root][INFO] - Starting Epoch 88.
[2026-02-04 00:15:29,309][root][INFO] - Evaluating Model.
[2026-02-04 00:15:29,434][root][INFO] - {'loss': nan, 'accuracy': np.float32(0.30859375), 'accuracy_std': np.float32(0.020413864), 'confusion_matrix': <Figure size 3200x3200 with 1 Axes>, 'learning_rate': 0.0005962294775547619, 'epoch_duration': 3.162703275680542}
[2026-02-04 00:15:29,434][root][INFO] - Saving plots to C:\Users\icyeg\OneDrive\Desktop\Justin\end_time\outputs\2026-02-04\00-10-12
[2026-02-04 00:15:29,639][root][INFO] - ==================
[2026-02-04 00:15:29,639][root][INFO] - Starting Epoch 89.
[2026-02-04 00:15:33,258][root][INFO] - Evaluating Model.
[2026-02-04 00:15:33,585][root][INFO] - {'loss': nan, 'accuracy': np.float32(0.29296875), 'accuracy_std': np.float32(0.020113839), 'confusion_matrix': <Figure size 3200x3200 with 1 Axes>, 'learning_rate': 0.0004944333091776672, 'epoch_duration': 3.6198058128356934}
[2026-02-04 00:15:33,587][root][INFO] - Saving plots to C:\Users\icyeg\OneDrive\Desktop\Justin\end_time\outputs\2026-02-04\00-10-12
[2026-02-04 00:15:33,790][root][INFO] - ==================
[2026-02-04 00:15:33,790][root][INFO] - Starting Epoch 90.
[2026-02-04 00:15:37,607][root][INFO] - Evaluating Model.
[2026-02-04 00:15:37,731][root][INFO] - {'loss': nan, 'accuracy': np.float32(0.296875), 'accuracy_std': np.float32(0.020191478), 'confusion_matrix': <Figure size 3200x3200 with 1 Axes>, 'learning_rate': 0.0004017107927805653, 'epoch_duration': 3.816896915435791}
[2026-02-04 00:15:37,731][root][INFO] - Saving plots to C:\Users\icyeg\OneDrive\Desktop\Justin\end_time\outputs\2026-02-04\00-10-12
[2026-02-04 00:15:37,929][root][INFO] - ==================
[2026-02-04 00:15:37,929][root][INFO] - Starting Epoch 91.
[2026-02-04 00:15:41,288][root][INFO] - Evaluating Model.
[2026-02-04 00:15:41,407][root][INFO] - {'loss': nan, 'accuracy': np.float32(0.30273438), 'accuracy_std': np.float32(0.020304628), 'confusion_matrix': <Figure size 3200x3200 with 1 Axes>, 'learning_rate': 0.0003182486591717237, 'epoch_duration': 3.3591148853302}
[2026-02-04 00:15:41,407][root][INFO] - Saving plots to C:\Users\icyeg\OneDrive\Desktop\Justin\end_time\outputs\2026-02-04\00-10-12
[2026-02-04 00:15:41,601][root][INFO] - ==================
[2026-02-04 00:15:41,602][root][INFO] - Starting Epoch 92.
[2026-02-04 00:15:44,729][root][INFO] - Evaluating Model.
[2026-02-04 00:15:44,846][root][INFO] - {'loss': nan, 'accuracy': np.float32(0.31445312), 'accuracy_std': np.float32(0.020519253), 'confusion_matrix': <Figure size 3200x3200 with 1 Axes>, 'learning_rate': 0.0002442149899808703, 'epoch_duration': 3.126413106918335}
[2026-02-04 00:15:44,846][root][INFO] - Saving plots to C:\Users\icyeg\OneDrive\Desktop\Justin\end_time\outputs\2026-02-04\00-10-12
[2026-02-04 00:15:45,043][root][INFO] - ==================
[2026-02-04 00:15:45,043][root][INFO] - Starting Epoch 93.
[2026-02-04 00:15:48,036][root][INFO] - Evaluating Model.
[2026-02-04 00:15:48,159][root][INFO] - {'loss': nan, 'accuracy': np.float32(0.28515625), 'accuracy_std': np.float32(0.019953176), 'confusion_matrix': <Figure size 3200x3200 with 1 Axes>, 'learning_rate': 0.0001797588791651607, 'epoch_duration': 2.9909234046936035}
[2026-02-04 00:15:48,159][root][INFO] - Saving plots to C:\Users\icyeg\OneDrive\Desktop\Justin\end_time\outputs\2026-02-04\00-10-12
[2026-02-04 00:15:48,362][root][INFO] - ==================
[2026-02-04 00:15:48,362][root][INFO] - Starting Epoch 94.
[2026-02-04 00:15:51,488][root][INFO] - Evaluating Model.
[2026-02-04 00:15:51,813][root][INFO] - {'loss': nan, 'accuracy': np.float32(0.265625), 'accuracy_std': np.float32(0.019519038), 'confusion_matrix': <Figure size 3200x3200 with 1 Axes>, 'learning_rate': 0.00012501013275378816, 'epoch_duration': 3.1259782314300537}
[2026-02-04 00:15:51,813][root][INFO] - Saving plots to C:\Users\icyeg\OneDrive\Desktop\Justin\end_time\outputs\2026-02-04\00-10-12
[2026-02-04 00:15:52,019][root][INFO] - ==================
[2026-02-04 00:15:52,019][root][INFO] - Starting Epoch 95.
[2026-02-04 00:15:55,710][root][INFO] - Evaluating Model.
[2026-02-04 00:15:55,836][root][INFO] - {'loss': nan, 'accuracy': np.float32(0.27734375), 'accuracy_std': np.float32(0.019785184), 'confusion_matrix': <Figure size 3200x3200 with 1 Axes>, 'learning_rate': 8.007900743591894e-05, 'epoch_duration': 3.6902294158935547}
[2026-02-04 00:15:55,836][root][INFO] - Saving plots to C:\Users\icyeg\OneDrive\Desktop\Justin\end_time\outputs\2026-02-04\00-10-12
[2026-02-04 00:15:56,037][root][INFO] - ==================
[2026-02-04 00:15:56,037][root][INFO] - Starting Epoch 96.
[2026-02-04 00:15:59,913][root][INFO] - Evaluating Model.
[2026-02-04 00:16:00,030][root][INFO] - {'loss': nan, 'accuracy': np.float32(0.28320312), 'accuracy_std': np.float32(0.019911872), 'confusion_matrix': <Figure size 3200x3200 with 1 Axes>, 'learning_rate': 4.505598851839035e-05, 'epoch_duration': 3.8761708736419678}
[2026-02-04 00:16:00,030][root][INFO] - Saving plots to C:\Users\icyeg\OneDrive\Desktop\Justin\end_time\outputs\2026-02-04\00-10-12
[2026-02-04 00:16:00,233][root][INFO] - ==================
[2026-02-04 00:16:00,233][root][INFO] - Starting Epoch 97.
[2026-02-04 00:16:03,790][root][INFO] - Evaluating Model.
[2026-02-04 00:16:03,910][root][INFO] - {'loss': nan, 'accuracy': np.float32(0.29296875), 'accuracy_std': np.float32(0.020113839), 'confusion_matrix': <Figure size 3200x3200 with 1 Axes>, 'learning_rate': 2.0011607700347206e-05, 'epoch_duration': 3.55676531791687}
[2026-02-04 00:16:03,910][root][INFO] - Saving plots to C:\Users\icyeg\OneDrive\Desktop\Justin\end_time\outputs\2026-02-04\00-10-12
[2026-02-04 00:16:04,113][root][INFO] - ==================
[2026-02-04 00:16:04,113][root][INFO] - Starting Epoch 98.
[2026-02-04 00:16:07,174][root][INFO] - Evaluating Model.
[2026-02-04 00:16:07,293][root][INFO] - {'loss': nan, 'accuracy': np.float32(0.29101562), 'accuracy_std': np.float32(0.02007435), 'confusion_matrix': <Figure size 3200x3200 with 1 Axes>, 'learning_rate': 4.9963010317845574e-06, 'epoch_duration': 3.06130051612854}
[2026-02-04 00:16:07,293][root][INFO] - Saving plots to C:\Users\icyeg\OneDrive\Desktop\Justin\end_time\outputs\2026-02-04\00-10-12
[2026-02-04 00:16:07,494][root][INFO] - ==================
[2026-02-04 00:16:07,494][root][INFO] - Starting Epoch 99.
[2026-02-04 00:16:10,527][root][INFO] - Evaluating Model.
[2026-02-04 00:16:10,858][root][INFO] - {'loss': nan, 'accuracy': np.float32(0.26953125), 'accuracy_std': np.float32(0.019609675), 'confusion_matrix': <Figure size 3200x3200 with 1 Axes>, 'learning_rate': 4.030734205644824e-08, 'epoch_duration': 3.0323050022125244}
[2026-02-04 00:16:10,858][root][INFO] - Saving plots to C:\Users\icyeg\OneDrive\Desktop\Justin\end_time\outputs\2026-02-04\00-10-12
[2026-02-04 00:16:11,065][root][INFO] - Saving Model.
