[2026-02-21 18:23:07,287][root][INFO] - Lattice size: 5, Error rate: 0.01, Noise Model: phenomenological, Measurement Error: 0.01, Epochs: 100
[2026-02-21 18:23:08,687][root][INFO] - Start Training
[2026-02-21 18:23:08,763][root][INFO] - ==================
[2026-02-21 18:23:08,763][root][INFO] - Starting Epoch 0.
[2026-02-21 18:23:17,273][root][INFO] - Evaluating Model.
[2026-02-21 18:23:17,507][root][INFO] - {'loss': 2.7525358516722918, 'accuracy': np.float32(0.171875), 'accuracy_std': np.float32(0.016673215), 'confusion_matrix': <Figure size 3200x3200 with 1 Axes>, 'learning_rate': 4.2630859031628915e-05, 'epoch_duration': 8.509575128555298}
[2026-02-21 18:23:17,507][root][INFO] - Saving plots to C:\Users\icyeg\OneDrive\Desktop\Justin\end_time\outputs\2026-02-21\18-23-07
[2026-02-21 18:23:17,696][root][INFO] - ==================
[2026-02-21 18:23:17,696][root][INFO] - Starting Epoch 1.
[2026-02-21 18:23:20,761][root][INFO] - Evaluating Model.
[2026-02-21 18:23:20,886][root][INFO] - {'loss': 2.6625134982168674, 'accuracy': np.float32(0.17382812), 'accuracy_std': np.float32(0.016747896), 'confusion_matrix': <Figure size 3200x3200 with 1 Axes>, 'learning_rate': 5.0494596879664504e-05, 'epoch_duration': 3.065392017364502}
[2026-02-21 18:23:20,886][root][INFO] - Saving plots to C:\Users\icyeg\OneDrive\Desktop\Justin\end_time\outputs\2026-02-21\18-23-07
[2026-02-21 18:23:21,235][root][INFO] - ==================
[2026-02-21 18:23:21,235][root][INFO] - Starting Epoch 2.
[2026-02-21 18:23:24,471][root][INFO] - Evaluating Model.
[2026-02-21 18:23:24,577][root][INFO] - {'loss': 2.616013651713729, 'accuracy': np.float32(0.16601562), 'accuracy_std': np.float32(0.016444417), 'confusion_matrix': <Figure size 3200x3200 with 1 Axes>, 'learning_rate': 6.350501193685715e-05, 'epoch_duration': 3.2356839179992676}
[2026-02-21 18:23:24,577][root][INFO] - Saving plots to C:\Users\icyeg\OneDrive\Desktop\Justin\end_time\outputs\2026-02-21\18-23-07
[2026-02-21 18:23:24,846][root][INFO] - ==================
[2026-02-21 18:23:24,846][root][INFO] - Starting Epoch 3.
[2026-02-21 18:23:28,112][root][INFO] - Evaluating Model.
[2026-02-21 18:23:28,211][root][INFO] - {'loss': 2.5807675141841173, 'accuracy': np.float32(0.1875), 'accuracy_std': np.float32(0.017249532), 'confusion_matrix': <Figure size 3200x3200 with 1 Axes>, 'learning_rate': 8.151948517004688e-05, 'epoch_duration': 3.26509690284729}
[2026-02-21 18:23:28,211][root][INFO] - Saving plots to C:\Users\icyeg\OneDrive\Desktop\Justin\end_time\outputs\2026-02-21\18-23-07
[2026-02-21 18:23:28,448][root][INFO] - ==================
[2026-02-21 18:23:28,448][root][INFO] - Starting Epoch 4.
[2026-02-21 18:23:31,330][root][INFO] - Evaluating Model.
[2026-02-21 18:23:31,433][root][INFO] - {'loss': 2.567081443965435, 'accuracy': np.float32(0.140625), 'accuracy_std': np.float32(0.015363411), 'confusion_matrix': <Figure size 3200x3200 with 1 Axes>, 'learning_rate': 0.0001043405434975436, 'epoch_duration': 2.8821187019348145}
[2026-02-21 18:23:31,433][root][INFO] - Saving plots to C:\Users\icyeg\OneDrive\Desktop\Justin\end_time\outputs\2026-02-21\18-23-07
[2026-02-21 18:23:31,606][root][INFO] - ==================
[2026-02-21 18:23:31,606][root][INFO] - Starting Epoch 5.
[2026-02-21 18:23:35,351][root][INFO] - Evaluating Model.
[2026-02-21 18:23:35,478][root][INFO] - {'loss': 2.5573481023311615, 'accuracy': np.float32(0.15234375), 'accuracy_std': np.float32(0.015881343), 'confusion_matrix': <Figure size 3200x3200 with 1 Axes>, 'learning_rate': 0.0001317180244717964, 'epoch_duration': 3.7441508769989014}
[2026-02-21 18:23:35,478][root][INFO] - Saving plots to C:\Users\icyeg\OneDrive\Desktop\Justin\end_time\outputs\2026-02-21\18-23-07
[2026-02-21 18:23:35,932][root][INFO] - ==================
[2026-02-21 18:23:35,932][root][INFO] - Starting Epoch 6.
[2026-02-21 18:23:39,532][root][INFO] - Evaluating Model.
[2026-02-21 18:23:39,643][root][INFO] - {'loss': 2.5426162239164114, 'accuracy': np.float32(0.13867188), 'accuracy_std': np.float32(0.015273674), 'confusion_matrix': <Figure size 3200x3200 with 1 Axes>, 'learning_rate': 0.00016335181853828712, 'epoch_duration': 3.6001415252685547}
[2026-02-21 18:23:39,643][root][INFO] - Saving plots to C:\Users\icyeg\OneDrive\Desktop\Justin\end_time\outputs\2026-02-21\18-23-07
[2026-02-21 18:23:39,818][root][INFO] - ==================
[2026-02-21 18:23:39,818][root][INFO] - Starting Epoch 7.
[2026-02-21 18:23:42,986][root][INFO] - Evaluating Model.
[2026-02-21 18:23:43,097][root][INFO] - {'loss': 2.531771132722497, 'accuracy': np.float32(0.18164062), 'accuracy_std': np.float32(0.017038979), 'confusion_matrix': <Figure size 3200x3200 with 1 Axes>, 'learning_rate': 0.0001988951588102469, 'epoch_duration': 3.1678638458251953}
[2026-02-21 18:23:43,097][root][INFO] - Saving plots to C:\Users\icyeg\OneDrive\Desktop\Justin\end_time\outputs\2026-02-21\18-23-07
[2026-02-21 18:23:43,271][root][INFO] - ==================
[2026-02-21 18:23:43,271][root][INFO] - Starting Epoch 8.
[2026-02-21 18:23:46,220][root][INFO] - Evaluating Model.
[2026-02-21 18:23:46,334][root][INFO] - {'loss': 2.5069676153361797, 'accuracy': np.float32(0.20703125), 'accuracy_std': np.float32(0.017906513), 'confusion_matrix': <Figure size 3200x3200 with 1 Axes>, 'learning_rate': 0.0002379584222969728, 'epoch_duration': 2.94948148727417}
[2026-02-21 18:23:46,334][root][INFO] - Saving plots to C:\Users\icyeg\OneDrive\Desktop\Justin\end_time\outputs\2026-02-21\18-23-07
[2026-02-21 18:23:46,544][root][INFO] - ==================
[2026-02-21 18:23:46,544][root][INFO] - Starting Epoch 9.
[2026-02-21 18:23:49,578][root][INFO] - Evaluating Model.
[2026-02-21 18:23:49,710][root][INFO] - {'loss': 2.485323280096054, 'accuracy': np.float32(0.17578125), 'accuracy_std': np.float32(0.016821804), 'confusion_matrix': <Figure size 3200x3200 with 1 Axes>, 'learning_rate': 0.00028011340091701066, 'epoch_duration': 3.0341238975524902}
[2026-02-21 18:23:49,710][root][INFO] - Saving plots to C:\Users\icyeg\OneDrive\Desktop\Justin\end_time\outputs\2026-02-21\18-23-07
[2026-02-21 18:23:49,984][root][INFO] - ==================
[2026-02-21 18:23:49,985][root][INFO] - Starting Epoch 10.
[2026-02-21 18:23:53,347][root][INFO] - Evaluating Model.
[2026-02-21 18:23:53,649][root][INFO] - {'loss': 2.4633802380412817, 'accuracy': np.float32(0.17773438), 'accuracy_std': np.float32(0.016894946), 'confusion_matrix': <Figure size 3200x3200 with 1 Axes>, 'learning_rate': 0.0003248979954777329, 'epoch_duration': 3.3603997230529785}
[2026-02-21 18:23:53,651][root][INFO] - Saving plots to C:\Users\icyeg\OneDrive\Desktop\Justin\end_time\outputs\2026-02-21\18-23-07
[2026-02-21 18:23:53,848][root][INFO] - ==================
[2026-02-21 18:23:53,850][root][INFO] - Starting Epoch 11.
[2026-02-21 18:23:57,048][root][INFO] - Evaluating Model.
[2026-02-21 18:23:57,152][root][INFO] - {'loss': 2.442236866801977, 'accuracy': np.float32(0.19921875), 'accuracy_std': np.float32(0.017651722), 'confusion_matrix': <Figure size 3200x3200 with 1 Axes>, 'learning_rate': 0.00037182128116631456, 'epoch_duration': 3.1980443000793457}
[2026-02-21 18:23:57,152][root][INFO] - Saving plots to C:\Users\icyeg\OneDrive\Desktop\Justin\end_time\outputs\2026-02-21\18-23-07
[2026-02-21 18:23:57,362][root][INFO] - ==================
[2026-02-21 18:23:57,362][root][INFO] - Starting Epoch 12.
[2026-02-21 18:24:00,365][root][INFO] - Evaluating Model.
[2026-02-21 18:24:00,475][root][INFO] - {'loss': 2.415209762752056, 'accuracy': np.float32(0.21484375), 'accuracy_std': np.float32(0.018151162), 'confusion_matrix': <Figure size 3200x3200 with 1 Axes>, 'learning_rate': 0.0004203688890246414, 'epoch_duration': 3.0034055709838867}
[2026-02-21 18:24:00,475][root][INFO] - Saving plots to C:\Users\icyeg\OneDrive\Desktop\Justin\end_time\outputs\2026-02-21\18-23-07
[2026-02-21 18:24:00,647][root][INFO] - ==================
[2026-02-21 18:24:00,647][root][INFO] - Starting Epoch 13.
[2026-02-21 18:24:03,747][root][INFO] - Evaluating Model.
[2026-02-21 18:24:03,852][root][INFO] - {'loss': 2.4025091156363487, 'accuracy': np.float32(0.2109375), 'accuracy_std': np.float32(0.01803008), 'confusion_matrix': <Figure size 3200x3200 with 1 Axes>, 'learning_rate': 0.0004700086444168881, 'epoch_duration': 3.099215507507324}
[2026-02-21 18:24:03,852][root][INFO] - Saving plots to C:\Users\icyeg\OneDrive\Desktop\Justin\end_time\outputs\2026-02-21\18-23-07
[2026-02-21 18:24:04,030][root][INFO] - ==================
[2026-02-21 18:24:04,030][root][INFO] - Starting Epoch 14.
[2026-02-21 18:24:06,652][root][INFO] - Evaluating Model.
[2026-02-21 18:24:06,750][root][INFO] - {'loss': 2.364708587527275, 'accuracy': np.float32(0.23242188), 'accuracy_std': np.float32(0.018666582), 'confusion_matrix': <Figure size 3200x3200 with 1 Axes>, 'learning_rate': 0.0005201964006813814, 'epoch_duration': 2.6223537921905518}
[2026-02-21 18:24:06,750][root][INFO] - Saving plots to C:\Users\icyeg\OneDrive\Desktop\Justin\end_time\outputs\2026-02-21\18-23-07
[2026-02-21 18:24:06,924][root][INFO] - ==================
[2026-02-21 18:24:06,924][root][INFO] - Starting Epoch 15.
[2026-02-21 18:24:10,072][root][INFO] - Evaluating Model.
[2026-02-21 18:24:10,169][root][INFO] - {'loss': 2.3409162499010563, 'accuracy': np.float32(0.23828125), 'accuracy_std': np.float32(0.018828133), 'confusion_matrix': <Figure size 3200x3200 with 1 Axes>, 'learning_rate': 0.0005703820040187645, 'epoch_duration': 3.148275136947632}
[2026-02-21 18:24:10,169][root][INFO] - Saving plots to C:\Users\icyeg\OneDrive\Desktop\Justin\end_time\outputs\2026-02-21\18-23-07
[2026-02-21 18:24:10,346][root][INFO] - ==================
[2026-02-21 18:24:10,346][root][INFO] - Starting Epoch 16.
[2026-02-21 18:24:13,138][root][INFO] - Evaluating Model.
[2026-02-21 18:24:13,232][root][INFO] - {'loss': 2.312134362757206, 'accuracy': np.float32(0.23828125), 'accuracy_std': np.float32(0.018828133), 'confusion_matrix': <Figure size 3200x3200 with 1 Axes>, 'learning_rate': 0.0006200153242298797, 'epoch_duration': 2.792006492614746}
[2026-02-21 18:24:13,232][root][INFO] - Saving plots to C:\Users\icyeg\OneDrive\Desktop\Justin\end_time\outputs\2026-02-21\18-23-07
[2026-02-21 18:24:13,421][root][INFO] - ==================
[2026-02-21 18:24:13,421][root][INFO] - Starting Epoch 17.
[2026-02-21 18:24:16,016][root][INFO] - Evaluating Model.
[2026-02-21 18:24:16,129][root][INFO] - {'loss': 2.278700979426503, 'accuracy': np.float32(0.27148438), 'accuracy_std': np.float32(0.019654268), 'confusion_matrix': <Figure size 3200x3200 with 1 Axes>, 'learning_rate': 0.0006685522851949471, 'epoch_duration': 2.595048427581787}
[2026-02-21 18:24:16,129][root][INFO] - Saving plots to C:\Users\icyeg\OneDrive\Desktop\Justin\end_time\outputs\2026-02-21\18-23-07
[2026-02-21 18:24:16,300][root][INFO] - ==================
[2026-02-21 18:24:16,300][root][INFO] - Starting Epoch 18.
[2026-02-21 18:24:18,935][root][INFO] - Evaluating Model.
[2026-02-21 18:24:19,040][root][INFO] - {'loss': 2.2209493666887283, 'accuracy': np.float32(0.23828125), 'accuracy_std': np.float32(0.018828133), 'confusion_matrix': <Figure size 3200x3200 with 1 Axes>, 'learning_rate': 0.0007154608289884549, 'epoch_duration': 2.635253667831421}
[2026-02-21 18:24:19,040][root][INFO] - Saving plots to C:\Users\icyeg\OneDrive\Desktop\Justin\end_time\outputs\2026-02-21\18-23-07
[2026-02-21 18:24:19,205][root][INFO] - ==================
[2026-02-21 18:24:19,205][root][INFO] - Starting Epoch 19.
[2026-02-21 18:24:22,114][root][INFO] - Evaluating Model.
[2026-02-21 18:24:22,392][root][INFO] - {'loss': 2.1910956343635917, 'accuracy': np.float32(0.24023438), 'accuracy_std': np.float32(0.018880889), 'confusion_matrix': <Figure size 3200x3200 with 1 Axes>, 'learning_rate': 0.0007602267482516548, 'epoch_duration': 2.909334659576416}
[2026-02-21 18:24:22,392][root][INFO] - Saving plots to C:\Users\icyeg\OneDrive\Desktop\Justin\end_time\outputs\2026-02-21\18-23-07
[2026-02-21 18:24:22,574][root][INFO] - ==================
[2026-02-21 18:24:22,574][root][INFO] - Starting Epoch 20.
[2026-02-21 18:24:25,114][root][INFO] - Evaluating Model.
[2026-02-21 18:24:25,205][root][INFO] - {'loss': 2.1603721380233765, 'accuracy': np.float32(0.28125), 'accuracy_std': np.float32(0.019870108), 'confusion_matrix': <Figure size 3200x3200 with 1 Axes>, 'learning_rate': 0.0008023593228887016, 'epoch_duration': 2.5409486293792725}
[2026-02-21 18:24:25,205][root][INFO] - Saving plots to C:\Users\icyeg\OneDrive\Desktop\Justin\end_time\outputs\2026-02-21\18-23-07
[2026-02-21 18:24:25,379][root][INFO] - ==================
[2026-02-21 18:24:25,379][root][INFO] - Starting Epoch 21.
[2026-02-21 18:24:28,047][root][INFO] - Evaluating Model.
[2026-02-21 18:24:28,150][root][INFO] - {'loss': 2.1461252784356475, 'accuracy': np.float32(0.23632812), 'accuracy_std': np.float32(0.018774835), 'confusion_matrix': <Figure size 3200x3200 with 1 Axes>, 'learning_rate': 0.0008413966992974718, 'epoch_duration': 2.6672987937927246}
[2026-02-21 18:24:28,150][root][INFO] - Saving plots to C:\Users\icyeg\OneDrive\Desktop\Justin\end_time\outputs\2026-02-21\18-23-07
[2026-02-21 18:24:28,308][root][INFO] - ==================
[2026-02-21 18:24:28,308][root][INFO] - Starting Epoch 22.
[2026-02-21 18:24:31,207][root][INFO] - Evaluating Model.
[2026-02-21 18:24:31,307][root][INFO] - {'loss': 2.138488412834704, 'accuracy': np.float32(0.25976562), 'accuracy_std': np.float32(0.019379407), 'confusion_matrix': <Figure size 3200x3200 with 1 Axes>, 'learning_rate': 0.0008769109531683984, 'epoch_duration': 2.898789644241333}
[2026-02-21 18:24:31,307][root][INFO] - Saving plots to C:\Users\icyeg\OneDrive\Desktop\Justin\end_time\outputs\2026-02-21\18-23-07
[2026-02-21 18:24:31,481][root][INFO] - ==================
[2026-02-21 18:24:31,481][root][INFO] - Starting Epoch 23.
[2026-02-21 18:24:34,566][root][INFO] - Evaluating Model.
[2026-02-21 18:24:34,671][root][INFO] - {'loss': 2.118915115483105, 'accuracy': np.float32(0.25), 'accuracy_std': np.float32(0.01913664), 'confusion_matrix': <Figure size 3200x3200 with 1 Axes>, 'learning_rate': 0.000908512780353365, 'epoch_duration': 3.085508346557617}
[2026-02-21 18:24:34,671][root][INFO] - Saving plots to C:\Users\icyeg\OneDrive\Desktop\Justin\end_time\outputs\2026-02-21\18-23-07
[2026-02-21 18:24:34,845][root][INFO] - ==================
[2026-02-21 18:24:34,845][root][INFO] - Starting Epoch 24.
[2026-02-21 18:24:37,474][root][INFO] - Evaluating Model.
[2026-02-21 18:24:37,758][root][INFO] - {'loss': 2.0882511865347624, 'accuracy': np.float32(0.28515625), 'accuracy_std': np.float32(0.019953176), 'confusion_matrix': <Figure size 3200x3200 with 1 Axes>, 'learning_rate': 0.0009358557643837654, 'epoch_duration': 2.628293991088867}
[2026-02-21 18:24:37,758][root][INFO] - Saving plots to C:\Users\icyeg\OneDrive\Desktop\Justin\end_time\outputs\2026-02-21\18-23-07
[2026-02-21 18:24:37,932][root][INFO] - ==================
[2026-02-21 18:24:37,932][root][INFO] - Starting Epoch 25.
[2026-02-21 18:24:41,055][root][INFO] - Evaluating Model.
[2026-02-21 18:24:41,182][root][INFO] - {'loss': 2.068577453494072, 'accuracy': np.float32(0.3046875), 'accuracy_std': np.float32(0.02034147), 'confusion_matrix': <Figure size 3200x3200 with 1 Axes>, 'learning_rate': 0.0009586401738575658, 'epoch_duration': 3.1229844093322754}
[2026-02-21 18:24:41,182][root][INFO] - Saving plots to C:\Users\icyeg\OneDrive\Desktop\Justin\end_time\outputs\2026-02-21\18-23-07
[2026-02-21 18:24:41,372][root][INFO] - ==================
[2026-02-21 18:24:41,372][root][INFO] - Starting Epoch 26.
[2026-02-21 18:24:44,651][root][INFO] - Evaluating Model.
[2026-02-21 18:24:44,786][root][INFO] - {'loss': 2.051905424334109, 'accuracy': np.float32(0.24414062), 'accuracy_std': np.float32(0.01898478), 'confusion_matrix': <Figure size 3200x3200 with 1 Axes>, 'learning_rate': 0.0009766162480687476, 'epoch_duration': 3.2794113159179688}
[2026-02-21 18:24:44,786][root][INFO] - Saving plots to C:\Users\icyeg\OneDrive\Desktop\Justin\end_time\outputs\2026-02-21\18-23-07
[2026-02-21 18:24:44,972][root][INFO] - ==================
[2026-02-21 18:24:44,972][root][INFO] - Starting Epoch 27.
[2026-02-21 18:24:48,074][root][INFO] - Evaluating Model.
[2026-02-21 18:24:48,178][root][INFO] - {'loss': 2.0251648277044296, 'accuracy': np.float32(0.28710938), 'accuracy_std': np.float32(0.019994022), 'confusion_matrix': <Figure size 3200x3200 with 1 Axes>, 'learning_rate': 0.0009895869348623453, 'epoch_duration': 3.101811408996582}
[2026-02-21 18:24:48,178][root][INFO] - Saving plots to C:\Users\icyeg\OneDrive\Desktop\Justin\end_time\outputs\2026-02-21\18-23-07
[2026-02-21 18:24:48,346][root][INFO] - ==================
[2026-02-21 18:24:48,346][root][INFO] - Starting Epoch 28.
[2026-02-21 18:24:51,302][root][INFO] - Evaluating Model.
[2026-02-21 18:24:51,572][root][INFO] - {'loss': 1.9979685684666038, 'accuracy': np.float32(0.32617188), 'accuracy_std': np.float32(0.020718716), 'confusion_matrix': <Figure size 3200x3200 with 1 Axes>, 'learning_rate': 0.0009974100507029531, 'epoch_duration': 2.955954074859619}
[2026-02-21 18:24:51,572][root][INFO] - Saving plots to C:\Users\icyeg\OneDrive\Desktop\Justin\end_time\outputs\2026-02-21\18-23-07
[2026-02-21 18:24:51,746][root][INFO] - ==================
[2026-02-21 18:24:51,746][root][INFO] - Starting Epoch 29.
[2026-02-21 18:24:55,429][root][INFO] - Evaluating Model.
[2026-02-21 18:24:55,539][root][INFO] - {'loss': 1.9805466197431087, 'accuracy': np.float32(0.32617188), 'accuracy_std': np.float32(0.020718716), 'confusion_matrix': <Figure size 3200x3200 with 1 Axes>, 'learning_rate': 0.0009999999692657943, 'epoch_duration': 3.6829118728637695}
[2026-02-21 18:24:55,539][root][INFO] - Saving plots to C:\Users\icyeg\OneDrive\Desktop\Justin\end_time\outputs\2026-02-21\18-23-07
[2026-02-21 18:24:55,713][root][INFO] - ==================
[2026-02-21 18:24:55,713][root][INFO] - Starting Epoch 30.
[2026-02-21 18:24:59,810][root][INFO] - Evaluating Model.
[2026-02-21 18:24:59,907][root][INFO] - {'loss': 1.9714152989909053, 'accuracy': np.float32(0.296875), 'accuracy_std': np.float32(0.020191478), 'confusion_matrix': <Figure size 3200x3200 with 1 Axes>, 'learning_rate': 0.0009994886392657102, 'epoch_duration': 4.097312927246094}
[2026-02-21 18:24:59,907][root][INFO] - Saving plots to C:\Users\icyeg\OneDrive\Desktop\Justin\end_time\outputs\2026-02-21\18-23-07
[2026-02-21 18:25:00,095][root][INFO] - ==================
[2026-02-21 18:25:00,095][root][INFO] - Starting Epoch 31.
[2026-02-21 18:25:03,448][root][INFO] - Evaluating Model.
[2026-02-21 18:25:03,555][root][INFO] - {'loss': 1.9617522731423378, 'accuracy': np.float32(0.34375), 'accuracy_std': np.float32(0.020990415), 'confusion_matrix': <Figure size 3200x3200 with 1 Axes>, 'learning_rate': 0.0009979714096471403, 'epoch_duration': 3.353170394897461}
[2026-02-21 18:25:03,555][root][INFO] - Saving plots to C:\Users\icyeg\OneDrive\Desktop\Justin\end_time\outputs\2026-02-21\18-23-07
[2026-02-21 18:25:03,729][root][INFO] - ==================
[2026-02-21 18:25:03,729][root][INFO] - Starting Epoch 32.
[2026-02-21 18:25:06,782][root][INFO] - Evaluating Model.
[2026-02-21 18:25:06,880][root][INFO] - {'loss': 1.9337283540517092, 'accuracy': np.float32(0.32421875), 'accuracy_std': np.float32(0.020686507), 'confusion_matrix': <Figure size 3200x3200 with 1 Axes>, 'learning_rate': 0.0009954513359086191, 'epoch_duration': 3.0527215003967285}
[2026-02-21 18:25:06,880][root][INFO] - Saving plots to C:\Users\icyeg\OneDrive\Desktop\Justin\end_time\outputs\2026-02-21\18-23-07
[2026-02-21 18:25:07,053][root][INFO] - ==================
[2026-02-21 18:25:07,053][root][INFO] - Starting Epoch 33.
[2026-02-21 18:25:10,065][root][INFO] - Evaluating Model.
[2026-02-21 18:25:10,351][root][INFO] - {'loss': 1.908219843171537, 'accuracy': np.float32(0.36523438), 'accuracy_std': np.float32(0.02127931), 'confusion_matrix': <Figure size 3200x3200 with 1 Axes>, 'learning_rate': 0.0009919334931432786, 'epoch_duration': 3.0119454860687256}
[2026-02-21 18:25:10,351][root][INFO] - Saving plots to C:\Users\icyeg\OneDrive\Desktop\Justin\end_time\outputs\2026-02-21\18-23-07
[2026-02-21 18:25:10,509][root][INFO] - ==================
[2026-02-21 18:25:10,523][root][INFO] - Starting Epoch 34.
[2026-02-21 18:25:14,416][root][INFO] - Evaluating Model.
[2026-02-21 18:25:14,527][root][INFO] - {'loss': 1.8866532361134887, 'accuracy': np.float32(0.33789062), 'accuracy_std': np.float32(0.02090345), 'confusion_matrix': <Figure size 3200x3200 with 1 Axes>, 'learning_rate': 0.0009874249658182838, 'epoch_duration': 3.89310359954834}
[2026-02-21 18:25:14,527][root][INFO] - Saving plots to C:\Users\icyeg\OneDrive\Desktop\Justin\end_time\outputs\2026-02-21\18-23-07
[2026-02-21 18:25:14,695][root][INFO] - ==================
[2026-02-21 18:25:14,695][root][INFO] - Starting Epoch 35.
[2026-02-21 18:25:18,390][root][INFO] - Evaluating Model.
[2026-02-21 18:25:18,516][root][INFO] - {'loss': 1.8512717569246888, 'accuracy': np.float32(0.32226562), 'accuracy_std': np.float32(0.020653885), 'confusion_matrix': <Figure size 3200x3200 with 1 Axes>, 'learning_rate': 0.000981934833507661, 'epoch_duration': 3.6950271129608154}
[2026-02-21 18:25:18,516][root][INFO] - Saving plots to C:\Users\icyeg\OneDrive\Desktop\Justin\end_time\outputs\2026-02-21\18-23-07
[2026-02-21 18:25:18,689][root][INFO] - ==================
[2026-02-21 18:25:18,689][root][INFO] - Starting Epoch 36.
[2026-02-21 18:25:22,190][root][INFO] - Evaluating Model.
[2026-02-21 18:25:22,301][root][INFO] - {'loss': 1.860019400715828, 'accuracy': np.float32(0.3203125), 'accuracy_std': np.float32(0.020620853), 'confusion_matrix': <Figure size 3200x3200 with 1 Axes>, 'learning_rate': 0.0009754741526072422, 'epoch_duration': 3.5003628730773926}
[2026-02-21 18:25:22,301][root][INFO] - Saving plots to C:\Users\icyeg\OneDrive\Desktop\Justin\end_time\outputs\2026-02-21\18-23-07
[2026-02-21 18:25:22,476][root][INFO] - ==================
[2026-02-21 18:25:22,476][root][INFO] - Starting Epoch 37.
[2026-02-21 18:25:25,846][root][INFO] - Evaluating Model.
[2026-02-21 18:25:25,957][root][INFO] - {'loss': 1.8396239811554551, 'accuracy': np.float32(0.37304688), 'accuracy_std': np.float32(0.02137294), 'confusion_matrix': <Figure size 3200x3200 with 1 Axes>, 'learning_rate': 0.0009680559340685569, 'epoch_duration': 3.3702995777130127}
[2026-02-21 18:25:25,957][root][INFO] - Saving plots to C:\Users\icyeg\OneDrive\Desktop\Justin\end_time\outputs\2026-02-21\18-23-07
[2026-02-21 18:25:26,132][root][INFO] - ==================
[2026-02-21 18:25:26,132][root][INFO] - Starting Epoch 38.
[2026-02-21 18:25:29,054][root][INFO] - Evaluating Model.
[2026-02-21 18:25:29,338][root][INFO] - {'loss': 1.8226759443059564, 'accuracy': np.float32(0.33007812), 'accuracy_std': np.float32(0.02078191), 'confusion_matrix': <Figure size 3200x3200 with 1 Axes>, 'learning_rate': 0.0009596951171965055, 'epoch_duration': 2.922285795211792}
[2026-02-21 18:25:29,338][root][INFO] - Saving plots to C:\Users\icyeg\OneDrive\Desktop\Justin\end_time\outputs\2026-02-21\18-23-07
[2026-02-21 18:25:29,512][root][INFO] - ==================
[2026-02-21 18:25:29,512][root][INFO] - Starting Epoch 39.
[2026-02-21 18:25:32,307][root][INFO] - Evaluating Model.
[2026-02-21 18:25:32,420][root][INFO] - {'loss': 1.8026991356164217, 'accuracy': np.float32(0.33984375), 'accuracy_std': np.float32(0.020932835), 'confusion_matrix': <Figure size 3200x3200 with 1 Axes>, 'learning_rate': 0.000950408539563589, 'epoch_duration': 2.7941761016845703}
[2026-02-21 18:25:32,420][root][INFO] - Saving plots to C:\Users\icyeg\OneDrive\Desktop\Justin\end_time\outputs\2026-02-21\18-23-07
[2026-02-21 18:25:32,592][root][INFO] - ==================
[2026-02-21 18:25:32,592][root][INFO] - Starting Epoch 40.
[2026-02-21 18:25:35,952][root][INFO] - Evaluating Model.
[2026-02-21 18:25:36,061][root][INFO] - {'loss': 1.7756357043981552, 'accuracy': np.float32(0.36328125), 'accuracy_std': np.float32(0.021254962), 'confusion_matrix': <Figure size 3200x3200 with 1 Axes>, 'learning_rate': 0.0009402149031012783, 'epoch_duration': 3.3599419593811035}
[2026-02-21 18:25:36,061][root][INFO] - Saving plots to C:\Users\icyeg\OneDrive\Desktop\Justin\end_time\outputs\2026-02-21\18-23-07
[2026-02-21 18:25:36,236][root][INFO] - ==================
[2026-02-21 18:25:36,236][root][INFO] - Starting Epoch 41.
[2026-02-21 18:25:40,251][root][INFO] - Evaluating Model.
[2026-02-21 18:25:40,346][root][INFO] - {'loss': 1.7751215631142259, 'accuracy': np.float32(0.3515625), 'accuracy_std': np.float32(0.02110087), 'confusion_matrix': <Figure size 3200x3200 with 1 Axes>, 'learning_rate': 0.000929134736436812, 'epoch_duration': 4.015251159667969}
[2026-02-21 18:25:40,346][root][INFO] - Saving plots to C:\Users\icyeg\OneDrive\Desktop\Justin\end_time\outputs\2026-02-21\18-23-07
[2026-02-21 18:25:40,520][root][INFO] - ==================
[2026-02-21 18:25:40,520][root][INFO] - Starting Epoch 42.
[2026-02-21 18:25:44,490][root][INFO] - Evaluating Model.
[2026-02-21 18:25:44,759][root][INFO] - {'loss': 1.7674119425937533, 'accuracy': np.float32(0.34570312), 'accuracy_std': np.float32(0.021018615), 'confusion_matrix': <Figure size 3200x3200 with 1 Axes>, 'learning_rate': 0.000917190353551275, 'epoch_duration': 3.9698703289031982}
[2026-02-21 18:25:44,759][root][INFO] - Saving plots to C:\Users\icyeg\OneDrive\Desktop\Justin\end_time\outputs\2026-02-21\18-23-07
[2026-02-21 18:25:44,933][root][INFO] - ==================
[2026-02-21 18:25:44,933][root][INFO] - Starting Epoch 43.
[2026-02-21 18:25:47,885][root][INFO] - Evaluating Model.
[2026-02-21 18:25:47,977][root][INFO] - {'loss': 1.7585837952792645, 'accuracy': np.float32(0.37109375), 'accuracy_std': np.float32(0.021350095), 'confusion_matrix': <Figure size 3200x3200 with 1 Axes>, 'learning_rate': 0.0009044058088422085, 'epoch_duration': 2.9512598514556885}
[2026-02-21 18:25:47,977][root][INFO] - Saving plots to C:\Users\icyeg\OneDrive\Desktop\Justin\end_time\outputs\2026-02-21\18-23-07
[2026-02-21 18:25:48,152][root][INFO] - ==================
[2026-02-21 18:25:48,152][root][INFO] - Starting Epoch 44.
[2026-02-21 18:25:51,049][root][INFO] - Evaluating Model.
[2026-02-21 18:25:51,148][root][INFO] - {'loss': 1.7391627235338092, 'accuracy': np.float32(0.375), 'accuracy_std': np.float32(0.021395413), 'confusion_matrix': <Figure size 3200x3200 with 1 Axes>, 'learning_rate': 0.0008908068486812562, 'epoch_duration': 2.897179365158081}
[2026-02-21 18:25:51,148][root][INFO] - Saving plots to C:\Users\icyeg\OneDrive\Desktop\Justin\end_time\outputs\2026-02-21\18-23-07
[2026-02-21 18:25:51,322][root][INFO] - ==================
[2026-02-21 18:25:51,322][root][INFO] - Starting Epoch 45.
[2026-02-21 18:25:54,621][root][INFO] - Evaluating Model.
[2026-02-21 18:25:54,716][root][INFO] - {'loss': 1.7362638274207711, 'accuracy': np.float32(0.35351562), 'accuracy_std': np.float32(0.02112751), 'confusion_matrix': <Figure size 3200x3200 with 1 Axes>, 'learning_rate': 0.0008764208595643965, 'epoch_duration': 3.2988595962524414}
[2026-02-21 18:25:54,716][root][INFO] - Saving plots to C:\Users\icyeg\OneDrive\Desktop\Justin\end_time\outputs\2026-02-21\18-23-07
[2026-02-21 18:25:54,890][root][INFO] - ==================
[2026-02-21 18:25:54,890][root][INFO] - Starting Epoch 46.
[2026-02-21 18:25:59,013][root][INFO] - Evaluating Model.
[2026-02-21 18:25:59,123][root][INFO] - {'loss': 1.721220294944942, 'accuracy': np.float32(0.34765625), 'accuracy_std': np.float32(0.021046422), 'confusion_matrix': <Figure size 3200x3200 with 1 Axes>, 'learning_rate': 0.0008612768129591856, 'epoch_duration': 4.12295937538147}
[2026-02-21 18:25:59,123][root][INFO] - Saving plots to C:\Users\icyeg\OneDrive\Desktop\Justin\end_time\outputs\2026-02-21\18-23-07
[2026-02-21 18:25:59,281][root][INFO] - ==================
[2026-02-21 18:25:59,281][root][INFO] - Starting Epoch 47.
[2026-02-21 18:26:02,970][root][INFO] - Evaluating Model.
[2026-02-21 18:26:03,297][root][INFO] - {'loss': 1.7074028309434652, 'accuracy': np.float32(0.3828125), 'accuracy_std': np.float32(0.0214816), 'confusion_matrix': <Figure size 3200x3200 with 1 Axes>, 'learning_rate': 0.0008454052069600769, 'epoch_duration': 3.6889946460723877}
[2026-02-21 18:26:03,297][root][INFO] - Saving plots to C:\Users\icyeg\OneDrive\Desktop\Justin\end_time\outputs\2026-02-21\18-23-07
[2026-02-21 18:26:03,492][root][INFO] - ==================
[2026-02-21 18:26:03,492][root][INFO] - Starting Epoch 48.
[2026-02-21 18:26:07,120][root][INFO] - Evaluating Model.
[2026-02-21 18:26:07,246][root][INFO] - {'loss': 1.690591972321272, 'accuracy': np.float32(0.35546875), 'accuracy_std': np.float32(0.021153767), 'confusion_matrix': <Figure size 3200x3200 with 1 Axes>, 'learning_rate': 0.0008288380048693179, 'epoch_duration': 3.628251314163208}
[2026-02-21 18:26:07,246][root][INFO] - Saving plots to C:\Users\icyeg\OneDrive\Desktop\Justin\end_time\outputs\2026-02-21\18-23-07
[2026-02-21 18:26:07,435][root][INFO] - ==================
[2026-02-21 18:26:07,435][root][INFO] - Starting Epoch 49.
[2026-02-21 18:26:10,464][root][INFO] - Evaluating Model.
[2026-02-21 18:26:10,558][root][INFO] - {'loss': 1.686358580365777, 'accuracy': np.float32(0.3828125), 'accuracy_std': np.float32(0.0214816), 'confusion_matrix': <Figure size 3200x3200 with 1 Axes>, 'learning_rate': 0.0008116085708271118, 'epoch_duration': 3.0284526348114014}
[2026-02-21 18:26:10,558][root][INFO] - Saving plots to C:\Users\icyeg\OneDrive\Desktop\Justin\end_time\outputs\2026-02-21\18-23-07
[2026-02-21 18:26:10,732][root][INFO] - ==================
[2026-02-21 18:26:10,732][root][INFO] - Starting Epoch 50.
[2026-02-21 18:26:13,310][root][INFO] - Evaluating Model.
[2026-02-21 18:26:13,420][root][INFO] - {'loss': 1.6791049763560295, 'accuracy': np.float32(0.39453125), 'accuracy_std': np.float32(0.021599893), 'confusion_matrix': <Figure size 3200x3200 with 1 Axes>, 'learning_rate': 0.000793751602620682, 'epoch_duration': 2.5772509574890137}
[2026-02-21 18:26:13,420][root][INFO] - Saving plots to C:\Users\icyeg\OneDrive\Desktop\Justin\end_time\outputs\2026-02-21\18-23-07
[2026-02-21 18:26:13,595][root][INFO] - ==================
[2026-02-21 18:26:13,595][root][INFO] - Starting Epoch 51.
[2026-02-21 18:26:16,565][root][INFO] - Evaluating Model.
[2026-02-21 18:26:16,661][root][INFO] - {'loss': 1.6707357931882143, 'accuracy': np.float32(0.41992188), 'accuracy_std': np.float32(0.02181185), 'confusion_matrix': <Figure size 3200x3200 with 1 Axes>, 'learning_rate': 0.0007753030618075433, 'epoch_duration': 2.9703662395477295}
[2026-02-21 18:26:16,661][root][INFO] - Saving plots to C:\Users\icyeg\OneDrive\Desktop\Justin\end_time\outputs\2026-02-21\18-23-07
[2026-02-21 18:26:16,836][root][INFO] - ==================
[2026-02-21 18:26:16,836][root][INFO] - Starting Epoch 52.
[2026-02-21 18:26:19,604][root][INFO] - Evaluating Model.
[2026-02-21 18:26:19,872][root][INFO] - {'loss': 1.664809481240809, 'accuracy': np.float32(0.35546875), 'accuracy_std': np.float32(0.021153767), 'confusion_matrix': <Figure size 3200x3200 with 1 Axes>, 'learning_rate': 0.0007563001012937137, 'epoch_duration': 2.7683792114257812}
[2026-02-21 18:26:19,872][root][INFO] - Saving plots to C:\Users\icyeg\OneDrive\Desktop\Justin\end_time\outputs\2026-02-21\18-23-07
[2026-02-21 18:26:20,045][root][INFO] - ==================
[2026-02-21 18:26:20,045][root][INFO] - Starting Epoch 53.
[2026-02-21 18:26:22,880][root][INFO] - Evaluating Model.
[2026-02-21 18:26:22,991][root][INFO] - {'loss': 1.6497220806777477, 'accuracy': np.float32(0.35546875), 'accuracy_std': np.float32(0.021153767), 'confusion_matrix': <Figure size 3200x3200 with 1 Axes>, 'learning_rate': 0.0007367809905127035, 'epoch_duration': 2.8348543643951416}
[2026-02-21 18:26:22,991][root][INFO] - Saving plots to C:\Users\icyeg\OneDrive\Desktop\Justin\end_time\outputs\2026-02-21\18-23-07
[2026-02-21 18:26:23,164][root][INFO] - ==================
[2026-02-21 18:26:23,164][root][INFO] - Starting Epoch 54.
[2026-02-21 18:26:25,886][root][INFO] - Evaluating Model.
[2026-02-21 18:26:26,006][root][INFO] - {'loss': 1.6407293090596795, 'accuracy': np.float32(0.40039062), 'accuracy_std': np.float32(0.021654151), 'confusion_matrix': <Figure size 3200x3200 with 1 Axes>, 'learning_rate': 0.0007167850383559713, 'epoch_duration': 2.721076011657715}
[2026-02-21 18:26:26,006][root][INFO] - Saving plots to C:\Users\icyeg\OneDrive\Desktop\Justin\end_time\outputs\2026-02-21\18-23-07
[2026-02-21 18:26:26,175][root][INFO] - ==================
[2026-02-21 18:26:26,175][root][INFO] - Starting Epoch 55.
[2026-02-21 18:26:28,839][root][INFO] - Evaluating Model.
[2026-02-21 18:26:28,949][root][INFO] - {'loss': 1.6355885388329625, 'accuracy': np.float32(0.44726562), 'accuracy_std': np.float32(0.021973843), 'confusion_matrix': <Figure size 3200x3200 with 1 Axes>, 'learning_rate': 0.000696352514010047, 'epoch_duration': 2.664501428604126}
[2026-02-21 18:26:28,949][root][INFO] - Saving plots to C:\Users\icyeg\OneDrive\Desktop\Justin\end_time\outputs\2026-02-21\18-23-07
[2026-02-21 18:26:29,122][root][INFO] - ==================
[2026-02-21 18:26:29,122][root][INFO] - Starting Epoch 56.
[2026-02-21 18:26:31,674][root][INFO] - Evaluating Model.
[2026-02-21 18:26:31,784][root][INFO] - {'loss': 1.6402697712182999, 'accuracy': np.float32(0.4140625), 'accuracy_std': np.float32(0.021768255), 'confusion_matrix': <Figure size 3200x3200 with 1 Axes>, 'learning_rate': 0.0006755245658597493, 'epoch_duration': 2.551480293273926}
[2026-02-21 18:26:31,784][root][INFO] - Saving plots to C:\Users\icyeg\OneDrive\Desktop\Justin\end_time\outputs\2026-02-21\18-23-07
[2026-02-21 18:26:32,131][root][INFO] - ==================
[2026-02-21 18:26:32,131][root][INFO] - Starting Epoch 57.
[2026-02-21 18:26:35,535][root][INFO] - Evaluating Model.
[2026-02-21 18:26:35,646][root][INFO] - {'loss': 1.627422354184091, 'accuracy': np.float32(0.42773438), 'accuracy_std': np.float32(0.021865074), 'confusion_matrix': <Figure size 3200x3200 with 1 Axes>, 'learning_rate': 0.0006543431386208144, 'epoch_duration': 3.404024839401245}
[2026-02-21 18:26:35,646][root][INFO] - Saving plots to C:\Users\icyeg\OneDrive\Desktop\Justin\end_time\outputs\2026-02-21\18-23-07
[2026-02-21 18:26:35,820][root][INFO] - ==================
[2026-02-21 18:26:35,820][root][INFO] - Starting Epoch 58.
[2026-02-21 18:26:38,834][root][INFO] - Evaluating Model.
[2026-02-21 18:26:38,929][root][INFO] - {'loss': 1.622765420936048, 'accuracy': np.float32(0.37890625), 'accuracy_std': np.float32(0.021439245), 'confusion_matrix': <Figure size 3200x3200 with 1 Axes>, 'learning_rate': 0.0006328508888688218, 'epoch_duration': 3.0137875080108643}
[2026-02-21 18:26:38,929][root][INFO] - Saving plots to C:\Users\icyeg\OneDrive\Desktop\Justin\end_time\outputs\2026-02-21\18-23-07
[2026-02-21 18:26:39,118][root][INFO] - ==================
[2026-02-21 18:26:39,118][root][INFO] - Starting Epoch 59.
[2026-02-21 18:26:42,000][root][INFO] - Evaluating Model.
[2026-02-21 18:26:42,095][root][INFO] - {'loss': 1.5951514951884747, 'accuracy': np.float32(0.37890625), 'accuracy_std': np.float32(0.021439245), 'confusion_matrix': <Figure size 3200x3200 with 1 Axes>, 'learning_rate': 0.0006110910991345268, 'epoch_duration': 2.8823397159576416}
[2026-02-21 18:26:42,095][root][INFO] - Saving plots to C:\Users\icyeg\OneDrive\Desktop\Justin\end_time\outputs\2026-02-21\18-23-07
[2026-02-21 18:26:42,285][root][INFO] - ==================
[2026-02-21 18:26:42,285][root][INFO] - Starting Epoch 60.
[2026-02-21 18:26:44,896][root][INFO] - Evaluating Model.
[2026-02-21 18:26:45,054][root][INFO] - {'loss': 1.5873978063464165, 'accuracy': np.float32(0.42773438), 'accuracy_std': np.float32(0.021865074), 'confusion_matrix': <Figure size 3200x3200 with 1 Axes>, 'learning_rate': 0.0005891075907386043, 'epoch_duration': 2.611502170562744}
[2026-02-21 18:26:45,054][root][INFO] - Saving plots to C:\Users\icyeg\OneDrive\Desktop\Justin\end_time\outputs\2026-02-21\18-23-07
[2026-02-21 18:26:45,306][root][INFO] - ==================
[2026-02-21 18:26:45,306][root][INFO] - Starting Epoch 61.
[2026-02-21 18:26:48,461][root][INFO] - Evaluating Model.
[2026-02-21 18:26:48,824][root][INFO] - {'loss': 1.6060760617256165, 'accuracy': np.float32(0.390625), 'accuracy_std': np.float32(0.021561917), 'confusion_matrix': <Figure size 3200x3200 with 1 Axes>, 'learning_rate': 0.0005669446355413405, 'epoch_duration': 3.1550164222717285}
[2026-02-21 18:26:48,824][root][INFO] - Saving plots to C:\Users\icyeg\OneDrive\Desktop\Justin\end_time\outputs\2026-02-21\18-23-07
[2026-02-21 18:26:49,060][root][INFO] - ==================
[2026-02-21 18:26:49,060][root][INFO] - Starting Epoch 62.
[2026-02-21 18:26:51,990][root][INFO] - Evaluating Model.
[2026-02-21 18:26:52,098][root][INFO] - {'loss': 1.579258318990469, 'accuracy': np.float32(0.390625), 'accuracy_std': np.float32(0.021561917), 'confusion_matrix': <Figure size 3200x3200 with 1 Axes>, 'learning_rate': 0.0005446468667849985, 'epoch_duration': 2.9299070835113525}
[2026-02-21 18:26:52,098][root][INFO] - Saving plots to C:\Users\icyeg\OneDrive\Desktop\Justin\end_time\outputs\2026-02-21\18-23-07
[2026-02-21 18:26:52,288][root][INFO] - ==================
[2026-02-21 18:26:52,288][root][INFO] - Starting Epoch 63.
[2026-02-21 18:26:55,733][root][INFO] - Evaluating Model.
[2026-02-21 18:26:55,890][root][INFO] - {'loss': 1.586156578734517, 'accuracy': np.float32(0.42382812), 'accuracy_std': np.float32(0.02183916), 'confusion_matrix': <Figure size 3200x3200 with 1 Axes>, 'learning_rate': 0.0005222591892084077, 'epoch_duration': 3.4447717666625977}
[2026-02-21 18:26:55,890][root][INFO] - Saving plots to C:\Users\icyeg\OneDrive\Desktop\Justin\end_time\outputs\2026-02-21\18-23-07
[2026-02-21 18:26:56,126][root][INFO] - ==================
[2026-02-21 18:26:56,126][root][INFO] - Starting Epoch 64.
[2026-02-21 18:26:59,567][root][INFO] - Evaluating Model.
[2026-02-21 18:26:59,661][root][INFO] - {'loss': 1.5669910702854395, 'accuracy': np.float32(0.390625), 'accuracy_std': np.float32(0.021561917), 'confusion_matrix': <Figure size 3200x3200 with 1 Axes>, 'learning_rate': 0.0004998266886147961, 'epoch_duration': 3.440882444381714}
[2026-02-21 18:26:59,661][root][INFO] - Saving plots to C:\Users\icyeg\OneDrive\Desktop\Justin\end_time\outputs\2026-02-21\18-23-07
[2026-02-21 18:26:59,852][root][INFO] - ==================
[2026-02-21 18:26:59,852][root][INFO] - Starting Epoch 65.
[2026-02-21 18:27:03,153][root][INFO] - Evaluating Model.
[2026-02-21 18:27:03,295][root][INFO] - {'loss': 1.5841766465455294, 'accuracy': np.float32(0.42578125), 'accuracy_std': np.float32(0.02185229), 'confusion_matrix': <Figure size 3200x3200 with 1 Axes>, 'learning_rate': 0.000477394541074984, 'epoch_duration': 3.301588296890259}
[2026-02-21 18:27:03,295][root][INFO] - Saving plots to C:\Users\icyeg\OneDrive\Desktop\Justin\end_time\outputs\2026-02-21\18-23-07
[2026-02-21 18:27:03,485][root][INFO] - ==================
[2026-02-21 18:27:03,485][root][INFO] - Starting Epoch 66.
[2026-02-21 18:27:06,746][root][INFO] - Evaluating Model.
[2026-02-21 18:27:07,042][root][INFO] - {'loss': 1.5783821661025286, 'accuracy': np.float32(0.41796875), 'accuracy_std': np.float32(0.02179767), 'confusion_matrix': <Figure size 3200x3200 with 1 Axes>, 'learning_rate': 0.0004550079219487864, 'epoch_duration': 3.261416435241699}
[2026-02-21 18:27:07,042][root][INFO] - Saving plots to C:\Users\icyeg\OneDrive\Desktop\Justin\end_time\outputs\2026-02-21\18-23-07
[2026-02-21 18:27:07,244][root][INFO] - ==================
[2026-02-21 18:27:07,245][root][INFO] - Starting Epoch 67.
[2026-02-21 18:27:10,006][root][INFO] - Evaluating Model.
[2026-02-21 18:27:10,143][root][INFO] - {'loss': 1.5702920444309711, 'accuracy': np.float32(0.41015625), 'accuracy_std': np.float32(0.021737428), 'confusion_matrix': <Figure size 3200x3200 with 1 Axes>, 'learning_rate': 0.00043271191490785397, 'epoch_duration': 2.7618799209594727}
[2026-02-21 18:27:10,143][root][INFO] - Saving plots to C:\Users\icyeg\OneDrive\Desktop\Justin\end_time\outputs\2026-02-21\18-23-07
[2026-02-21 18:27:10,381][root][INFO] - ==================
[2026-02-21 18:27:10,381][root][INFO] - Starting Epoch 68.
[2026-02-21 18:27:13,811][root][INFO] - Evaluating Model.
[2026-02-21 18:27:13,905][root][INFO] - {'loss': 1.5656768484041095, 'accuracy': np.float32(0.40625), 'accuracy_std': np.float32(0.021705186), 'confusion_matrix': <Figure size 3200x3200 with 1 Axes>, 'learning_rate': 0.0004105514211431556, 'epoch_duration': 3.4298877716064453}
[2026-02-21 18:27:13,905][root][INFO] - Saving plots to C:\Users\icyeg\OneDrive\Desktop\Justin\end_time\outputs\2026-02-21\18-23-07
[2026-02-21 18:27:14,095][root][INFO] - ==================
[2026-02-21 18:27:14,095][root][INFO] - Starting Epoch 69.
[2026-02-21 18:27:17,711][root][INFO] - Evaluating Model.
[2026-02-21 18:27:17,805][root][INFO] - {'loss': 1.5425606220960617, 'accuracy': np.float32(0.390625), 'accuracy_std': np.float32(0.021561917), 'confusion_matrix': <Figure size 3200x3200 with 1 Axes>, 'learning_rate': 0.0003885710689399566, 'epoch_duration': 3.615259885787964}
[2026-02-21 18:27:17,805][root][INFO] - Saving plots to C:\Users\icyeg\OneDrive\Desktop\Justin\end_time\outputs\2026-02-21\18-23-07
[2026-02-21 18:27:17,980][root][INFO] - ==================
[2026-02-21 18:27:17,980][root][INFO] - Starting Epoch 70.
[2026-02-21 18:27:21,961][root][INFO] - Evaluating Model.
[2026-02-21 18:27:22,072][root][INFO] - {'loss': 1.5458679320290685, 'accuracy': np.float32(0.41210938), 'accuracy_std': np.float32(0.021753019), 'confusion_matrix': <Figure size 3200x3200 with 1 Axes>, 'learning_rate': 0.0003668151238023914, 'epoch_duration': 3.9809954166412354}
[2026-02-21 18:27:22,072][root][INFO] - Saving plots to C:\Users\icyeg\OneDrive\Desktop\Justin\end_time\outputs\2026-02-21\18-23-07
[2026-02-21 18:27:22,419][root][INFO] - ==================
[2026-02-21 18:27:22,419][root][INFO] - Starting Epoch 71.
[2026-02-21 18:27:25,834][root][INFO] - Evaluating Model.
[2026-02-21 18:27:25,945][root][INFO] - {'loss': 1.529054676182568, 'accuracy': np.float32(0.42382812), 'accuracy_std': np.float32(0.02183916), 'confusion_matrix': <Figure size 3200x3200 with 1 Axes>, 'learning_rate': 0.0003453273993086283, 'epoch_duration': 3.415199041366577}
[2026-02-21 18:27:25,945][root][INFO] - Saving plots to C:\Users\icyeg\OneDrive\Desktop\Justin\end_time\outputs\2026-02-21\18-23-07
[2026-02-21 18:27:26,119][root][INFO] - ==================
[2026-02-21 18:27:26,119][root][INFO] - Starting Epoch 72.
[2026-02-21 18:27:29,487][root][INFO] - Evaluating Model.
[2026-02-21 18:27:29,598][root][INFO] - {'loss': 1.5355744641274214, 'accuracy': np.float32(0.421875), 'accuracy_std': np.float32(0.02182568), 'confusion_matrix': <Figure size 3200x3200 with 1 Axes>, 'learning_rate': 0.00032415116887615515, 'epoch_duration': 3.3680315017700195}
[2026-02-21 18:27:29,598][root][INFO] - Saving plots to C:\Users\icyeg\OneDrive\Desktop\Justin\end_time\outputs\2026-02-21\18-23-07
[2026-02-21 18:27:29,773][root][INFO] - ==================
[2026-02-21 18:27:29,773][root][INFO] - Starting Epoch 73.
[2026-02-21 18:27:32,997][root][INFO] - Evaluating Model.
[2026-02-21 18:27:33,108][root][INFO] - {'loss': 1.5328948376700282, 'accuracy': np.float32(0.40234375), 'accuracy_std': np.float32(0.02167152), 'confusion_matrix': <Figure size 3200x3200 with 1 Axes>, 'learning_rate': 0.00030332907861487445, 'epoch_duration': 3.223284959793091}
[2026-02-21 18:27:33,108][root][INFO] - Saving plots to C:\Users\icyeg\OneDrive\Desktop\Justin\end_time\outputs\2026-02-21\18-23-07
[2026-02-21 18:27:33,282][root][INFO] - ==================
[2026-02-21 18:27:33,282][root][INFO] - Starting Epoch 74.
[2026-02-21 18:27:36,145][root][INFO] - Evaluating Model.
[2026-02-21 18:27:36,240][root][INFO] - {'loss': 1.5347835151478648, 'accuracy': np.float32(0.41015625), 'accuracy_std': np.float32(0.021737428), 'confusion_matrix': <Figure size 3200x3200 with 1 Axes>, 'learning_rate': 0.000282903061443514, 'epoch_duration': 2.862870216369629}
[2026-02-21 18:27:36,240][root][INFO] - Saving plots to C:\Users\icyeg\OneDrive\Desktop\Justin\end_time\outputs\2026-02-21\18-23-07
[2026-02-21 18:27:36,430][root][INFO] - ==================
[2026-02-21 18:27:36,430][root][INFO] - Starting Epoch 75.
[2026-02-21 18:27:39,528][root][INFO] - Evaluating Model.
[2026-02-21 18:27:39,796][root][INFO] - {'loss': 1.5180333694443107, 'accuracy': np.float32(0.453125), 'accuracy_std': np.float32(0.021999767), 'confusion_matrix': <Figure size 3200x3200 with 1 Axes>, 'learning_rate': 0.0002629142526423086, 'epoch_duration': 3.098705768585205}
[2026-02-21 18:27:39,796][root][INFO] - Saving plots to C:\Users\icyeg\OneDrive\Desktop\Justin\end_time\outputs\2026-02-21\18-23-07
[2026-02-21 18:27:39,969][root][INFO] - ==================
[2026-02-21 18:27:39,969][root][INFO] - Starting Epoch 76.
[2026-02-21 18:27:43,392][root][INFO] - Evaluating Model.
[2026-02-21 18:27:43,503][root][INFO] - {'loss': 1.54143822286278, 'accuracy': np.float32(0.41796875), 'accuracy_std': np.float32(0.02179767), 'confusion_matrix': <Figure size 3200x3200 with 1 Axes>, 'learning_rate': 0.0002434029070120209, 'epoch_duration': 3.422513246536255}
[2026-02-21 18:27:43,503][root][INFO] - Saving plots to C:\Users\icyeg\OneDrive\Desktop\Justin\end_time\outputs\2026-02-21\18-23-07
[2026-02-21 18:27:43,742][root][INFO] - ==================
[2026-02-21 18:27:43,742][root][INFO] - Starting Epoch 77.
[2026-02-21 18:27:47,340][root][INFO] - Evaluating Model.
[2026-02-21 18:27:47,457][root][INFO] - {'loss': 1.5148987164720893, 'accuracy': np.float32(0.38085938), 'accuracy_std': np.float32(0.021460606), 'confusion_matrix': <Figure size 3200x3200 with 1 Axes>, 'learning_rate': 0.000224408317806129, 'epoch_duration': 3.5984668731689453}
[2026-02-21 18:27:47,457][root][INFO] - Saving plots to C:\Users\icyeg\OneDrive\Desktop\Justin\end_time\outputs\2026-02-21\18-23-07
[2026-02-21 18:27:47,673][root][INFO] - ==================
[2026-02-21 18:27:47,674][root][INFO] - Starting Epoch 78.
[2026-02-21 18:27:50,771][root][INFO] - Evaluating Model.
[2026-02-21 18:27:50,866][root][INFO] - {'loss': 1.5166459577158093, 'accuracy': np.float32(0.41992188), 'accuracy_std': np.float32(0.02181185), 'confusion_matrix': <Figure size 3200x3200 with 1 Axes>, 'learning_rate': 0.00020596873759944369, 'epoch_duration': 3.0964748859405518}
[2026-02-21 18:27:50,866][root][INFO] - Saving plots to C:\Users\icyeg\OneDrive\Desktop\Justin\end_time\outputs\2026-02-21\18-23-07
[2026-02-21 18:27:51,073][root][INFO] - ==================
[2026-02-21 18:27:51,073][root][INFO] - Starting Epoch 79.
[2026-02-21 18:27:54,281][root][INFO] - Evaluating Model.
[2026-02-21 18:27:54,595][root][INFO] - {'loss': 1.5120209474116564, 'accuracy': np.float32(0.44726562), 'accuracy_std': np.float32(0.021973843), 'confusion_matrix': <Figure size 3200x3200 with 1 Axes>, 'learning_rate': 0.0001881213012525135, 'epoch_duration': 3.20866060256958}
[2026-02-21 18:27:54,595][root][INFO] - Saving plots to C:\Users\icyeg\OneDrive\Desktop\Justin\end_time\outputs\2026-02-21\18-23-07
[2026-02-21 18:27:54,785][root][INFO] - ==================
[2026-02-21 18:27:54,785][root][INFO] - Starting Epoch 80.
[2026-02-21 18:27:57,720][root][INFO] - Evaluating Model.
[2026-02-21 18:27:57,831][root][INFO] - {'loss': 1.5045924801379442, 'accuracy': np.float32(0.4296875), 'accuracy_std': np.float32(0.021877507), 'confusion_matrix': <Figure size 3200x3200 with 1 Axes>, 'learning_rate': 0.0001709019511269573, 'epoch_duration': 2.9355435371398926}
[2026-02-21 18:27:57,831][root][INFO] - Saving plots to C:\Users\icyeg\OneDrive\Desktop\Justin\end_time\outputs\2026-02-21\18-23-07
[2026-02-21 18:27:58,022][root][INFO] - ==================
[2026-02-21 18:27:58,022][root][INFO] - Starting Epoch 81.
[2026-02-21 18:28:00,655][root][INFO] - Evaluating Model.
[2026-02-21 18:28:00,766][root][INFO] - {'loss': 1.5133932512253523, 'accuracy': np.float32(0.453125), 'accuracy_std': np.float32(0.021999767), 'confusion_matrix': <Figure size 3200x3200 with 1 Axes>, 'learning_rate': 0.00015434536470233155, 'epoch_duration': 2.633143663406372}
[2026-02-21 18:28:00,766][root][INFO] - Saving plots to C:\Users\icyeg\OneDrive\Desktop\Justin\end_time\outputs\2026-02-21\18-23-07
[2026-02-21 18:28:00,940][root][INFO] - ==================
[2026-02-21 18:28:00,940][root][INFO] - Starting Epoch 82.
[2026-02-21 18:28:03,708][root][INFO] - Evaluating Model.
[2026-02-21 18:28:03,803][root][INFO] - {'loss': 1.5201755315065384, 'accuracy': np.float32(0.4296875), 'accuracy_std': np.float32(0.021877507), 'confusion_matrix': <Figure size 3200x3200 with 1 Axes>, 'learning_rate': 0.0001384848847403015, 'epoch_duration': 2.7675538063049316}
[2026-02-21 18:28:03,803][root][INFO] - Saving plots to C:\Users\icyeg\OneDrive\Desktop\Justin\end_time\outputs\2026-02-21\18-23-07
[2026-02-21 18:28:03,993][root][INFO] - ==================
[2026-02-21 18:28:03,993][root][INFO] - Starting Epoch 83.
[2026-02-21 18:28:06,797][root][INFO] - Evaluating Model.
[2026-02-21 18:28:06,907][root][INFO] - {'loss': 1.5199778322130442, 'accuracy': np.float32(0.43164062), 'accuracy_std': np.float32(0.021889593), 'confusion_matrix': <Figure size 3200x3200 with 1 Axes>, 'learning_rate': 0.00012335245213675625, 'epoch_duration': 2.8036763668060303}
[2026-02-21 18:28:06,907][root][INFO] - Saving plots to C:\Users\icyeg\OneDrive\Desktop\Justin\end_time\outputs\2026-02-21\18-23-07
[2026-02-21 18:28:07,082][root][INFO] - ==================
[2026-02-21 18:28:07,082][root][INFO] - Starting Epoch 84.
[2026-02-21 18:28:10,063][root][INFO] - Evaluating Model.
[2026-02-21 18:28:10,347][root][INFO] - {'loss': 1.5046050809323788, 'accuracy': np.float32(0.45703125), 'accuracy_std': np.float32(0.022015339), 'confusion_matrix': <Figure size 3200x3200 with 1 Axes>, 'learning_rate': 0.00010897854159709542, 'epoch_duration': 2.9809508323669434}
[2026-02-21 18:28:10,347][root][INFO] - Saving plots to C:\Users\icyeg\OneDrive\Desktop\Justin\end_time\outputs\2026-02-21\18-23-07
[2026-02-21 18:28:10,521][root][INFO] - ==================
[2026-02-21 18:28:10,521][root][INFO] - Starting Epoch 85.
[2026-02-21 18:28:13,666][root][INFO] - Evaluating Model.
[2026-02-21 18:28:13,777][root][INFO] - {'loss': 1.5025412449613214, 'accuracy': np.float32(0.42382812), 'accuracy_std': np.float32(0.02183916), 'confusion_matrix': <Figure size 3200x3200 with 1 Axes>, 'learning_rate': 9.539210026422807e-05, 'epoch_duration': 3.14559006690979}
[2026-02-21 18:28:13,777][root][INFO] - Saving plots to C:\Users\icyeg\OneDrive\Desktop\Justin\end_time\outputs\2026-02-21\18-23-07
[2026-02-21 18:28:13,951][root][INFO] - ==================
[2026-02-21 18:28:13,951][root][INFO] - Starting Epoch 86.
[2026-02-21 18:28:16,630][root][INFO] - Evaluating Model.
[2026-02-21 18:28:16,725][root][INFO] - {'loss': 1.507662646472454, 'accuracy': np.float32(0.41210938), 'accuracy_std': np.float32(0.021753019), 'confusion_matrix': <Figure size 3200x3200 with 1 Axes>, 'learning_rate': 8.262048942287928e-05, 'epoch_duration': 2.678931951522827}
[2026-02-21 18:28:16,725][root][INFO] - Saving plots to C:\Users\icyeg\OneDrive\Desktop\Justin\end_time\outputs\2026-02-21\18-23-07
[2026-02-21 18:28:16,900][root][INFO] - ==================
[2026-02-21 18:28:16,900][root][INFO] - Starting Epoch 87.
[2026-02-21 18:28:19,581][root][INFO] - Evaluating Model.
[2026-02-21 18:28:19,692][root][INFO] - {'loss': 1.4969955636188388, 'accuracy': np.float32(0.38867188), 'accuracy_std': np.float32(0.021542383), 'confusion_matrix': <Figure size 3200x3200 with 1 Axes>, 'learning_rate': 7.068942939760393e-05, 'epoch_duration': 2.681589126586914}
[2026-02-21 18:28:19,692][root][INFO] - Saving plots to C:\Users\icyeg\OneDrive\Desktop\Justin\end_time\outputs\2026-02-21\18-23-07
[2026-02-21 18:28:19,865][root][INFO] - ==================
[2026-02-21 18:28:19,865][root][INFO] - Starting Epoch 88.
[2026-02-21 18:28:22,771][root][INFO] - Evaluating Model.
[2026-02-21 18:28:22,882][root][INFO] - {'loss': 1.4755402011796832, 'accuracy': np.float32(0.46289062), 'accuracy_std': np.float32(0.022036143), 'confusion_matrix': <Figure size 3200x3200 with 1 Axes>, 'learning_rate': 5.962294775547619e-05, 'epoch_duration': 2.905449390411377}
[2026-02-21 18:28:22,882][root][INFO] - Saving plots to C:\Users\icyeg\OneDrive\Desktop\Justin\end_time\outputs\2026-02-21\18-23-07
[2026-02-21 18:28:23,229][root][INFO] - ==================
[2026-02-21 18:28:23,229][root][INFO] - Starting Epoch 89.
[2026-02-21 18:28:26,114][root][INFO] - Evaluating Model.
[2026-02-21 18:28:26,225][root][INFO] - {'loss': 1.4864002028480172, 'accuracy': np.float32(0.42382812), 'accuracy_std': np.float32(0.02183916), 'confusion_matrix': <Figure size 3200x3200 with 1 Axes>, 'learning_rate': 4.9443330917766714e-05, 'epoch_duration': 2.885134220123291}
[2026-02-21 18:28:26,225][root][INFO] - Saving plots to C:\Users\icyeg\OneDrive\Desktop\Justin\end_time\outputs\2026-02-21\18-23-07
[2026-02-21 18:28:26,399][root][INFO] - ==================
[2026-02-21 18:28:26,399][root][INFO] - Starting Epoch 90.
[2026-02-21 18:28:29,229][root][INFO] - Evaluating Model.
[2026-02-21 18:28:29,340][root][INFO] - {'loss': 1.4863615380600095, 'accuracy': np.float32(0.46289062), 'accuracy_std': np.float32(0.022036143), 'confusion_matrix': <Figure size 3200x3200 with 1 Axes>, 'learning_rate': 4.017107927805653e-05, 'epoch_duration': 2.8295655250549316}
[2026-02-21 18:28:29,340][root][INFO] - Saving plots to C:\Users\icyeg\OneDrive\Desktop\Justin\end_time\outputs\2026-02-21\18-23-07
[2026-02-21 18:28:29,513][root][INFO] - ==================
[2026-02-21 18:28:29,513][root][INFO] - Starting Epoch 91.
[2026-02-21 18:28:32,334][root][INFO] - Evaluating Model.
[2026-02-21 18:28:32,444][root][INFO] - {'loss': 1.4747751979157329, 'accuracy': np.float32(0.46484375), 'accuracy_std': np.float32(0.022042397), 'confusion_matrix': <Figure size 3200x3200 with 1 Axes>, 'learning_rate': 3.182486591717237e-05, 'epoch_duration': 2.8201370239257812}
[2026-02-21 18:28:32,444][root][INFO] - Saving plots to C:\Users\icyeg\OneDrive\Desktop\Justin\end_time\outputs\2026-02-21\18-23-07
[2026-02-21 18:28:32,603][root][INFO] - ==================
[2026-02-21 18:28:32,603][root][INFO] - Starting Epoch 92.
[2026-02-21 18:28:35,377][root][INFO] - Evaluating Model.
[2026-02-21 18:28:35,488][root][INFO] - {'loss': 1.4720303323119879, 'accuracy': np.float32(0.42578125), 'accuracy_std': np.float32(0.02185229), 'confusion_matrix': <Figure size 3200x3200 with 1 Axes>, 'learning_rate': 2.442149899808703e-05, 'epoch_duration': 2.774472713470459}
[2026-02-21 18:28:35,488][root][INFO] - Saving plots to C:\Users\icyeg\OneDrive\Desktop\Justin\end_time\outputs\2026-02-21\18-23-07
[2026-02-21 18:28:35,661][root][INFO] - ==================
[2026-02-21 18:28:35,661][root][INFO] - Starting Epoch 93.
[2026-02-21 18:28:38,484][root][INFO] - Evaluating Model.
[2026-02-21 18:28:38,752][root][INFO] - {'loss': 1.4788739429786801, 'accuracy': np.float32(0.46484375), 'accuracy_std': np.float32(0.022042397), 'confusion_matrix': <Figure size 3200x3200 with 1 Axes>, 'learning_rate': 1.7975887916516066e-05, 'epoch_duration': 2.822340250015259}
[2026-02-21 18:28:38,752][root][INFO] - Saving plots to C:\Users\icyeg\OneDrive\Desktop\Justin\end_time\outputs\2026-02-21\18-23-07
[2026-02-21 18:28:38,926][root][INFO] - ==================
[2026-02-21 18:28:38,926][root][INFO] - Starting Epoch 94.
[2026-02-21 18:28:41,654][root][INFO] - Evaluating Model.
[2026-02-21 18:28:41,749][root][INFO] - {'loss': 1.4820005875080824, 'accuracy': np.float32(0.48242188), 'accuracy_std': np.float32(0.022083428), 'confusion_matrix': <Figure size 3200x3200 with 1 Axes>, 'learning_rate': 1.2501013275378814e-05, 'epoch_duration': 2.727189064025879}
[2026-02-21 18:28:41,764][root][INFO] - Saving plots to C:\Users\icyeg\OneDrive\Desktop\Justin\end_time\outputs\2026-02-21\18-23-07
[2026-02-21 18:28:41,939][root][INFO] - ==================
[2026-02-21 18:28:41,939][root][INFO] - Starting Epoch 95.
[2026-02-21 18:28:45,346][root][INFO] - Evaluating Model.
[2026-02-21 18:28:45,457][root][INFO] - {'loss': 1.5046256082132459, 'accuracy': np.float32(0.44140625), 'accuracy_std': np.float32(0.021944834), 'confusion_matrix': <Figure size 3200x3200 with 1 Axes>, 'learning_rate': 8.007900743591891e-06, 'epoch_duration': 3.4071767330169678}
[2026-02-21 18:28:45,457][root][INFO] - Saving plots to C:\Users\icyeg\OneDrive\Desktop\Justin\end_time\outputs\2026-02-21\18-23-07
[2026-02-21 18:28:45,631][root][INFO] - ==================
[2026-02-21 18:28:45,631][root][INFO] - Starting Epoch 96.
[2026-02-21 18:28:48,417][root][INFO] - Evaluating Model.
[2026-02-21 18:28:48,528][root][INFO] - {'loss': 1.4756762748584151, 'accuracy': np.float32(0.46875), 'accuracy_std': np.float32(0.022053886), 'confusion_matrix': <Figure size 3200x3200 with 1 Axes>, 'learning_rate': 4.505598851839034e-06, 'epoch_duration': 2.7858595848083496}
[2026-02-21 18:28:48,528][root][INFO] - Saving plots to C:\Users\icyeg\OneDrive\Desktop\Justin\end_time\outputs\2026-02-21\18-23-07
[2026-02-21 18:28:48,703][root][INFO] - ==================
[2026-02-21 18:28:48,703][root][INFO] - Starting Epoch 97.
[2026-02-21 18:28:51,333][root][INFO] - Evaluating Model.
[2026-02-21 18:28:51,444][root][INFO] - {'loss': 1.4855754738673568, 'accuracy': np.float32(0.44140625), 'accuracy_std': np.float32(0.021944834), 'confusion_matrix': <Figure size 3200x3200 with 1 Axes>, 'learning_rate': 2.00116077003472e-06, 'epoch_duration': 2.630580425262451}
[2026-02-21 18:28:51,444][root][INFO] - Saving plots to C:\Users\icyeg\OneDrive\Desktop\Justin\end_time\outputs\2026-02-21\18-23-07
[2026-02-21 18:28:51,619][root][INFO] - ==================
[2026-02-21 18:28:51,619][root][INFO] - Starting Epoch 98.
[2026-02-21 18:28:54,723][root][INFO] - Evaluating Model.
[2026-02-21 18:28:55,007][root][INFO] - {'loss': 1.4701356338337064, 'accuracy': np.float32(0.39648438), 'accuracy_std': np.float32(0.021618338), 'confusion_matrix': <Figure size 3200x3200 with 1 Axes>, 'learning_rate': 4.996301031784557e-07, 'epoch_duration': 3.1039645671844482}
[2026-02-21 18:28:55,007][root][INFO] - Saving plots to C:\Users\icyeg\OneDrive\Desktop\Justin\end_time\outputs\2026-02-21\18-23-07
[2026-02-21 18:28:55,181][root][INFO] - ==================
[2026-02-21 18:28:55,181][root][INFO] - Starting Epoch 99.
[2026-02-21 18:28:57,877][root][INFO] - Evaluating Model.
[2026-02-21 18:28:57,972][root][INFO] - {'loss': 1.4775952128693461, 'accuracy': np.float32(0.4609375), 'accuracy_std': np.float32(0.022029549), 'confusion_matrix': <Figure size 3200x3200 with 1 Axes>, 'learning_rate': 4.030734205644824e-09, 'epoch_duration': 2.6964311599731445}
[2026-02-21 18:28:57,972][root][INFO] - Saving plots to C:\Users\icyeg\OneDrive\Desktop\Justin\end_time\outputs\2026-02-21\18-23-07
[2026-02-21 18:28:58,147][root][INFO] - Saving Model.
