[2026-02-03 23:35:53,191][root][INFO] - Lattice size: 17, Error rate: 0.1, Circuit Noise: False
[2026-02-03 23:35:54,668][root][INFO] - Start Training
[2026-02-03 23:35:54,692][root][INFO] - ==================
[2026-02-03 23:35:54,692][root][INFO] - Starting Epoch 0.
[2026-02-03 23:36:16,241][root][INFO] - Evaluating Model.
[2026-02-03 23:36:16,457][root][INFO] - {'loss': 2.3444426394999027, 'accuracy': np.float32(0.31445312), 'accuracy_std': np.float32(0.020519253), 'confusion_matrix': <Figure size 3200x3200 with 1 Axes>, 'learning_rate': 0.0004263085903162874, 'epoch_duration': 21.549439430236816}
[2026-02-03 23:36:16,457][root][INFO] - Saving plots to C:\Users\icyeg\OneDrive\Desktop\Justin\end_time\outputs\2026-02-03\23-35-53
[2026-02-03 23:36:16,649][root][INFO] - ==================
[2026-02-03 23:36:16,649][root][INFO] - Starting Epoch 1.
[2026-02-03 23:36:32,423][root][INFO] - Evaluating Model.
[2026-02-03 23:36:32,572][root][INFO] - {'loss': 1.673856982961297, 'accuracy': np.float32(0.52734375), 'accuracy_std': np.float32(0.022064019), 'confusion_matrix': <Figure size 3200x3200 with 1 Axes>, 'learning_rate': 0.0005049459687966433, 'epoch_duration': 15.774242877960205}
[2026-02-03 23:36:32,572][root][INFO] - Saving plots to C:\Users\icyeg\OneDrive\Desktop\Justin\end_time\outputs\2026-02-03\23-35-53
[2026-02-03 23:36:32,761][root][INFO] - ==================
[2026-02-03 23:36:32,761][root][INFO] - Starting Epoch 2.
[2026-02-03 23:36:48,914][root][INFO] - Evaluating Model.
[2026-02-03 23:36:49,086][root][INFO] - {'loss': 1.1483380952849984, 'accuracy': np.float32(0.6171875), 'accuracy_std': np.float32(0.0214816), 'confusion_matrix': <Figure size 3200x3200 with 1 Axes>, 'learning_rate': 0.0006350501193685704, 'epoch_duration': 16.152574062347412}
[2026-02-03 23:36:49,086][root][INFO] - Saving plots to C:\Users\icyeg\OneDrive\Desktop\Justin\end_time\outputs\2026-02-03\23-35-53
[2026-02-03 23:36:49,289][root][INFO] - ==================
[2026-02-03 23:36:49,289][root][INFO] - Starting Epoch 3.
[2026-02-03 23:37:05,465][root][INFO] - Evaluating Model.
[2026-02-03 23:37:05,638][root][INFO] - {'loss': 0.8547721821814775, 'accuracy': np.float32(0.7480469), 'accuracy_std': np.float32(0.019186215), 'confusion_matrix': <Figure size 3200x3200 with 1 Axes>, 'learning_rate': 0.0008151948517004671, 'epoch_duration': 16.17642092704773}
[2026-02-03 23:37:05,638][root][INFO] - Saving plots to C:\Users\icyeg\OneDrive\Desktop\Justin\end_time\outputs\2026-02-03\23-35-53
[2026-02-03 23:37:05,835][root][INFO] - ==================
[2026-02-03 23:37:05,835][root][INFO] - Starting Epoch 4.
[2026-02-03 23:37:21,773][root][INFO] - Evaluating Model.
[2026-02-03 23:37:22,122][root][INFO] - {'loss': 0.6446077139116824, 'accuracy': np.float32(0.8027344), 'accuracy_std': np.float32(0.017586388), 'confusion_matrix': <Figure size 3200x3200 with 1 Axes>, 'learning_rate': 0.0010434054349754349, 'epoch_duration': 15.93754243850708}
[2026-02-03 23:37:22,122][root][INFO] - Saving plots to C:\Users\icyeg\OneDrive\Desktop\Justin\end_time\outputs\2026-02-03\23-35-53
[2026-02-03 23:37:22,312][root][INFO] - ==================
[2026-02-03 23:37:22,312][root][INFO] - Starting Epoch 5.
[2026-02-03 23:37:38,249][root][INFO] - Evaluating Model.
[2026-02-03 23:37:38,426][root][INFO] - {'loss': 0.4402890410274267, 'accuracy': np.float32(0.8925781), 'accuracy_std': np.float32(0.013684675), 'confusion_matrix': <Figure size 3200x3200 with 1 Axes>, 'learning_rate': 0.001317180244717964, 'epoch_duration': 15.937360525131226}
[2026-02-03 23:37:38,426][root][INFO] - Saving plots to C:\Users\icyeg\OneDrive\Desktop\Justin\end_time\outputs\2026-02-03\23-35-53
[2026-02-03 23:37:38,624][root][INFO] - ==================
[2026-02-03 23:37:38,624][root][INFO] - Starting Epoch 6.
[2026-02-03 23:37:54,674][root][INFO] - Evaluating Model.
[2026-02-03 23:37:54,854][root][INFO] - {'loss': 0.30226720112841576, 'accuracy': np.float32(0.9316406), 'accuracy_std': np.float32(0.011152912), 'confusion_matrix': <Figure size 3200x3200 with 1 Axes>, 'learning_rate': 0.001633518185382871, 'epoch_duration': 16.049269914627075}
[2026-02-03 23:37:54,856][root][INFO] - Saving plots to C:\Users\icyeg\OneDrive\Desktop\Justin\end_time\outputs\2026-02-03\23-35-53
[2026-02-03 23:37:55,061][root][INFO] - ==================
[2026-02-03 23:37:55,061][root][INFO] - Starting Epoch 7.
[2026-02-03 23:38:11,035][root][INFO] - Evaluating Model.
[2026-02-03 23:38:11,212][root][INFO] - {'loss': 0.22058369184378535, 'accuracy': np.float32(0.9511719), 'accuracy_std': np.float32(0.009524222), 'confusion_matrix': <Figure size 3200x3200 with 1 Axes>, 'learning_rate': 0.0019889515881024687, 'epoch_duration': 15.974685430526733}
[2026-02-03 23:38:11,214][root][INFO] - Saving plots to C:\Users\icyeg\OneDrive\Desktop\Justin\end_time\outputs\2026-02-03\23-35-53
[2026-02-03 23:38:11,396][root][INFO] - ==================
[2026-02-03 23:38:11,396][root][INFO] - Starting Epoch 8.
[2026-02-03 23:38:27,523][root][INFO] - Evaluating Model.
[2026-02-03 23:38:27,697][root][INFO] - {'loss': 0.18249155330704525, 'accuracy': np.float32(0.9433594), 'accuracy_std': np.float32(0.0102156885), 'confusion_matrix': <Figure size 3200x3200 with 1 Axes>, 'learning_rate': 0.0023795842229697274, 'epoch_duration': 16.126590251922607}
[2026-02-03 23:38:27,697][root][INFO] - Saving plots to C:\Users\icyeg\OneDrive\Desktop\Justin\end_time\outputs\2026-02-03\23-35-53
[2026-02-03 23:38:28,092][root][INFO] - ==================
[2026-02-03 23:38:28,092][root][INFO] - Starting Epoch 9.
[2026-02-03 23:38:44,010][root][INFO] - Evaluating Model.
[2026-02-03 23:38:44,181][root][INFO] - {'loss': 0.15844325872603804, 'accuracy': np.float32(0.9472656), 'accuracy_std': np.float32(0.009877518), 'confusion_matrix': <Figure size 3200x3200 with 1 Axes>, 'learning_rate': 0.002801134009170106, 'epoch_duration': 15.917622089385986}
[2026-02-03 23:38:44,183][root][INFO] - Saving plots to C:\Users\icyeg\OneDrive\Desktop\Justin\end_time\outputs\2026-02-03\23-35-53
[2026-02-03 23:38:44,371][root][INFO] - ==================
[2026-02-03 23:38:44,371][root][INFO] - Starting Epoch 10.
[2026-02-03 23:39:00,226][root][INFO] - Evaluating Model.
[2026-02-03 23:39:00,427][root][INFO] - {'loss': 0.15351038560038432, 'accuracy': np.float32(0.96875), 'accuracy_std': np.float32(0.0076894606), 'confusion_matrix': <Figure size 3200x3200 with 1 Axes>, 'learning_rate': 0.0032489799547773283, 'epoch_duration': 15.855002880096436}
[2026-02-03 23:39:00,427][root][INFO] - Saving plots to C:\Users\icyeg\OneDrive\Desktop\Justin\end_time\outputs\2026-02-03\23-35-53
[2026-02-03 23:39:00,652][root][INFO] - ==================
[2026-02-03 23:39:00,652][root][INFO] - Starting Epoch 11.
[2026-02-03 23:39:16,563][root][INFO] - Evaluating Model.
[2026-02-03 23:39:16,732][root][INFO] - {'loss': 0.13228017679648474, 'accuracy': np.float32(0.9453125), 'accuracy_std': np.float32(0.010048396), 'confusion_matrix': <Figure size 3200x3200 with 1 Axes>, 'learning_rate': 0.003718212811663145, 'epoch_duration': 15.91052794456482}
[2026-02-03 23:39:16,732][root][INFO] - Saving plots to C:\Users\icyeg\OneDrive\Desktop\Justin\end_time\outputs\2026-02-03\23-35-53
[2026-02-03 23:39:16,930][root][INFO] - ==================
[2026-02-03 23:39:16,930][root][INFO] - Starting Epoch 12.
[2026-02-03 23:39:32,857][root][INFO] - Evaluating Model.
[2026-02-03 23:39:33,035][root][INFO] - {'loss': 0.13144292548531666, 'accuracy': np.float32(0.9550781), 'accuracy_std': np.float32(0.0091540525), 'confusion_matrix': <Figure size 3200x3200 with 1 Axes>, 'learning_rate': 0.004203688890246414, 'epoch_duration': 15.92698049545288}
[2026-02-03 23:39:33,037][root][INFO] - Saving plots to C:\Users\icyeg\OneDrive\Desktop\Justin\end_time\outputs\2026-02-03\23-35-53
[2026-02-03 23:39:33,229][root][INFO] - ==================
[2026-02-03 23:39:33,229][root][INFO] - Starting Epoch 13.
[2026-02-03 23:39:49,311][root][INFO] - Evaluating Model.
[2026-02-03 23:39:49,479][root][INFO] - {'loss': 0.1245145623688586, 'accuracy': np.float32(0.9511719), 'accuracy_std': np.float32(0.009524222), 'confusion_matrix': <Figure size 3200x3200 with 1 Axes>, 'learning_rate': 0.0047000864441688805, 'epoch_duration': 16.081936359405518}
[2026-02-03 23:39:49,479][root][INFO] - Saving plots to C:\Users\icyeg\OneDrive\Desktop\Justin\end_time\outputs\2026-02-03\23-35-53
[2026-02-03 23:39:49,890][root][INFO] - ==================
[2026-02-03 23:39:49,890][root][INFO] - Starting Epoch 14.
[2026-02-03 23:40:05,859][root][INFO] - Evaluating Model.
[2026-02-03 23:40:06,041][root][INFO] - {'loss': 0.12330979117541574, 'accuracy': np.float32(0.9707031), 'accuracy_std': np.float32(0.00745279), 'confusion_matrix': <Figure size 3200x3200 with 1 Axes>, 'learning_rate': 0.005201964006813814, 'epoch_duration': 15.968931436538696}
[2026-02-03 23:40:06,041][root][INFO] - Saving plots to C:\Users\icyeg\OneDrive\Desktop\Justin\end_time\outputs\2026-02-03\23-35-53
[2026-02-03 23:40:06,237][root][INFO] - ==================
[2026-02-03 23:40:06,237][root][INFO] - Starting Epoch 15.
[2026-02-03 23:40:22,205][root][INFO] - Evaluating Model.
[2026-02-03 23:40:22,391][root][INFO] - {'loss': 0.11659057642100379, 'accuracy': np.float32(0.9667969), 'accuracy_std': np.float32(0.00791812), 'confusion_matrix': <Figure size 3200x3200 with 1 Axes>, 'learning_rate': 0.005703820040187645, 'epoch_duration': 15.968033075332642}
[2026-02-03 23:40:22,391][root][INFO] - Saving plots to C:\Users\icyeg\OneDrive\Desktop\Justin\end_time\outputs\2026-02-03\23-35-53
[2026-02-03 23:40:22,582][root][INFO] - ==================
[2026-02-03 23:40:22,582][root][INFO] - Starting Epoch 16.
[2026-02-03 23:40:38,597][root][INFO] - Evaluating Model.
[2026-02-03 23:40:38,759][root][INFO] - {'loss': 0.11057889187941328, 'accuracy': np.float32(0.94921875), 'accuracy_std': np.float32(0.009702862), 'confusion_matrix': <Figure size 3200x3200 with 1 Axes>, 'learning_rate': 0.006200153242298796, 'epoch_duration': 16.015100479125977}
[2026-02-03 23:40:38,759][root][INFO] - Saving plots to C:\Users\icyeg\OneDrive\Desktop\Justin\end_time\outputs\2026-02-03\23-35-53
[2026-02-03 23:40:38,959][root][INFO] - ==================
[2026-02-03 23:40:38,959][root][INFO] - Starting Epoch 17.
[2026-02-03 23:40:54,847][root][INFO] - Evaluating Model.
[2026-02-03 23:40:55,037][root][INFO] - {'loss': 0.11304321704665199, 'accuracy': np.float32(0.9746094), 'accuracy_std': np.float32(0.006952116), 'confusion_matrix': <Figure size 3200x3200 with 1 Axes>, 'learning_rate': 0.00668552285194947, 'epoch_duration': 15.887422323226929}
[2026-02-03 23:40:55,037][root][INFO] - Saving plots to C:\Users\icyeg\OneDrive\Desktop\Justin\end_time\outputs\2026-02-03\23-35-53
[2026-02-03 23:40:55,246][root][INFO] - ==================
[2026-02-03 23:40:55,246][root][INFO] - Starting Epoch 18.
[2026-02-03 23:41:11,731][root][INFO] - Evaluating Model.
[2026-02-03 23:41:11,909][root][INFO] - {'loss': 0.09798912270343862, 'accuracy': np.float32(0.97265625), 'accuracy_std': np.float32(0.007207319), 'confusion_matrix': <Figure size 3200x3200 with 1 Axes>, 'learning_rate': 0.0071546082898845485, 'epoch_duration': 16.48453116416931}
[2026-02-03 23:41:11,909][root][INFO] - Saving plots to C:\Users\icyeg\OneDrive\Desktop\Justin\end_time\outputs\2026-02-03\23-35-53
[2026-02-03 23:41:12,298][root][INFO] - ==================
[2026-02-03 23:41:12,298][root][INFO] - Starting Epoch 19.
[2026-02-03 23:41:28,806][root][INFO] - Evaluating Model.
[2026-02-03 23:41:28,985][root][INFO] - {'loss': 0.096534802345559, 'accuracy': np.float32(0.9746094), 'accuracy_std': np.float32(0.006952116), 'confusion_matrix': <Figure size 3200x3200 with 1 Axes>, 'learning_rate': 0.007602267482516547, 'epoch_duration': 16.50727915763855}
[2026-02-03 23:41:28,985][root][INFO] - Saving plots to C:\Users\icyeg\OneDrive\Desktop\Justin\end_time\outputs\2026-02-03\23-35-53
[2026-02-03 23:41:29,191][root][INFO] - ==================
[2026-02-03 23:41:29,191][root][INFO] - Starting Epoch 20.
[2026-02-03 23:41:45,143][root][INFO] - Evaluating Model.
[2026-02-03 23:41:45,343][root][INFO] - {'loss': 0.08972059600637294, 'accuracy': np.float32(0.96875), 'accuracy_std': np.float32(0.0076894606), 'confusion_matrix': <Figure size 3200x3200 with 1 Axes>, 'learning_rate': 0.008023593228887014, 'epoch_duration': 15.951693534851074}
[2026-02-03 23:41:45,343][root][INFO] - Saving plots to C:\Users\icyeg\OneDrive\Desktop\Justin\end_time\outputs\2026-02-03\23-35-53
[2026-02-03 23:41:45,584][root][INFO] - ==================
[2026-02-03 23:41:45,584][root][INFO] - Starting Epoch 21.
[2026-02-03 23:42:01,725][root][INFO] - Evaluating Model.
[2026-02-03 23:42:01,896][root][INFO] - {'loss': 0.08185534193762578, 'accuracy': np.float32(0.9707031), 'accuracy_std': np.float32(0.00745279), 'confusion_matrix': <Figure size 3200x3200 with 1 Axes>, 'learning_rate': 0.008413966992974718, 'epoch_duration': 16.140079021453857}
[2026-02-03 23:42:01,896][root][INFO] - Saving plots to C:\Users\icyeg\OneDrive\Desktop\Justin\end_time\outputs\2026-02-03\23-35-53
[2026-02-03 23:42:02,114][root][INFO] - ==================
[2026-02-03 23:42:02,114][root][INFO] - Starting Epoch 22.
[2026-02-03 23:42:18,377][root][INFO] - Evaluating Model.
[2026-02-03 23:42:18,559][root][INFO] - {'loss': 0.08657465333817527, 'accuracy': np.float32(0.9628906), 'accuracy_std': np.float32(0.008354017), 'confusion_matrix': <Figure size 3200x3200 with 1 Axes>, 'learning_rate': 0.008769109531683984, 'epoch_duration': 16.263448476791382}
[2026-02-03 23:42:18,559][root][INFO] - Saving plots to C:\Users\icyeg\OneDrive\Desktop\Justin\end_time\outputs\2026-02-03\23-35-53
[2026-02-03 23:42:18,754][root][INFO] - ==================
[2026-02-03 23:42:18,754][root][INFO] - Starting Epoch 23.
[2026-02-03 23:42:34,548][root][INFO] - Evaluating Model.
[2026-02-03 23:42:34,707][root][INFO] - {'loss': 0.08499402872985229, 'accuracy': np.float32(0.9667969), 'accuracy_std': np.float32(0.00791812), 'confusion_matrix': <Figure size 3200x3200 with 1 Axes>, 'learning_rate': 0.00908512780353365, 'epoch_duration': 15.79422116279602}
[2026-02-03 23:42:34,707][root][INFO] - Saving plots to C:\Users\icyeg\OneDrive\Desktop\Justin\end_time\outputs\2026-02-03\23-35-53
[2026-02-03 23:42:35,116][root][INFO] - ==================
[2026-02-03 23:42:35,116][root][INFO] - Starting Epoch 24.
[2026-02-03 23:42:51,075][root][INFO] - Evaluating Model.
[2026-02-03 23:42:51,258][root][INFO] - {'loss': 0.08246933940972667, 'accuracy': np.float32(0.95703125), 'accuracy_std': np.float32(0.00896199), 'confusion_matrix': <Figure size 3200x3200 with 1 Axes>, 'learning_rate': 0.009358557643837653, 'epoch_duration': 15.95871615409851}
[2026-02-03 23:42:51,259][root][INFO] - Saving plots to C:\Users\icyeg\OneDrive\Desktop\Justin\end_time\outputs\2026-02-03\23-35-53
[2026-02-03 23:42:51,464][root][INFO] - ==================
[2026-02-03 23:42:51,464][root][INFO] - Starting Epoch 25.
[2026-02-03 23:43:07,572][root][INFO] - Evaluating Model.
[2026-02-03 23:43:07,763][root][INFO] - {'loss': 0.08057449650368653, 'accuracy': np.float32(0.9941406), 'accuracy_std': np.float32(0.0033729863), 'confusion_matrix': <Figure size 3200x3200 with 1 Axes>, 'learning_rate': 0.009586401738575659, 'epoch_duration': 16.108198642730713}
[2026-02-03 23:43:07,764][root][INFO] - Saving plots to C:\Users\icyeg\OneDrive\Desktop\Justin\end_time\outputs\2026-02-03\23-35-53
[2026-02-03 23:43:07,986][root][INFO] - ==================
[2026-02-03 23:43:07,986][root][INFO] - Starting Epoch 26.
[2026-02-03 23:43:24,164][root][INFO] - Evaluating Model.
[2026-02-03 23:43:24,350][root][INFO] - {'loss': 0.07693366258172318, 'accuracy': np.float32(0.9667969), 'accuracy_std': np.float32(0.00791812), 'confusion_matrix': <Figure size 3200x3200 with 1 Axes>, 'learning_rate': 0.009766162480687476, 'epoch_duration': 16.17720890045166}
[2026-02-03 23:43:24,350][root][INFO] - Saving plots to C:\Users\icyeg\OneDrive\Desktop\Justin\end_time\outputs\2026-02-03\23-35-53
[2026-02-03 23:43:24,581][root][INFO] - ==================
[2026-02-03 23:43:24,581][root][INFO] - Starting Epoch 27.
[2026-02-03 23:43:41,025][root][INFO] - Evaluating Model.
[2026-02-03 23:43:41,266][root][INFO] - {'loss': 0.06788349225826096, 'accuracy': np.float32(0.9746094), 'accuracy_std': np.float32(0.006952116), 'confusion_matrix': <Figure size 3200x3200 with 1 Axes>, 'learning_rate': 0.009895869348623453, 'epoch_duration': 16.443602323532104}
[2026-02-03 23:43:41,267][root][INFO] - Saving plots to C:\Users\icyeg\OneDrive\Desktop\Justin\end_time\outputs\2026-02-03\23-35-53
[2026-02-03 23:43:41,545][root][INFO] - ==================
[2026-02-03 23:43:41,545][root][INFO] - Starting Epoch 28.
[2026-02-03 23:43:58,485][root][INFO] - Evaluating Model.
[2026-02-03 23:43:58,664][root][INFO] - {'loss': 0.06913808491663076, 'accuracy': np.float32(0.9921875), 'accuracy_std': np.float32(0.0038909612), 'confusion_matrix': <Figure size 3200x3200 with 1 Axes>, 'learning_rate': 0.009974100507029533, 'epoch_duration': 16.93978786468506}
[2026-02-03 23:43:58,664][root][INFO] - Saving plots to C:\Users\icyeg\OneDrive\Desktop\Justin\end_time\outputs\2026-02-03\23-35-53
[2026-02-03 23:43:59,076][root][INFO] - ==================
[2026-02-03 23:43:59,076][root][INFO] - Starting Epoch 29.
[2026-02-03 23:44:16,264][root][INFO] - Evaluating Model.
[2026-02-03 23:44:16,458][root][INFO] - {'loss': 0.06384550838265568, 'accuracy': np.float32(0.98046875), 'accuracy_std': np.float32(0.0061157104), 'confusion_matrix': <Figure size 3200x3200 with 1 Axes>, 'learning_rate': 0.009999999692657944, 'epoch_duration': 17.186999559402466}
[2026-02-03 23:44:16,458][root][INFO] - Saving plots to C:\Users\icyeg\OneDrive\Desktop\Justin\end_time\outputs\2026-02-03\23-35-53
[2026-02-03 23:44:16,665][root][INFO] - ==================
[2026-02-03 23:44:16,665][root][INFO] - Starting Epoch 30.
[2026-02-03 23:44:33,759][root][INFO] - Evaluating Model.
[2026-02-03 23:44:33,959][root][INFO] - {'loss': 0.06432831178244669, 'accuracy': np.float32(0.9785156), 'accuracy_std': np.float32(0.006407819), 'confusion_matrix': <Figure size 3200x3200 with 1 Axes>, 'learning_rate': 0.009994886392657103, 'epoch_duration': 17.093729972839355}
[2026-02-03 23:44:33,959][root][INFO] - Saving plots to C:\Users\icyeg\OneDrive\Desktop\Justin\end_time\outputs\2026-02-03\23-35-53
[2026-02-03 23:44:34,207][root][INFO] - ==================
[2026-02-03 23:44:34,207][root][INFO] - Starting Epoch 31.
[2026-02-03 23:44:51,430][root][INFO] - Evaluating Model.
[2026-02-03 23:44:51,636][root][INFO] - {'loss': 0.05593686025531497, 'accuracy': np.float32(0.984375), 'accuracy_std': np.float32(0.0054809432), 'confusion_matrix': <Figure size 3200x3200 with 1 Axes>, 'learning_rate': 0.009979714096471403, 'epoch_duration': 17.221421718597412}
[2026-02-03 23:44:51,636][root][INFO] - Saving plots to C:\Users\icyeg\OneDrive\Desktop\Justin\end_time\outputs\2026-02-03\23-35-53
[2026-02-03 23:44:51,866][root][INFO] - ==================
[2026-02-03 23:44:51,868][root][INFO] - Starting Epoch 32.
[2026-02-03 23:45:08,842][root][INFO] - Evaluating Model.
[2026-02-03 23:45:09,027][root][INFO] - {'loss': 0.06052949852892198, 'accuracy': np.float32(0.9921875), 'accuracy_std': np.float32(0.0038909612), 'confusion_matrix': <Figure size 3200x3200 with 1 Axes>, 'learning_rate': 0.009954513359086191, 'epoch_duration': 16.974575757980347}
[2026-02-03 23:45:09,029][root][INFO] - Saving plots to C:\Users\icyeg\OneDrive\Desktop\Justin\end_time\outputs\2026-02-03\23-35-53
[2026-02-03 23:45:09,242][root][INFO] - ==================
[2026-02-03 23:45:09,242][root][INFO] - Starting Epoch 33.
[2026-02-03 23:45:25,812][root][INFO] - Evaluating Model.
[2026-02-03 23:45:26,019][root][INFO] - {'loss': 0.057651926574180834, 'accuracy': np.float32(0.9902344), 'accuracy_std': np.float32(0.004345943), 'confusion_matrix': <Figure size 3200x3200 with 1 Axes>, 'learning_rate': 0.009919334931432785, 'epoch_duration': 16.5704026222229}
[2026-02-03 23:45:26,019][root][INFO] - Saving plots to C:\Users\icyeg\OneDrive\Desktop\Justin\end_time\outputs\2026-02-03\23-35-53
[2026-02-03 23:45:26,516][root][INFO] - ==================
[2026-02-03 23:45:26,516][root][INFO] - Starting Epoch 34.
[2026-02-03 23:45:43,362][root][INFO] - Evaluating Model.
[2026-02-03 23:45:43,538][root][INFO] - {'loss': 0.05838343076175079, 'accuracy': np.float32(0.9765625), 'accuracy_std': np.float32(0.0066860663), 'confusion_matrix': <Figure size 3200x3200 with 1 Axes>, 'learning_rate': 0.009874249658182838, 'epoch_duration': 16.846879720687866}
[2026-02-03 23:45:43,538][root][INFO] - Saving plots to C:\Users\icyeg\OneDrive\Desktop\Justin\end_time\outputs\2026-02-03\23-35-53
[2026-02-03 23:45:43,757][root][INFO] - ==================
[2026-02-03 23:45:43,757][root][INFO] - Starting Epoch 35.
[2026-02-03 23:46:00,643][root][INFO] - Evaluating Model.
[2026-02-03 23:46:00,831][root][INFO] - {'loss': 0.06244509184034541, 'accuracy': np.float32(0.984375), 'accuracy_std': np.float32(0.0054809432), 'confusion_matrix': <Figure size 3200x3200 with 1 Axes>, 'learning_rate': 0.009819348335076611, 'epoch_duration': 16.885448694229126}
[2026-02-03 23:46:00,831][root][INFO] - Saving plots to C:\Users\icyeg\OneDrive\Desktop\Justin\end_time\outputs\2026-02-03\23-35-53
[2026-02-03 23:46:01,046][root][INFO] - ==================
[2026-02-03 23:46:01,046][root][INFO] - Starting Epoch 36.
[2026-02-03 23:46:17,830][root][INFO] - Evaluating Model.
[2026-02-03 23:46:18,024][root][INFO] - {'loss': 0.05095351744967047, 'accuracy': np.float32(0.9765625), 'accuracy_std': np.float32(0.0066860663), 'confusion_matrix': <Figure size 3200x3200 with 1 Axes>, 'learning_rate': 0.009754741526072424, 'epoch_duration': 16.783769130706787}
[2026-02-03 23:46:18,024][root][INFO] - Saving plots to C:\Users\icyeg\OneDrive\Desktop\Justin\end_time\outputs\2026-02-03\23-35-53
[2026-02-03 23:46:18,242][root][INFO] - ==================
[2026-02-03 23:46:18,242][root][INFO] - Starting Epoch 37.
[2026-02-03 23:46:35,096][root][INFO] - Evaluating Model.
[2026-02-03 23:46:35,275][root][INFO] - {'loss': 0.05024046947073657, 'accuracy': np.float32(0.9746094), 'accuracy_std': np.float32(0.006952116), 'confusion_matrix': <Figure size 3200x3200 with 1 Axes>, 'learning_rate': 0.00968055934068557, 'epoch_duration': 16.854766130447388}
[2026-02-03 23:46:35,276][root][INFO] - Saving plots to C:\Users\icyeg\OneDrive\Desktop\Justin\end_time\outputs\2026-02-03\23-35-53
[2026-02-03 23:46:35,491][root][INFO] - ==================
[2026-02-03 23:46:35,491][root][INFO] - Starting Epoch 38.
[2026-02-03 23:46:52,363][root][INFO] - Evaluating Model.
[2026-02-03 23:46:52,758][root][INFO] - {'loss': 0.05296296958113089, 'accuracy': np.float32(0.97265625), 'accuracy_std': np.float32(0.007207319), 'confusion_matrix': <Figure size 3200x3200 with 1 Axes>, 'learning_rate': 0.009596951171965056, 'epoch_duration': 16.871068000793457}
[2026-02-03 23:46:52,758][root][INFO] - Saving plots to C:\Users\icyeg\OneDrive\Desktop\Justin\end_time\outputs\2026-02-03\23-35-53
[2026-02-03 23:46:52,970][root][INFO] - ==================
[2026-02-03 23:46:52,971][root][INFO] - Starting Epoch 39.
[2026-02-03 23:47:09,694][root][INFO] - Evaluating Model.
[2026-02-03 23:47:09,878][root][INFO] - {'loss': 0.056222885541501455, 'accuracy': np.float32(0.9746094), 'accuracy_std': np.float32(0.006952116), 'confusion_matrix': <Figure size 3200x3200 with 1 Axes>, 'learning_rate': 0.009504085395635891, 'epoch_duration': 16.723745822906494}
[2026-02-03 23:47:09,878][root][INFO] - Saving plots to C:\Users\icyeg\OneDrive\Desktop\Justin\end_time\outputs\2026-02-03\23-35-53
[2026-02-03 23:47:10,094][root][INFO] - ==================
[2026-02-03 23:47:10,094][root][INFO] - Starting Epoch 40.
[2026-02-03 23:47:26,946][root][INFO] - Evaluating Model.
[2026-02-03 23:47:27,126][root][INFO] - {'loss': 0.053186178105534054, 'accuracy': np.float32(0.9863281), 'accuracy_std': np.float32(0.0051320367), 'confusion_matrix': <Figure size 3200x3200 with 1 Axes>, 'learning_rate': 0.009402149031012785, 'epoch_duration': 16.85202169418335}
[2026-02-03 23:47:27,126][root][INFO] - Saving plots to C:\Users\icyeg\OneDrive\Desktop\Justin\end_time\outputs\2026-02-03\23-35-53
[2026-02-03 23:47:27,345][root][INFO] - ==================
[2026-02-03 23:47:27,345][root][INFO] - Starting Epoch 41.
[2026-02-03 23:47:44,176][root][INFO] - Evaluating Model.
[2026-02-03 23:47:44,364][root][INFO] - {'loss': 0.05361437400279101, 'accuracy': np.float32(0.98046875), 'accuracy_std': np.float32(0.0061157104), 'confusion_matrix': <Figure size 3200x3200 with 1 Axes>, 'learning_rate': 0.009291347364368121, 'epoch_duration': 16.83058762550354}
[2026-02-03 23:47:44,364][root][INFO] - Saving plots to C:\Users\icyeg\OneDrive\Desktop\Justin\end_time\outputs\2026-02-03\23-35-53
[2026-02-03 23:47:44,578][root][INFO] - ==================
[2026-02-03 23:47:44,578][root][INFO] - Starting Epoch 42.
[2026-02-03 23:48:01,391][root][INFO] - Evaluating Model.
[2026-02-03 23:48:01,577][root][INFO] - {'loss': 0.05777128667978104, 'accuracy': np.float32(0.9765625), 'accuracy_std': np.float32(0.0066860663), 'confusion_matrix': <Figure size 3200x3200 with 1 Axes>, 'learning_rate': 0.00917190353551275, 'epoch_duration': 16.81292200088501}
[2026-02-03 23:48:01,577][root][INFO] - Saving plots to C:\Users\icyeg\OneDrive\Desktop\Justin\end_time\outputs\2026-02-03\23-35-53
[2026-02-03 23:48:01,793][root][INFO] - ==================
[2026-02-03 23:48:01,793][root][INFO] - Starting Epoch 43.
[2026-02-03 23:48:18,623][root][INFO] - Evaluating Model.
[2026-02-03 23:48:18,806][root][INFO] - {'loss': 0.05381498126371298, 'accuracy': np.float32(0.98046875), 'accuracy_std': np.float32(0.0061157104), 'confusion_matrix': <Figure size 3200x3200 with 1 Axes>, 'learning_rate': 0.009044058088422086, 'epoch_duration': 16.82998824119568}
[2026-02-03 23:48:18,806][root][INFO] - Saving plots to C:\Users\icyeg\OneDrive\Desktop\Justin\end_time\outputs\2026-02-03\23-35-53
[2026-02-03 23:48:19,231][root][INFO] - ==================
[2026-02-03 23:48:19,231][root][INFO] - Starting Epoch 44.
[2026-02-03 23:48:36,045][root][INFO] - Evaluating Model.
[2026-02-03 23:48:36,226][root][INFO] - {'loss': 0.04713881037605461, 'accuracy': np.float32(0.98046875), 'accuracy_std': np.float32(0.0061157104), 'confusion_matrix': <Figure size 3200x3200 with 1 Axes>, 'learning_rate': 0.008908068486812562, 'epoch_duration': 16.813716888427734}
[2026-02-03 23:48:36,226][root][INFO] - Saving plots to C:\Users\icyeg\OneDrive\Desktop\Justin\end_time\outputs\2026-02-03\23-35-53
[2026-02-03 23:48:36,440][root][INFO] - ==================
[2026-02-03 23:48:36,440][root][INFO] - Starting Epoch 45.
[2026-02-03 23:48:53,295][root][INFO] - Evaluating Model.
[2026-02-03 23:48:53,481][root][INFO] - {'loss': 0.04635977874568198, 'accuracy': np.float32(0.9824219), 'accuracy_std': np.float32(0.0058076484), 'confusion_matrix': <Figure size 3200x3200 with 1 Axes>, 'learning_rate': 0.008764208595643965, 'epoch_duration': 16.855312824249268}
[2026-02-03 23:48:53,481][root][INFO] - Saving plots to C:\Users\icyeg\OneDrive\Desktop\Justin\end_time\outputs\2026-02-03\23-35-53
[2026-02-03 23:48:53,692][root][INFO] - ==================
[2026-02-03 23:48:53,692][root][INFO] - Starting Epoch 46.
[2026-02-03 23:49:10,476][root][INFO] - Evaluating Model.
[2026-02-03 23:49:10,654][root][INFO] - {'loss': 0.04775565718591679, 'accuracy': np.float32(0.9765625), 'accuracy_std': np.float32(0.0066860663), 'confusion_matrix': <Figure size 3200x3200 with 1 Axes>, 'learning_rate': 0.008612768129591856, 'epoch_duration': 16.783257007598877}
[2026-02-03 23:49:10,654][root][INFO] - Saving plots to C:\Users\icyeg\OneDrive\Desktop\Justin\end_time\outputs\2026-02-03\23-35-53
[2026-02-03 23:49:10,863][root][INFO] - ==================
[2026-02-03 23:49:10,863][root][INFO] - Starting Epoch 47.
[2026-02-03 23:49:27,728][root][INFO] - Evaluating Model.
[2026-02-03 23:49:27,924][root][INFO] - {'loss': 0.05150405397580471, 'accuracy': np.float32(0.9902344), 'accuracy_std': np.float32(0.004345943), 'confusion_matrix': <Figure size 3200x3200 with 1 Axes>, 'learning_rate': 0.008454052069600771, 'epoch_duration': 16.86551856994629}
[2026-02-03 23:49:27,925][root][INFO] - Saving plots to C:\Users\icyeg\OneDrive\Desktop\Justin\end_time\outputs\2026-02-03\23-35-53
[2026-02-03 23:49:28,138][root][INFO] - ==================
[2026-02-03 23:49:28,138][root][INFO] - Starting Epoch 48.
[2026-02-03 23:49:44,946][root][INFO] - Evaluating Model.
[2026-02-03 23:49:45,134][root][INFO] - {'loss': 0.047317696145910304, 'accuracy': np.float32(0.98046875), 'accuracy_std': np.float32(0.0061157104), 'confusion_matrix': <Figure size 3200x3200 with 1 Axes>, 'learning_rate': 0.00828838004869318, 'epoch_duration': 16.8076753616333}
[2026-02-03 23:49:45,134][root][INFO] - Saving plots to C:\Users\icyeg\OneDrive\Desktop\Justin\end_time\outputs\2026-02-03\23-35-53
[2026-02-03 23:49:45,554][root][INFO] - ==================
[2026-02-03 23:49:45,554][root][INFO] - Starting Epoch 49.
[2026-02-03 23:50:02,262][root][INFO] - Evaluating Model.
[2026-02-03 23:50:02,447][root][INFO] - {'loss': 0.04652461109799333, 'accuracy': np.float32(0.984375), 'accuracy_std': np.float32(0.0054809432), 'confusion_matrix': <Figure size 3200x3200 with 1 Axes>, 'learning_rate': 0.00811608570827112, 'epoch_duration': 16.707950592041016}
[2026-02-03 23:50:02,448][root][INFO] - Saving plots to C:\Users\icyeg\OneDrive\Desktop\Justin\end_time\outputs\2026-02-03\23-35-53
[2026-02-03 23:50:02,662][root][INFO] - ==================
[2026-02-03 23:50:02,662][root][INFO] - Starting Epoch 50.
[2026-02-03 23:50:19,525][root][INFO] - Evaluating Model.
[2026-02-03 23:50:19,706][root][INFO] - {'loss': 0.05166137973719742, 'accuracy': np.float32(0.9785156), 'accuracy_std': np.float32(0.006407819), 'confusion_matrix': <Figure size 3200x3200 with 1 Axes>, 'learning_rate': 0.00793751602620682, 'epoch_duration': 16.86285400390625}
[2026-02-03 23:50:19,706][root][INFO] - Saving plots to C:\Users\icyeg\OneDrive\Desktop\Justin\end_time\outputs\2026-02-03\23-35-53
[2026-02-03 23:50:19,918][root][INFO] - ==================
[2026-02-03 23:50:19,918][root][INFO] - Starting Epoch 51.
[2026-02-03 23:50:36,665][root][INFO] - Evaluating Model.
[2026-02-03 23:50:36,845][root][INFO] - {'loss': 0.05100840740487911, 'accuracy': np.float32(0.9746094), 'accuracy_std': np.float32(0.006952116), 'confusion_matrix': <Figure size 3200x3200 with 1 Axes>, 'learning_rate': 0.007753030618075434, 'epoch_duration': 16.747262477874756}
[2026-02-03 23:50:36,845][root][INFO] - Saving plots to C:\Users\icyeg\OneDrive\Desktop\Justin\end_time\outputs\2026-02-03\23-35-53
[2026-02-03 23:50:37,055][root][INFO] - ==================
[2026-02-03 23:50:37,055][root][INFO] - Starting Epoch 52.
[2026-02-03 23:50:53,882][root][INFO] - Evaluating Model.
[2026-02-03 23:50:54,067][root][INFO] - {'loss': 0.042703998333308846, 'accuracy': np.float32(0.984375), 'accuracy_std': np.float32(0.0054809432), 'confusion_matrix': <Figure size 3200x3200 with 1 Axes>, 'learning_rate': 0.007563001012937137, 'epoch_duration': 16.82750940322876}
[2026-02-03 23:50:54,068][root][INFO] - Saving plots to C:\Users\icyeg\OneDrive\Desktop\Justin\end_time\outputs\2026-02-03\23-35-53
[2026-02-03 23:50:54,282][root][INFO] - ==================
[2026-02-03 23:50:54,282][root][INFO] - Starting Epoch 53.
[2026-02-03 23:51:11,087][root][INFO] - Evaluating Model.
[2026-02-03 23:51:11,267][root][INFO] - {'loss': 0.040368400819716044, 'accuracy': np.float32(0.9785156), 'accuracy_std': np.float32(0.006407819), 'confusion_matrix': <Figure size 3200x3200 with 1 Axes>, 'learning_rate': 0.007367809905127035, 'epoch_duration': 16.80412268638611}
[2026-02-03 23:51:11,267][root][INFO] - Saving plots to C:\Users\icyeg\OneDrive\Desktop\Justin\end_time\outputs\2026-02-03\23-35-53
[2026-02-03 23:51:11,681][root][INFO] - ==================
[2026-02-03 23:51:11,681][root][INFO] - Starting Epoch 54.
[2026-02-03 23:51:28,533][root][INFO] - Evaluating Model.
[2026-02-03 23:51:28,716][root][INFO] - {'loss': 0.042779144569067284, 'accuracy': np.float32(0.9824219), 'accuracy_std': np.float32(0.0058076484), 'confusion_matrix': <Figure size 3200x3200 with 1 Axes>, 'learning_rate': 0.007167850383559715, 'epoch_duration': 16.852197885513306}
[2026-02-03 23:51:28,716][root][INFO] - Saving plots to C:\Users\icyeg\OneDrive\Desktop\Justin\end_time\outputs\2026-02-03\23-35-53
[2026-02-03 23:51:28,930][root][INFO] - ==================
[2026-02-03 23:51:28,930][root][INFO] - Starting Epoch 55.
[2026-02-03 23:51:45,695][root][INFO] - Evaluating Model.
[2026-02-03 23:51:45,880][root][INFO] - {'loss': 0.03921680968051078, 'accuracy': np.float32(0.9765625), 'accuracy_std': np.float32(0.0066860663), 'confusion_matrix': <Figure size 3200x3200 with 1 Axes>, 'learning_rate': 0.006963525140100471, 'epoch_duration': 16.765349626541138}
[2026-02-03 23:51:45,880][root][INFO] - Saving plots to C:\Users\icyeg\OneDrive\Desktop\Justin\end_time\outputs\2026-02-03\23-35-53
[2026-02-03 23:51:46,093][root][INFO] - ==================
[2026-02-03 23:51:46,093][root][INFO] - Starting Epoch 56.
[2026-02-03 23:52:03,270][root][INFO] - Evaluating Model.
[2026-02-03 23:52:03,462][root][INFO] - {'loss': 0.0371872431205702, 'accuracy': np.float32(0.9941406), 'accuracy_std': np.float32(0.0033729863), 'confusion_matrix': <Figure size 3200x3200 with 1 Axes>, 'learning_rate': 0.006755245658597493, 'epoch_duration': 17.177356958389282}
[2026-02-03 23:52:03,462][root][INFO] - Saving plots to C:\Users\icyeg\OneDrive\Desktop\Justin\end_time\outputs\2026-02-03\23-35-53
[2026-02-03 23:52:03,680][root][INFO] - ==================
[2026-02-03 23:52:03,680][root][INFO] - Starting Epoch 57.
[2026-02-03 23:52:21,071][root][INFO] - Evaluating Model.
[2026-02-03 23:52:21,259][root][INFO] - {'loss': 0.0400086423906032, 'accuracy': np.float32(0.9863281), 'accuracy_std': np.float32(0.0051320367), 'confusion_matrix': <Figure size 3200x3200 with 1 Axes>, 'learning_rate': 0.006543431386208144, 'epoch_duration': 17.39106297492981}
[2026-02-03 23:52:21,259][root][INFO] - Saving plots to C:\Users\icyeg\OneDrive\Desktop\Justin\end_time\outputs\2026-02-03\23-35-53
[2026-02-03 23:52:21,476][root][INFO] - ==================
[2026-02-03 23:52:21,476][root][INFO] - Starting Epoch 58.
[2026-02-03 23:52:38,600][root][INFO] - Evaluating Model.
[2026-02-03 23:52:38,788][root][INFO] - {'loss': 0.03873038512392668, 'accuracy': np.float32(0.9746094), 'accuracy_std': np.float32(0.006952116), 'confusion_matrix': <Figure size 3200x3200 with 1 Axes>, 'learning_rate': 0.0063285088886882186, 'epoch_duration': 17.123757362365723}
[2026-02-03 23:52:38,788][root][INFO] - Saving plots to C:\Users\icyeg\OneDrive\Desktop\Justin\end_time\outputs\2026-02-03\23-35-53
[2026-02-03 23:52:39,211][root][INFO] - ==================
[2026-02-03 23:52:39,211][root][INFO] - Starting Epoch 59.
[2026-02-03 23:52:56,148][root][INFO] - Evaluating Model.
[2026-02-03 23:52:56,334][root][INFO] - {'loss': 0.037167576141655445, 'accuracy': np.float32(0.9863281), 'accuracy_std': np.float32(0.0051320367), 'confusion_matrix': <Figure size 3200x3200 with 1 Axes>, 'learning_rate': 0.006110910991345269, 'epoch_duration': 16.93647074699402}
[2026-02-03 23:52:56,334][root][INFO] - Saving plots to C:\Users\icyeg\OneDrive\Desktop\Justin\end_time\outputs\2026-02-03\23-35-53
[2026-02-03 23:52:56,550][root][INFO] - ==================
[2026-02-03 23:52:56,551][root][INFO] - Starting Epoch 60.
[2026-02-03 23:53:13,768][root][INFO] - Evaluating Model.
[2026-02-03 23:53:13,983][root][INFO] - {'loss': 0.039340790623100474, 'accuracy': np.float32(0.9921875), 'accuracy_std': np.float32(0.0038909612), 'confusion_matrix': <Figure size 3200x3200 with 1 Axes>, 'learning_rate': 0.005891075907386043, 'epoch_duration': 17.216590642929077}
[2026-02-03 23:53:13,983][root][INFO] - Saving plots to C:\Users\icyeg\OneDrive\Desktop\Justin\end_time\outputs\2026-02-03\23-35-53
[2026-02-03 23:53:14,226][root][INFO] - ==================
[2026-02-03 23:53:14,228][root][INFO] - Starting Epoch 61.
[2026-02-03 23:53:31,119][root][INFO] - Evaluating Model.
[2026-02-03 23:53:31,300][root][INFO] - {'loss': 0.035671705270942766, 'accuracy': np.float32(0.984375), 'accuracy_std': np.float32(0.0054809432), 'confusion_matrix': <Figure size 3200x3200 with 1 Axes>, 'learning_rate': 0.005669446355413406, 'epoch_duration': 16.89147400856018}
[2026-02-03 23:53:31,302][root][INFO] - Saving plots to C:\Users\icyeg\OneDrive\Desktop\Justin\end_time\outputs\2026-02-03\23-35-53
[2026-02-03 23:53:31,511][root][INFO] - ==================
[2026-02-03 23:53:31,511][root][INFO] - Starting Epoch 62.
[2026-02-03 23:53:48,842][root][INFO] - Evaluating Model.
[2026-02-03 23:53:49,044][root][INFO] - {'loss': 0.0328128990586265, 'accuracy': np.float32(0.98828125), 'accuracy_std': np.float32(0.004756045), 'confusion_matrix': <Figure size 3200x3200 with 1 Axes>, 'learning_rate': 0.005446468667849986, 'epoch_duration': 17.331390857696533}
[2026-02-03 23:53:49,044][root][INFO] - Saving plots to C:\Users\icyeg\OneDrive\Desktop\Justin\end_time\outputs\2026-02-03\23-35-53
[2026-02-03 23:53:49,308][root][INFO] - ==================
[2026-02-03 23:53:49,308][root][INFO] - Starting Epoch 63.
[2026-02-03 23:54:07,012][root][INFO] - Evaluating Model.
[2026-02-03 23:54:07,201][root][INFO] - {'loss': 0.03774925299512688, 'accuracy': np.float32(0.9902344), 'accuracy_std': np.float32(0.004345943), 'confusion_matrix': <Figure size 3200x3200 with 1 Axes>, 'learning_rate': 0.005222591892084077, 'epoch_duration': 17.70335817337036}
[2026-02-03 23:54:07,201][root][INFO] - Saving plots to C:\Users\icyeg\OneDrive\Desktop\Justin\end_time\outputs\2026-02-03\23-35-53
[2026-02-03 23:54:07,654][root][INFO] - ==================
[2026-02-03 23:54:07,656][root][INFO] - Starting Epoch 64.
[2026-02-03 23:54:24,789][root][INFO] - Evaluating Model.
[2026-02-03 23:54:24,979][root][INFO] - {'loss': 0.034406404512992594, 'accuracy': np.float32(0.98828125), 'accuracy_std': np.float32(0.004756045), 'confusion_matrix': <Figure size 3200x3200 with 1 Axes>, 'learning_rate': 0.004998266886147963, 'epoch_duration': 17.13378119468689}
[2026-02-03 23:54:24,979][root][INFO] - Saving plots to C:\Users\icyeg\OneDrive\Desktop\Justin\end_time\outputs\2026-02-03\23-35-53
[2026-02-03 23:54:25,201][root][INFO] - ==================
[2026-02-03 23:54:25,201][root][INFO] - Starting Epoch 65.
[2026-02-03 23:54:43,083][root][INFO] - Evaluating Model.
[2026-02-03 23:54:43,282][root][INFO] - {'loss': 0.03805643924715696, 'accuracy': np.float32(0.9863281), 'accuracy_std': np.float32(0.0051320367), 'confusion_matrix': <Figure size 3200x3200 with 1 Axes>, 'learning_rate': 0.00477394541074984, 'epoch_duration': 17.880409717559814}
[2026-02-03 23:54:43,283][root][INFO] - Saving plots to C:\Users\icyeg\OneDrive\Desktop\Justin\end_time\outputs\2026-02-03\23-35-53
[2026-02-03 23:54:43,514][root][INFO] - ==================
[2026-02-03 23:54:43,514][root][INFO] - Starting Epoch 66.
[2026-02-03 23:55:00,827][root][INFO] - Evaluating Model.
[2026-02-03 23:55:01,021][root][INFO] - {'loss': 0.03251295355585171, 'accuracy': np.float32(0.9863281), 'accuracy_std': np.float32(0.0051320367), 'confusion_matrix': <Figure size 3200x3200 with 1 Axes>, 'learning_rate': 0.004550079219487864, 'epoch_duration': 17.31228804588318}
[2026-02-03 23:55:01,021][root][INFO] - Saving plots to C:\Users\icyeg\OneDrive\Desktop\Justin\end_time\outputs\2026-02-03\23-35-53
[2026-02-03 23:55:01,245][root][INFO] - ==================
[2026-02-03 23:55:01,247][root][INFO] - Starting Epoch 67.
[2026-02-03 23:55:18,130][root][INFO] - Evaluating Model.
[2026-02-03 23:55:18,312][root][INFO] - {'loss': 0.03524290127825225, 'accuracy': np.float32(0.9921875), 'accuracy_std': np.float32(0.0038909612), 'confusion_matrix': <Figure size 3200x3200 with 1 Axes>, 'learning_rate': 0.004327119149078539, 'epoch_duration': 16.883180618286133}
[2026-02-03 23:55:18,314][root][INFO] - Saving plots to C:\Users\icyeg\OneDrive\Desktop\Justin\end_time\outputs\2026-02-03\23-35-53
[2026-02-03 23:55:18,538][root][INFO] - ==================
[2026-02-03 23:55:18,538][root][INFO] - Starting Epoch 68.
[2026-02-03 23:55:35,379][root][INFO] - Evaluating Model.
[2026-02-03 23:55:35,781][root][INFO] - {'loss': 0.03200674370600609, 'accuracy': np.float32(0.98828125), 'accuracy_std': np.float32(0.004756045), 'confusion_matrix': <Figure size 3200x3200 with 1 Axes>, 'learning_rate': 0.0041055142114315565, 'epoch_duration': 16.840728282928467}
[2026-02-03 23:55:35,781][root][INFO] - Saving plots to C:\Users\icyeg\OneDrive\Desktop\Justin\end_time\outputs\2026-02-03\23-35-53
[2026-02-03 23:55:35,994][root][INFO] - ==================
[2026-02-03 23:55:35,994][root][INFO] - Starting Epoch 69.
[2026-02-03 23:55:53,197][root][INFO] - Evaluating Model.
[2026-02-03 23:55:53,391][root][INFO] - {'loss': 0.03303641341335606, 'accuracy': np.float32(1.0), 'accuracy_std': np.float32(0.0), 'confusion_matrix': <Figure size 3200x3200 with 1 Axes>, 'learning_rate': 0.003885710689399566, 'epoch_duration': 17.20316195487976}
[2026-02-03 23:55:53,391][root][INFO] - Saving plots to C:\Users\icyeg\OneDrive\Desktop\Justin\end_time\outputs\2026-02-03\23-35-53
[2026-02-03 23:55:53,619][root][INFO] - ==================
[2026-02-03 23:55:53,621][root][INFO] - Starting Epoch 70.
[2026-02-03 23:56:10,739][root][INFO] - Evaluating Model.
[2026-02-03 23:56:10,927][root][INFO] - {'loss': 0.02774635815876536, 'accuracy': np.float32(0.9902344), 'accuracy_std': np.float32(0.004345943), 'confusion_matrix': <Figure size 3200x3200 with 1 Axes>, 'learning_rate': 0.003668151238023914, 'epoch_duration': 17.118127584457397}
[2026-02-03 23:56:10,927][root][INFO] - Saving plots to C:\Users\icyeg\OneDrive\Desktop\Justin\end_time\outputs\2026-02-03\23-35-53
[2026-02-03 23:56:11,145][root][INFO] - ==================
[2026-02-03 23:56:11,145][root][INFO] - Starting Epoch 71.
[2026-02-03 23:56:27,928][root][INFO] - Evaluating Model.
[2026-02-03 23:56:28,111][root][INFO] - {'loss': 0.02831543439242523, 'accuracy': np.float32(0.9941406), 'accuracy_std': np.float32(0.0033729863), 'confusion_matrix': <Figure size 3200x3200 with 1 Axes>, 'learning_rate': 0.0034532739930862835, 'epoch_duration': 16.782469987869263}
[2026-02-03 23:56:28,111][root][INFO] - Saving plots to C:\Users\icyeg\OneDrive\Desktop\Justin\end_time\outputs\2026-02-03\23-35-53
[2026-02-03 23:56:28,331][root][INFO] - ==================
[2026-02-03 23:56:28,331][root][INFO] - Starting Epoch 72.
[2026-02-03 23:56:45,382][root][INFO] - Evaluating Model.
[2026-02-03 23:56:45,601][root][INFO] - {'loss': 0.028370073345286073, 'accuracy': np.float32(0.9902344), 'accuracy_std': np.float32(0.004345943), 'confusion_matrix': <Figure size 3200x3200 with 1 Axes>, 'learning_rate': 0.0032415116887615516, 'epoch_duration': 17.04893922805786}
[2026-02-03 23:56:45,602][root][INFO] - Saving plots to C:\Users\icyeg\OneDrive\Desktop\Justin\end_time\outputs\2026-02-03\23-35-53
[2026-02-03 23:56:45,842][root][INFO] - ==================
[2026-02-03 23:56:45,843][root][INFO] - Starting Epoch 73.
[2026-02-03 23:57:02,853][root][INFO] - Evaluating Model.
[2026-02-03 23:57:03,042][root][INFO] - {'loss': 0.027634524354652967, 'accuracy': np.float32(0.9902344), 'accuracy_std': np.float32(0.004345943), 'confusion_matrix': <Figure size 3200x3200 with 1 Axes>, 'learning_rate': 0.0030332907861487447, 'epoch_duration': 17.009904861450195}
[2026-02-03 23:57:03,042][root][INFO] - Saving plots to C:\Users\icyeg\OneDrive\Desktop\Justin\end_time\outputs\2026-02-03\23-35-53
[2026-02-03 23:57:03,485][root][INFO] - ==================
[2026-02-03 23:57:03,487][root][INFO] - Starting Epoch 74.
[2026-02-03 23:57:20,402][root][INFO] - Evaluating Model.
[2026-02-03 23:57:20,595][root][INFO] - {'loss': 0.025838482932158513, 'accuracy': np.float32(0.9921875), 'accuracy_std': np.float32(0.0038909612), 'confusion_matrix': <Figure size 3200x3200 with 1 Axes>, 'learning_rate': 0.00282903061443514, 'epoch_duration': 16.915395736694336}
[2026-02-03 23:57:20,595][root][INFO] - Saving plots to C:\Users\icyeg\OneDrive\Desktop\Justin\end_time\outputs\2026-02-03\23-35-53
[2026-02-03 23:57:20,811][root][INFO] - ==================
[2026-02-03 23:57:20,812][root][INFO] - Starting Epoch 75.
[2026-02-03 23:57:37,748][root][INFO] - Evaluating Model.
[2026-02-03 23:57:37,937][root][INFO] - {'loss': 0.0252853489255358, 'accuracy': np.float32(0.99609375), 'accuracy_std': np.float32(0.0027567358), 'confusion_matrix': <Figure size 3200x3200 with 1 Axes>, 'learning_rate': 0.0026291425264230862, 'epoch_duration': 16.936142206192017}
[2026-02-03 23:57:37,937][root][INFO] - Saving plots to C:\Users\icyeg\OneDrive\Desktop\Justin\end_time\outputs\2026-02-03\23-35-53
[2026-02-03 23:57:38,159][root][INFO] - ==================
[2026-02-03 23:57:38,159][root][INFO] - Starting Epoch 76.
[2026-02-03 23:57:55,137][root][INFO] - Evaluating Model.
[2026-02-03 23:57:55,324][root][INFO] - {'loss': 0.02647011959197698, 'accuracy': np.float32(0.984375), 'accuracy_std': np.float32(0.0054809432), 'confusion_matrix': <Figure size 3200x3200 with 1 Axes>, 'learning_rate': 0.002434029070120209, 'epoch_duration': 16.97884178161621}
[2026-02-03 23:57:55,324][root][INFO] - Saving plots to C:\Users\icyeg\OneDrive\Desktop\Justin\end_time\outputs\2026-02-03\23-35-53
[2026-02-03 23:57:55,552][root][INFO] - ==================
[2026-02-03 23:57:55,552][root][INFO] - Starting Epoch 77.
[2026-02-03 23:58:12,659][root][INFO] - Evaluating Model.
[2026-02-03 23:58:12,868][root][INFO] - {'loss': 0.02353257410140941, 'accuracy': np.float32(0.984375), 'accuracy_std': np.float32(0.0054809432), 'confusion_matrix': <Figure size 3200x3200 with 1 Axes>, 'learning_rate': 0.00224408317806129, 'epoch_duration': 17.107542276382446}
[2026-02-03 23:58:12,868][root][INFO] - Saving plots to C:\Users\icyeg\OneDrive\Desktop\Justin\end_time\outputs\2026-02-03\23-35-53
[2026-02-03 23:58:13,106][root][INFO] - ==================
[2026-02-03 23:58:13,106][root][INFO] - Starting Epoch 78.
[2026-02-03 23:58:30,408][root][INFO] - Evaluating Model.
[2026-02-03 23:58:30,849][root][INFO] - {'loss': 0.02245056544416002, 'accuracy': np.float32(0.9941406), 'accuracy_std': np.float32(0.0033729863), 'confusion_matrix': <Figure size 3200x3200 with 1 Axes>, 'learning_rate': 0.002059687375994437, 'epoch_duration': 17.301828622817993}
[2026-02-03 23:58:30,850][root][INFO] - Saving plots to C:\Users\icyeg\OneDrive\Desktop\Justin\end_time\outputs\2026-02-03\23-35-53
[2026-02-03 23:58:31,087][root][INFO] - ==================
[2026-02-03 23:58:31,087][root][INFO] - Starting Epoch 79.
[2026-02-03 23:58:48,129][root][INFO] - Evaluating Model.
[2026-02-03 23:58:48,314][root][INFO] - {'loss': 0.023091054739779793, 'accuracy': np.float32(0.9863281), 'accuracy_std': np.float32(0.0051320367), 'confusion_matrix': <Figure size 3200x3200 with 1 Axes>, 'learning_rate': 0.001881213012525135, 'epoch_duration': 17.04210066795349}
[2026-02-03 23:58:48,314][root][INFO] - Saving plots to C:\Users\icyeg\OneDrive\Desktop\Justin\end_time\outputs\2026-02-03\23-35-53
[2026-02-03 23:58:48,537][root][INFO] - ==================
[2026-02-03 23:58:48,537][root][INFO] - Starting Epoch 80.
[2026-02-03 23:59:05,856][root][INFO] - Evaluating Model.
[2026-02-03 23:59:06,048][root][INFO] - {'loss': 0.022820236001280136, 'accuracy': np.float32(0.9902344), 'accuracy_std': np.float32(0.004345943), 'confusion_matrix': <Figure size 3200x3200 with 1 Axes>, 'learning_rate': 0.0017090195112695731, 'epoch_duration': 17.3183171749115}
[2026-02-03 23:59:06,049][root][INFO] - Saving plots to C:\Users\icyeg\OneDrive\Desktop\Justin\end_time\outputs\2026-02-03\23-35-53
[2026-02-03 23:59:06,277][root][INFO] - ==================
[2026-02-03 23:59:06,277][root][INFO] - Starting Epoch 81.
[2026-02-03 23:59:23,670][root][INFO] - Evaluating Model.
[2026-02-03 23:59:23,871][root][INFO] - {'loss': 0.023763801447785227, 'accuracy': np.float32(0.99609375), 'accuracy_std': np.float32(0.0027567358), 'confusion_matrix': <Figure size 3200x3200 with 1 Axes>, 'learning_rate': 0.0015434536470233158, 'epoch_duration': 17.392574071884155}
[2026-02-03 23:59:23,871][root][INFO] - Saving plots to C:\Users\icyeg\OneDrive\Desktop\Justin\end_time\outputs\2026-02-03\23-35-53
[2026-02-03 23:59:24,111][root][INFO] - ==================
[2026-02-03 23:59:24,111][root][INFO] - Starting Epoch 82.
[2026-02-03 23:59:41,311][root][INFO] - Evaluating Model.
[2026-02-03 23:59:41,512][root][INFO] - {'loss': 0.023689082667260664, 'accuracy': np.float32(0.98828125), 'accuracy_std': np.float32(0.004756045), 'confusion_matrix': <Figure size 3200x3200 with 1 Axes>, 'learning_rate': 0.001384848847403015, 'epoch_duration': 17.20023250579834}
[2026-02-03 23:59:41,512][root][INFO] - Saving plots to C:\Users\icyeg\OneDrive\Desktop\Justin\end_time\outputs\2026-02-03\23-35-53
[2026-02-03 23:59:41,731][root][INFO] - ==================
[2026-02-03 23:59:41,731][root][INFO] - Starting Epoch 83.
[2026-02-03 23:59:58,667][root][INFO] - Evaluating Model.
[2026-02-03 23:59:58,851][root][INFO] - {'loss': 0.021261574218442547, 'accuracy': np.float32(0.9980469), 'accuracy_std': np.float32(0.0019512167), 'confusion_matrix': <Figure size 3200x3200 with 1 Axes>, 'learning_rate': 0.0012335245213675626, 'epoch_duration': 16.935285329818726}
[2026-02-03 23:59:58,851][root][INFO] - Saving plots to C:\Users\icyeg\OneDrive\Desktop\Justin\end_time\outputs\2026-02-03\23-35-53
[2026-02-03 23:59:59,283][root][INFO] - ==================
[2026-02-03 23:59:59,283][root][INFO] - Starting Epoch 84.
[2026-02-04 00:00:16,133][root][INFO] - Evaluating Model.
[2026-02-04 00:00:16,323][root][INFO] - {'loss': 0.019448803719569696, 'accuracy': np.float32(0.9941406), 'accuracy_std': np.float32(0.0033729863), 'confusion_matrix': <Figure size 3200x3200 with 1 Axes>, 'learning_rate': 0.0010897854159709543, 'epoch_duration': 16.849823474884033}
[2026-02-04 00:00:16,323][root][INFO] - Saving plots to C:\Users\icyeg\OneDrive\Desktop\Justin\end_time\outputs\2026-02-03\23-35-53
[2026-02-04 00:00:16,537][root][INFO] - ==================
[2026-02-04 00:00:16,537][root][INFO] - Starting Epoch 85.
[2026-02-04 00:00:33,509][root][INFO] - Evaluating Model.
[2026-02-04 00:00:33,696][root][INFO] - {'loss': 0.019861109376506647, 'accuracy': np.float32(0.99609375), 'accuracy_std': np.float32(0.0027567358), 'confusion_matrix': <Figure size 3200x3200 with 1 Axes>, 'learning_rate': 0.0009539210026422808, 'epoch_duration': 16.971717357635498}
[2026-02-04 00:00:33,696][root][INFO] - Saving plots to C:\Users\icyeg\OneDrive\Desktop\Justin\end_time\outputs\2026-02-03\23-35-53
[2026-02-04 00:00:33,906][root][INFO] - ==================
[2026-02-04 00:00:33,906][root][INFO] - Starting Epoch 86.
[2026-02-04 00:00:51,388][root][INFO] - Evaluating Model.
[2026-02-04 00:00:51,596][root][INFO] - {'loss': 0.019581856078730198, 'accuracy': np.float32(0.99609375), 'accuracy_std': np.float32(0.0027567358), 'confusion_matrix': <Figure size 3200x3200 with 1 Axes>, 'learning_rate': 0.0008262048942287929, 'epoch_duration': 17.482460737228394}
[2026-02-04 00:00:51,596][root][INFO] - Saving plots to C:\Users\icyeg\OneDrive\Desktop\Justin\end_time\outputs\2026-02-03\23-35-53
[2026-02-04 00:00:51,837][root][INFO] - ==================
[2026-02-04 00:00:51,837][root][INFO] - Starting Epoch 87.
[2026-02-04 00:01:09,336][root][INFO] - Evaluating Model.
[2026-02-04 00:01:09,541][root][INFO] - {'loss': 0.018869787607400212, 'accuracy': np.float32(0.99609375), 'accuracy_std': np.float32(0.0027567358), 'confusion_matrix': <Figure size 3200x3200 with 1 Axes>, 'learning_rate': 0.0007068942939760394, 'epoch_duration': 17.499265670776367}
[2026-02-04 00:01:09,542][root][INFO] - Saving plots to C:\Users\icyeg\OneDrive\Desktop\Justin\end_time\outputs\2026-02-03\23-35-53
[2026-02-04 00:01:09,773][root][INFO] - ==================
[2026-02-04 00:01:09,773][root][INFO] - Starting Epoch 88.
[2026-02-04 00:01:26,213][root][INFO] - Evaluating Model.
[2026-02-04 00:01:26,380][root][INFO] - {'loss': 0.02132055626134388, 'accuracy': np.float32(0.9921875), 'accuracy_std': np.float32(0.0038909612), 'confusion_matrix': <Figure size 3200x3200 with 1 Axes>, 'learning_rate': 0.0005962294775547619, 'epoch_duration': 16.439897775650024}
[2026-02-04 00:01:26,380][root][INFO] - Saving plots to C:\Users\icyeg\OneDrive\Desktop\Justin\end_time\outputs\2026-02-03\23-35-53
[2026-02-04 00:01:26,773][root][INFO] - ==================
[2026-02-04 00:01:26,773][root][INFO] - Starting Epoch 89.
[2026-02-04 00:01:43,263][root][INFO] - Evaluating Model.
[2026-02-04 00:01:43,437][root][INFO] - {'loss': 0.020849550746788736, 'accuracy': np.float32(0.99609375), 'accuracy_std': np.float32(0.0027567358), 'confusion_matrix': <Figure size 3200x3200 with 1 Axes>, 'learning_rate': 0.0004944333091776672, 'epoch_duration': 16.489537954330444}
[2026-02-04 00:01:43,437][root][INFO] - Saving plots to C:\Users\icyeg\OneDrive\Desktop\Justin\end_time\outputs\2026-02-03\23-35-53
[2026-02-04 00:01:43,642][root][INFO] - ==================
[2026-02-04 00:01:43,642][root][INFO] - Starting Epoch 90.
[2026-02-04 00:01:59,850][root][INFO] - Evaluating Model.
[2026-02-04 00:02:00,041][root][INFO] - {'loss': 0.018428831059281947, 'accuracy': np.float32(0.9921875), 'accuracy_std': np.float32(0.0038909612), 'confusion_matrix': <Figure size 3200x3200 with 1 Axes>, 'learning_rate': 0.0004017107927805653, 'epoch_duration': 16.20814323425293}
[2026-02-04 00:02:00,041][root][INFO] - Saving plots to C:\Users\icyeg\OneDrive\Desktop\Justin\end_time\outputs\2026-02-03\23-35-53
[2026-02-04 00:02:00,264][root][INFO] - ==================
[2026-02-04 00:02:00,264][root][INFO] - Starting Epoch 91.
[2026-02-04 00:02:16,429][root][INFO] - Evaluating Model.
[2026-02-04 00:02:16,619][root][INFO] - {'loss': 0.019189656202797778, 'accuracy': np.float32(0.99609375), 'accuracy_std': np.float32(0.0027567358), 'confusion_matrix': <Figure size 3200x3200 with 1 Axes>, 'learning_rate': 0.0003182486591717237, 'epoch_duration': 16.16562271118164}
[2026-02-04 00:02:16,619][root][INFO] - Saving plots to C:\Users\icyeg\OneDrive\Desktop\Justin\end_time\outputs\2026-02-03\23-35-53
[2026-02-04 00:02:16,810][root][INFO] - ==================
[2026-02-04 00:02:16,810][root][INFO] - Starting Epoch 92.
[2026-02-04 00:02:33,663][root][INFO] - Evaluating Model.
[2026-02-04 00:02:33,856][root][INFO] - {'loss': 0.01858966739018797, 'accuracy': np.float32(0.9941406), 'accuracy_std': np.float32(0.0033729863), 'confusion_matrix': <Figure size 3200x3200 with 1 Axes>, 'learning_rate': 0.0002442149899808703, 'epoch_duration': 16.85319972038269}
[2026-02-04 00:02:33,856][root][INFO] - Saving plots to C:\Users\icyeg\OneDrive\Desktop\Justin\end_time\outputs\2026-02-03\23-35-53
[2026-02-04 00:02:34,067][root][INFO] - ==================
[2026-02-04 00:02:34,067][root][INFO] - Starting Epoch 93.
[2026-02-04 00:02:50,431][root][INFO] - Evaluating Model.
[2026-02-04 00:02:50,614][root][INFO] - {'loss': 0.01890609975453117, 'accuracy': np.float32(0.9941406), 'accuracy_std': np.float32(0.0033729863), 'confusion_matrix': <Figure size 3200x3200 with 1 Axes>, 'learning_rate': 0.0001797588791651607, 'epoch_duration': 16.364560842514038}
[2026-02-04 00:02:50,614][root][INFO] - Saving plots to C:\Users\icyeg\OneDrive\Desktop\Justin\end_time\outputs\2026-02-03\23-35-53
[2026-02-04 00:02:51,065][root][INFO] - ==================
[2026-02-04 00:02:51,065][root][INFO] - Starting Epoch 94.
[2026-02-04 00:03:07,444][root][INFO] - Evaluating Model.
[2026-02-04 00:03:07,635][root][INFO] - {'loss': 0.019471848809189396, 'accuracy': np.float32(0.9941406), 'accuracy_std': np.float32(0.0033729863), 'confusion_matrix': <Figure size 3200x3200 with 1 Axes>, 'learning_rate': 0.00012501013275378816, 'epoch_duration': 16.377591371536255}
[2026-02-04 00:03:07,635][root][INFO] - Saving plots to C:\Users\icyeg\OneDrive\Desktop\Justin\end_time\outputs\2026-02-03\23-35-53
[2026-02-04 00:03:07,841][root][INFO] - ==================
[2026-02-04 00:03:07,841][root][INFO] - Starting Epoch 95.
[2026-02-04 00:03:24,275][root][INFO] - Evaluating Model.
[2026-02-04 00:03:24,455][root][INFO] - {'loss': 0.01849887957723695, 'accuracy': np.float32(0.9902344), 'accuracy_std': np.float32(0.004345943), 'confusion_matrix': <Figure size 3200x3200 with 1 Axes>, 'learning_rate': 8.007900743591894e-05, 'epoch_duration': 16.434943914413452}
[2026-02-04 00:03:24,455][root][INFO] - Saving plots to C:\Users\icyeg\OneDrive\Desktop\Justin\end_time\outputs\2026-02-03\23-35-53
[2026-02-04 00:03:24,677][root][INFO] - ==================
[2026-02-04 00:03:24,677][root][INFO] - Starting Epoch 96.
[2026-02-04 00:03:40,777][root][INFO] - Evaluating Model.
[2026-02-04 00:03:40,966][root][INFO] - {'loss': 0.01832444697720348, 'accuracy': np.float32(0.9941406), 'accuracy_std': np.float32(0.0033729863), 'confusion_matrix': <Figure size 3200x3200 with 1 Axes>, 'learning_rate': 4.505598851839035e-05, 'epoch_duration': 16.099732637405396}
[2026-02-04 00:03:40,966][root][INFO] - Saving plots to C:\Users\icyeg\OneDrive\Desktop\Justin\end_time\outputs\2026-02-03\23-35-53
[2026-02-04 00:03:41,175][root][INFO] - ==================
[2026-02-04 00:03:41,175][root][INFO] - Starting Epoch 97.
[2026-02-04 00:03:57,527][root][INFO] - Evaluating Model.
[2026-02-04 00:03:57,699][root][INFO] - {'loss': 0.018671890771656763, 'accuracy': np.float32(0.9980469), 'accuracy_std': np.float32(0.0019512167), 'confusion_matrix': <Figure size 3200x3200 with 1 Axes>, 'learning_rate': 2.0011607700347206e-05, 'epoch_duration': 16.350213050842285}
[2026-02-04 00:03:57,699][root][INFO] - Saving plots to C:\Users\icyeg\OneDrive\Desktop\Justin\end_time\outputs\2026-02-03\23-35-53
[2026-02-04 00:03:57,905][root][INFO] - ==================
[2026-02-04 00:03:57,905][root][INFO] - Starting Epoch 98.
[2026-02-04 00:04:13,818][root][INFO] - Evaluating Model.
[2026-02-04 00:04:13,996][root][INFO] - {'loss': 0.01827336804853985, 'accuracy': np.float32(0.9921875), 'accuracy_std': np.float32(0.0038909612), 'confusion_matrix': <Figure size 3200x3200 with 1 Axes>, 'learning_rate': 4.9963010317845574e-06, 'epoch_duration': 15.913366079330444}
[2026-02-04 00:04:13,996][root][INFO] - Saving plots to C:\Users\icyeg\OneDrive\Desktop\Justin\end_time\outputs\2026-02-03\23-35-53
[2026-02-04 00:04:14,207][root][INFO] - ==================
[2026-02-04 00:04:14,207][root][INFO] - Starting Epoch 99.
[2026-02-04 00:04:30,260][root][INFO] - Evaluating Model.
[2026-02-04 00:04:30,650][root][INFO] - {'loss': 0.020326029567513615, 'accuracy': np.float32(0.9921875), 'accuracy_std': np.float32(0.0038909612), 'confusion_matrix': <Figure size 3200x3200 with 1 Axes>, 'learning_rate': 4.030734205644824e-08, 'epoch_duration': 16.05148434638977}
[2026-02-04 00:04:30,651][root][INFO] - Saving plots to C:\Users\icyeg\OneDrive\Desktop\Justin\end_time\outputs\2026-02-03\23-35-53
[2026-02-04 00:04:30,856][root][INFO] - Saving Model.
